<?xml version="1.0" encoding="UTF-8"?>
<testsuites name="O nas" time="210.619" tests="7" failures="4" skips="0" errors="0">
   <testsuite name="O nas" tests="7" failures="4" errors="0" time="210.619" skips="0" timestamp="2021-01-28 15:56:09" hostname="Staz Intersiec - DESKTOP-HO0QCN7" id="Test Suites/O nas">
      <properties>
         <property name="deviceName" value=""/>
         <property name="devicePlatform" value=""/>
         <property name="logFolder" value="C:\\Users\\Staz Intersiec\\Documents\\Aptekarska.pl_UI_Tests\\Reports\\20210128_155538\\O nas\\20210128_155544"/>
         <property name="logFiles" value="C:\\Users\\Staz Intersiec\\Documents\\Aptekarska.pl_UI_Tests\\Reports\\20210128_155538\\O nas\\20210128_155544\\execution0.log"/>
         <property name="attachments" value="C:\\Users\\Staz Intersiec\\Documents\\Aptekarska.pl_UI_Tests\\Reports\\20210128_155538\\O nas\\20210128_155544\\1611845784932.png, C:\\Users\\Staz Intersiec\\Documents\\Aptekarska.pl_UI_Tests\\Reports\\20210128_155538\\O nas\\20210128_155544\\1611845857409.png, C:\\Users\\Staz Intersiec\\Documents\\Aptekarska.pl_UI_Tests\\Reports\\20210128_155538\\O nas\\20210128_155544\\1611845889343.png, C:\\Users\\Staz Intersiec\\Documents\\Aptekarska.pl_UI_Tests\\Reports\\20210128_155538\\O nas\\20210128_155544\\1611845978211.png"/>
         <property name="hostName" value="Staz Intersiec - DESKTOP-HO0QCN7"/>
         <property name="os" value="Windows 10 64bit"/>
         <property name="katalonVersion" value="7.9.0.208"/>
         <property name="browser" value="Chrome 88.0.4324.104"/>
         <property name="hostAddress" value="192.168.50.1"/>
         <property name="sessionId" value="769ff8ebc56d040c7be77e1523dac9ec"/>
         <property name="seleniumVersion" value="3.141.59"/>
         <property name="proxyInformation" value="ProxyInformation { proxyOption=NO_PROXY, proxyServerType=HTTP, username=, password=********, proxyServerAddress=, proxyServerPort=0, executionList=&quot;&quot;, isApplyToDesiredCapabilities=true }"/>
         <property name="platform" value="Windows 10"/>
      </properties>
      <testcase name="Test Cases/O nas/TEMP" time="13.728" classname="Test Cases/O nas/TEMP" status="FAILED">
         <failure type="FAILED" message="Test Cases/O nas/TEMP FAILED.
Reason:
com.kms.katalon.core.exception.StepFailedException: Unable to click on object 'Object Repository/TEMP/Page_Marta Baaziska - Aptekarska Szkoa Zarzdzania/i'
	at com.kms.katalon.core.webui.keyword.internal.WebUIKeywordMain.stepFailed(WebUIKeywordMain.groovy:64)
	at com.kms.katalon.core.webui.keyword.internal.WebUIKeywordMain.runKeyword(WebUIKeywordMain.groovy:26)
	at com.kms.katalon.core.webui.keyword.builtin.ClickKeyword.click(ClickKeyword.groovy:75)
	at com.kms.katalon.core.webui.keyword.builtin.ClickKeyword.execute(ClickKeyword.groovy:42)
	at com.kms.katalon.core.keyword.internal.KeywordExecutor.executeKeywordForPlatform(KeywordExecutor.groovy:73)
	at com.kms.katalon.core.webui.keyword.WebUiBuiltInKeywords.click(WebUiBuiltInKeywords.groovy:619)
	at com.kms.katalon.core.webui.keyword.WebUiBuiltInKeywords$click$1.call(Unknown Source)
	at TEMP.run(TEMP:25)
	at com.kms.katalon.core.main.ScriptEngine.run(ScriptEngine.java:194)
	at com.kms.katalon.core.main.ScriptEngine.runScriptAsRawText(ScriptEngine.java:119)
	at com.kms.katalon.core.main.TestCaseExecutor.runScript(TestCaseExecutor.java:398)
	at com.kms.katalon.core.main.TestCaseExecutor.doExecute(TestCaseExecutor.java:389)
	at com.kms.katalon.core.main.TestCaseExecutor.processExecutionPhase(TestCaseExecutor.java:368)
	at com.kms.katalon.core.main.TestCaseExecutor.accessMainPhase(TestCaseExecutor.java:360)
	at com.kms.katalon.core.main.TestCaseExecutor.execute(TestCaseExecutor.java:255)
	at com.kms.katalon.core.main.TestSuiteExecutor.accessTestCaseMainPhase(TestSuiteExecutor.java:203)
	at com.kms.katalon.core.main.TestSuiteExecutor.accessTestSuiteMainPhase(TestSuiteExecutor.java:152)
	at com.kms.katalon.core.main.TestSuiteExecutor.execute(TestSuiteExecutor.java:95)
	at com.kms.katalon.core.main.TestCaseMain.startTestSuite(TestCaseMain.java:157)
	at com.kms.katalon.core.main.TestCaseMain$startTestSuite$0.call(Unknown Source)
	at TempTestSuite1611845744433.run(TempTestSuite1611845744433.groovy:39)
Caused by: org.openqa.selenium.ElementClickInterceptedException: element click intercepted: Element &lt;i>&lt;/i> is not clickable at point (60, 858). Other element would receive the click: &lt;button title=&quot;Ustawienia prywatności&quot; aria-label=&quot;Ustawienia prywatności&quot; class=&quot;cf3Mob cf2Lf6&quot; data-cookiefirst-button=&quot;primary&quot;>...&lt;/button>
  (Session info: chrome=88.0.4324.104)
Build info: version: '3.141.59', revision: 'e82be7d358', time: '2018-11-14T08:25:53'
System info: host: 'DESKTOP-HO0QCN7', ip: '192.168.50.1', os.name: 'Windows 10', os.arch: 'amd64', os.version: '10.0', java.version: '1.8.0_181'
Driver info: com.kms.katalon.selenium.driver.CChromeDriver
Capabilities {acceptInsecureCerts: false, browserName: chrome, browserVersion: 88.0.4324.104, chrome: {chromedriverVersion: 87.0.4280.88 (89e2380a3e36c..., userDataDir: C:\Users\STAZIN~1\AppData\L...}, goog:chromeOptions: {debuggerAddress: localhost:59978}, javascriptEnabled: true, networkConnectionEnabled: false, pageLoadStrategy: normal, platform: WINDOWS, platformName: WINDOWS, proxy: Proxy(), setWindowRect: true, strictFileInteractability: false, timeouts: {implicit: 0, pageLoad: 300000, script: 30000}, unhandledPromptBehavior: dismiss and notify, webauthn:virtualAuthenticators: true}
Session ID: 5d078c1879953a2b9e87e88665364a1a
	at org.openqa.selenium.remote.http.W3CHttpResponseCodec.createException(W3CHttpResponseCodec.java:187)
	at org.openqa.selenium.remote.http.W3CHttpResponseCodec.decode(W3CHttpResponseCodec.java:122)
	at org.openqa.selenium.remote.http.W3CHttpResponseCodec.decode(W3CHttpResponseCodec.java:49)
	at org.openqa.selenium.remote.HttpCommandExecutor.execute(HttpCommandExecutor.java:158)
	at org.openqa.selenium.remote.service.DriverCommandExecutor.execute(DriverCommandExecutor.java:83)
	at org.openqa.selenium.remote.RemoteWebDriver.execute(RemoteWebDriver.java:552)
	at com.kms.katalon.selenium.driver.CChromeDriver.execute(CChromeDriver.java:19)
	at org.openqa.selenium.remote.RemoteWebElement.execute(RemoteWebElement.java:285)
	at org.openqa.selenium.remote.RemoteWebElement.click(RemoteWebElement.java:84)
	at org.openqa.selenium.support.events.EventFiringWebDriver$EventFiringWebElement.lambda$new$0(EventFiringWebDriver.java:404)
	at com.sun.proxy.$Proxy11.click(Unknown Source)
	at org.openqa.selenium.support.events.EventFiringWebDriver$EventFiringWebElement.click(EventFiringWebDriver.java:417)
	at com.kms.katalon.core.webui.keyword.builtin.ClickKeyword$_click_closure1.doCall(ClickKeyword.groovy:68)
	at com.kms.katalon.core.webui.keyword.builtin.ClickKeyword$_click_closure1.call(ClickKeyword.groovy)
	at com.kms.katalon.core.webui.keyword.internal.WebUIKeywordMain.runKeyword(WebUIKeywordMain.groovy:20)
	... 19 more
"/>
         <system-out><![CDATA[2021-01-28 15:56:11 - [TEST_CASE][FAILED] - Test Cases/O nas/TEMP: Test Cases/O nas/TEMP FAILED.
Reason:
com.kms.katalon.core.exception.StepFailedException: Unable to click on object 'Object Repository/TEMP/Page_Marta Baaziska - Aptekarska Szkoa Zarzdzania/i'
	at com.kms.katalon.core.webui.keyword.internal.WebUIKeywordMain.stepFailed(WebUIKeywordMain.groovy:64)
	at com.kms.katalon.core.webui.keyword.internal.WebUIKeywordMain.runKeyword(WebUIKeywordMain.groovy:26)
	at com.kms.katalon.core.webui.keyword.builtin.ClickKeyword.click(ClickKeyword.groovy:75)
	at com.kms.katalon.core.webui.keyword.builtin.ClickKeyword.execute(ClickKeyword.groovy:42)
	at com.kms.katalon.core.keyword.internal.KeywordExecutor.executeKeywordForPlatform(KeywordExecutor.groovy:73)
	at com.kms.katalon.core.webui.keyword.WebUiBuiltInKeywords.click(WebUiBuiltInKeywords.groovy:619)
	at com.kms.katalon.core.webui.keyword.WebUiBuiltInKeywords$click$1.call(Unknown Source)
	at TEMP.run(TEMP:25)
	at com.kms.katalon.core.main.ScriptEngine.run(ScriptEngine.java:194)
	at com.kms.katalon.core.main.ScriptEngine.runScriptAsRawText(ScriptEngine.java:119)
	at com.kms.katalon.core.main.TestCaseExecutor.runScript(TestCaseExecutor.java:398)
	at com.kms.katalon.core.main.TestCaseExecutor.doExecute(TestCaseExecutor.java:389)
	at com.kms.katalon.core.main.TestCaseExecutor.processExecutionPhase(TestCaseExecutor.java:368)
	at com.kms.katalon.core.main.TestCaseExecutor.accessMainPhase(TestCaseExecutor.java:360)
	at com.kms.katalon.core.main.TestCaseExecutor.execute(TestCaseExecutor.java:255)
	at com.kms.katalon.core.main.TestSuiteExecutor.accessTestCaseMainPhase(TestSuiteExecutor.java:203)
	at com.kms.katalon.core.main.TestSuiteExecutor.accessTestSuiteMainPhase(TestSuiteExecutor.java:152)
	at com.kms.katalon.core.main.TestSuiteExecutor.execute(TestSuiteExecutor.java:95)
	at com.kms.katalon.core.main.TestCaseMain.startTestSuite(TestCaseMain.java:157)
	at com.kms.katalon.core.main.TestCaseMain$startTestSuite$0.call(Unknown Source)
	at TempTestSuite1611845744433.run(TempTestSuite1611845744433.groovy:39)
Caused by: org.openqa.selenium.ElementClickInterceptedException: element click intercepted: Element <i></i> is not clickable at point (60, 858). Other element would receive the click: <button title="Ustawienia prywatności" aria-label="Ustawienia prywatności" class="cf3Mob cf2Lf6" data-cookiefirst-button="primary">...</button>
  (Session info: chrome=88.0.4324.104)
Build info: version: '3.141.59', revision: 'e82be7d358', time: '2018-11-14T08:25:53'
System info: host: 'DESKTOP-HO0QCN7', ip: '192.168.50.1', os.name: 'Windows 10', os.arch: 'amd64', os.version: '10.0', java.version: '1.8.0_181'
Driver info: com.kms.katalon.selenium.driver.CChromeDriver
Capabilities {acceptInsecureCerts: false, browserName: chrome, browserVersion: 88.0.4324.104, chrome: {chromedriverVersion: 87.0.4280.88 (89e2380a3e36c..., userDataDir: C:\Users\STAZIN~1\AppData\L...}, goog:chromeOptions: {debuggerAddress: localhost:59978}, javascriptEnabled: true, networkConnectionEnabled: false, pageLoadStrategy: normal, platform: WINDOWS, platformName: WINDOWS, proxy: Proxy(), setWindowRect: true, strictFileInteractability: false, timeouts: {implicit: 0, pageLoad: 300000, script: 30000}, unhandledPromptBehavior: dismiss and notify, webauthn:virtualAuthenticators: true}
Session ID: 5d078c1879953a2b9e87e88665364a1a
	at org.openqa.selenium.remote.http.W3CHttpResponseCodec.createException(W3CHttpResponseCodec.java:187)
	at org.openqa.selenium.remote.http.W3CHttpResponseCodec.decode(W3CHttpResponseCodec.java:122)
	at org.openqa.selenium.remote.http.W3CHttpResponseCodec.decode(W3CHttpResponseCodec.java:49)
	at org.openqa.selenium.remote.HttpCommandExecutor.execute(HttpCommandExecutor.java:158)
	at org.openqa.selenium.remote.service.DriverCommandExecutor.execute(DriverCommandExecutor.java:83)
	at org.openqa.selenium.remote.RemoteWebDriver.execute(RemoteWebDriver.java:552)
	at com.kms.katalon.selenium.driver.CChromeDriver.execute(CChromeDriver.java:19)
	at org.openqa.selenium.remote.RemoteWebElement.execute(RemoteWebElement.java:285)
	at org.openqa.selenium.remote.RemoteWebElement.click(RemoteWebElement.java:84)
	at org.openqa.selenium.support.events.EventFiringWebDriver$EventFiringWebElement.lambda$new$0(EventFiringWebDriver.java:404)
	at com.sun.proxy.$Proxy11.click(Unknown Source)
	at org.openqa.selenium.support.events.EventFiringWebDriver$EventFiringWebElement.click(EventFiringWebDriver.java:417)
	at com.kms.katalon.core.webui.keyword.builtin.ClickKeyword$_click_closure1.doCall(ClickKeyword.groovy:68)
	at com.kms.katalon.core.webui.keyword.builtin.ClickKeyword$_click_closure1.call(ClickKeyword.groovy)
	at com.kms.katalon.core.webui.keyword.internal.WebUIKeywordMain.runKeyword(WebUIKeywordMain.groovy:20)
	... 19 more


2021-01-28 15:56:12 - [TEST_STEP][PASSED] - openBrowser(""): Browser is opened with url: ''

2021-01-28 15:56:13 - [MESSAGE][INFO] - Starting 'Chrome' driver

2021-01-28 15:56:13 - [MESSAGE][INFO] - Action delay is set to 0 milliseconds

2021-01-28 15:56:18 - [MESSAGE][PASSED] - Browser is opened with url: ''

2021-01-28 15:56:18 - [TEST_STEP][PASSED] - navigateToUrl("https://www.aptekarska.pl/o-nas/marta-balazinska/"): Navigate to 'https://www.aptekarska.pl/o-nas/marta-balazinska/' successfully

2021-01-28 15:56:22 - [MESSAGE][PASSED] - Navigate to 'https://www.aptekarska.pl/o-nas/marta-balazinska/' successfully

2021-01-28 15:56:22 - [TEST_STEP][PASSED] - click(findTestObject("Object Repository/TEMP/Page_Marta Baaziska - Aptekarska Szkoa Zarzdzania/button_Nie zgadzam si")): Object: 'Object Repository/TEMP/Page_Marta Baaziska - Aptekarska Szkoa Zarzdzania/button_Nie zgadzam si' is clicked on

2021-01-28 15:56:22 - [MESSAGE][PASSED] - Object: 'Object Repository/TEMP/Page_Marta Baaziska - Aptekarska Szkoa Zarzdzania/button_Nie zgadzam si' is clicked on

2021-01-28 15:56:22 - [TEST_STEP][FAILED] - click(findTestObject("Object Repository/TEMP/Page_Marta Baaziska - Aptekarska Szkoa Zarzdzania/i")): Unable to click on object 'Object Repository/TEMP/Page_Marta Baaziska - Aptekarska Szkoa Zarzdzania/i' (Root cause: com.kms.katalon.core.exception.StepFailedException: Unable to click on object 'Object Repository/TEMP/Page_Marta Baaziska - Aptekarska Szkoa Zarzdzania/i'
	at com.kms.katalon.core.webui.keyword.internal.WebUIKeywordMain.stepFailed(WebUIKeywordMain.groovy:64)
	at com.kms.katalon.core.webui.keyword.internal.WebUIKeywordMain.runKeyword(WebUIKeywordMain.groovy:26)
	at com.kms.katalon.core.webui.keyword.builtin.ClickKeyword.click(ClickKeyword.groovy:75)
	at com.kms.katalon.core.webui.keyword.builtin.ClickKeyword.execute(ClickKeyword.groovy:42)
	at com.kms.katalon.core.keyword.internal.KeywordExecutor.executeKeywordForPlatform(KeywordExecutor.groovy:73)
	at com.kms.katalon.core.webui.keyword.WebUiBuiltInKeywords.click(WebUiBuiltInKeywords.groovy:619)
	at com.kms.katalon.core.webui.keyword.WebUiBuiltInKeywords$click$1.call(Unknown Source)
	at TEMP.run(TEMP:25)
	at com.kms.katalon.core.main.ScriptEngine.run(ScriptEngine.java:194)
	at com.kms.katalon.core.main.ScriptEngine.runScriptAsRawText(ScriptEngine.java:119)
	at com.kms.katalon.core.main.TestCaseExecutor.runScript(TestCaseExecutor.java:398)
	at com.kms.katalon.core.main.TestCaseExecutor.doExecute(TestCaseExecutor.java:389)
	at com.kms.katalon.core.main.TestCaseExecutor.processExecutionPhase(TestCaseExecutor.java:368)
	at com.kms.katalon.core.main.TestCaseExecutor.accessMainPhase(TestCaseExecutor.java:360)
	at com.kms.katalon.core.main.TestCaseExecutor.execute(TestCaseExecutor.java:255)
	at com.kms.katalon.core.main.TestSuiteExecutor.accessTestCaseMainPhase(TestSuiteExecutor.java:203)
	at com.kms.katalon.core.main.TestSuiteExecutor.accessTestSuiteMainPhase(TestSuiteExecutor.java:152)
	at com.kms.katalon.core.main.TestSuiteExecutor.execute(TestSuiteExecutor.java:95)
	at com.kms.katalon.core.main.TestCaseMain.startTestSuite(TestCaseMain.java:157)
	at com.kms.katalon.core.main.TestCaseMain$startTestSuite$0.call(Unknown Source)
	at TempTestSuite1611845744433.run(TempTestSuite1611845744433.groovy:39)
Caused by: org.openqa.selenium.ElementClickInterceptedException: element click intercepted: Element <i></i> is not clickable at point (60, 858). Other element would receive the click: <button title="Ustawienia prywatności" aria-label="Ustawienia prywatności" class="cf3Mob cf2Lf6" data-cookiefirst-button="primary">...</button>
  (Session info: chrome=88.0.4324.104)
Build info: version: '3.141.59', revision: 'e82be7d358', time: '2018-11-14T08:25:53'
System info: host: 'DESKTOP-HO0QCN7', ip: '192.168.50.1', os.name: 'Windows 10', os.arch: 'amd64', os.version: '10.0', java.version: '1.8.0_181'
Driver info: com.kms.katalon.selenium.driver.CChromeDriver
Capabilities {acceptInsecureCerts: false, browserName: chrome, browserVersion: 88.0.4324.104, chrome: {chromedriverVersion: 87.0.4280.88 (89e2380a3e36c..., userDataDir: C:\Users\STAZIN~1\AppData\L...}, goog:chromeOptions: {debuggerAddress: localhost:59978}, javascriptEnabled: true, networkConnectionEnabled: false, pageLoadStrategy: normal, platform: WINDOWS, platformName: WINDOWS, proxy: Proxy(), setWindowRect: true, strictFileInteractability: false, timeouts: {implicit: 0, pageLoad: 300000, script: 30000}, unhandledPromptBehavior: dismiss and notify, webauthn:virtualAuthenticators: true}
Session ID: 5d078c1879953a2b9e87e88665364a1a
	at org.openqa.selenium.remote.http.W3CHttpResponseCodec.createException(W3CHttpResponseCodec.java:187)
	at org.openqa.selenium.remote.http.W3CHttpResponseCodec.decode(W3CHttpResponseCodec.java:122)
	at org.openqa.selenium.remote.http.W3CHttpResponseCodec.decode(W3CHttpResponseCodec.java:49)
	at org.openqa.selenium.remote.HttpCommandExecutor.execute(HttpCommandExecutor.java:158)
	at org.openqa.selenium.remote.service.DriverCommandExecutor.execute(DriverCommandExecutor.java:83)
	at org.openqa.selenium.remote.RemoteWebDriver.execute(RemoteWebDriver.java:552)
	at com.kms.katalon.selenium.driver.CChromeDriver.execute(CChromeDriver.java:19)
	at org.openqa.selenium.remote.RemoteWebElement.execute(RemoteWebElement.java:285)
	at org.openqa.selenium.remote.RemoteWebElement.click(RemoteWebElement.java:84)
	at org.openqa.selenium.support.events.EventFiringWebDriver$EventFiringWebElement.lambda$new$0(EventFiringWebDriver.java:404)
	at com.sun.proxy.$Proxy11.click(Unknown Source)
	at org.openqa.selenium.support.events.EventFiringWebDriver$EventFiringWebElement.click(EventFiringWebDriver.java:417)
	at com.kms.katalon.core.webui.keyword.builtin.ClickKeyword$_click_closure1.doCall(ClickKeyword.groovy:68)
	at com.kms.katalon.core.webui.keyword.builtin.ClickKeyword$_click_closure1.call(ClickKeyword.groovy)
	at com.kms.katalon.core.webui.keyword.internal.WebUIKeywordMain.runKeyword(WebUIKeywordMain.groovy:20)
	at com.kms.katalon.core.webui.keyword.builtin.ClickKeyword.click(ClickKeyword.groovy:75)
	at com.kms.katalon.core.webui.keyword.builtin.ClickKeyword.execute(ClickKeyword.groovy:42)
	at com.kms.katalon.core.keyword.internal.KeywordExecutor.executeKeywordForPlatform(KeywordExecutor.groovy:73)
	at com.kms.katalon.core.webui.keyword.WebUiBuiltInKeywords.click(WebUiBuiltInKeywords.groovy:619)
	at com.kms.katalon.core.webui.keyword.WebUiBuiltInKeywords$click$1.call(Unknown Source)
	at Script1611834526749.run(Script1611834526749.groovy:25)
	... 13 more
)

2021-01-28 15:56:25 - [MESSAGE][FAILED] - Unable to click on object 'Object Repository/TEMP/Page_Marta Baaziska - Aptekarska Szkoa Zarzdzania/i' (Root cause: com.kms.katalon.core.exception.StepFailedException: Unable to click on object 'Object Repository/TEMP/Page_Marta Baaziska - Aptekarska Szkoa Zarzdzania/i'
	at com.kms.katalon.core.webui.keyword.internal.WebUIKeywordMain.stepFailed(WebUIKeywordMain.groovy:64)
	at com.kms.katalon.core.webui.keyword.internal.WebUIKeywordMain.runKeyword(WebUIKeywordMain.groovy:26)
	at com.kms.katalon.core.webui.keyword.builtin.ClickKeyword.click(ClickKeyword.groovy:75)
	at com.kms.katalon.core.webui.keyword.builtin.ClickKeyword.execute(ClickKeyword.groovy:42)
	at com.kms.katalon.core.keyword.internal.KeywordExecutor.executeKeywordForPlatform(KeywordExecutor.groovy:73)
	at com.kms.katalon.core.webui.keyword.WebUiBuiltInKeywords.click(WebUiBuiltInKeywords.groovy:619)
	at com.kms.katalon.core.webui.keyword.WebUiBuiltInKeywords$click$1.call(Unknown Source)
	at TEMP.run(TEMP:25)
	at com.kms.katalon.core.main.ScriptEngine.run(ScriptEngine.java:194)
	at com.kms.katalon.core.main.ScriptEngine.runScriptAsRawText(ScriptEngine.java:119)
	at com.kms.katalon.core.main.TestCaseExecutor.runScript(TestCaseExecutor.java:398)
	at com.kms.katalon.core.main.TestCaseExecutor.doExecute(TestCaseExecutor.java:389)
	at com.kms.katalon.core.main.TestCaseExecutor.processExecutionPhase(TestCaseExecutor.java:368)
	at com.kms.katalon.core.main.TestCaseExecutor.accessMainPhase(TestCaseExecutor.java:360)
	at com.kms.katalon.core.main.TestCaseExecutor.execute(TestCaseExecutor.java:255)
	at com.kms.katalon.core.main.TestSuiteExecutor.accessTestCaseMainPhase(TestSuiteExecutor.java:203)
	at com.kms.katalon.core.main.TestSuiteExecutor.accessTestSuiteMainPhase(TestSuiteExecutor.java:152)
	at com.kms.katalon.core.main.TestSuiteExecutor.execute(TestSuiteExecutor.java:95)
	at com.kms.katalon.core.main.TestCaseMain.startTestSuite(TestCaseMain.java:157)
	at com.kms.katalon.core.main.TestCaseMain$startTestSuite$0.call(Unknown Source)
	at TempTestSuite1611845744433.run(TempTestSuite1611845744433.groovy:39)
Caused by: org.openqa.selenium.ElementClickInterceptedException: element click intercepted: Element <i></i> is not clickable at point (60, 858). Other element would receive the click: <button title="Ustawienia prywatności" aria-label="Ustawienia prywatności" class="cf3Mob cf2Lf6" data-cookiefirst-button="primary">...</button>
  (Session info: chrome=88.0.4324.104)
Build info: version: '3.141.59', revision: 'e82be7d358', time: '2018-11-14T08:25:53'
System info: host: 'DESKTOP-HO0QCN7', ip: '192.168.50.1', os.name: 'Windows 10', os.arch: 'amd64', os.version: '10.0', java.version: '1.8.0_181'
Driver info: com.kms.katalon.selenium.driver.CChromeDriver
Capabilities {acceptInsecureCerts: false, browserName: chrome, browserVersion: 88.0.4324.104, chrome: {chromedriverVersion: 87.0.4280.88 (89e2380a3e36c..., userDataDir: C:\Users\STAZIN~1\AppData\L...}, goog:chromeOptions: {debuggerAddress: localhost:59978}, javascriptEnabled: true, networkConnectionEnabled: false, pageLoadStrategy: normal, platform: WINDOWS, platformName: WINDOWS, proxy: Proxy(), setWindowRect: true, strictFileInteractability: false, timeouts: {implicit: 0, pageLoad: 300000, script: 30000}, unhandledPromptBehavior: dismiss and notify, webauthn:virtualAuthenticators: true}
Session ID: 5d078c1879953a2b9e87e88665364a1a
	at org.openqa.selenium.remote.http.W3CHttpResponseCodec.createException(W3CHttpResponseCodec.java:187)
	at org.openqa.selenium.remote.http.W3CHttpResponseCodec.decode(W3CHttpResponseCodec.java:122)
	at org.openqa.selenium.remote.http.W3CHttpResponseCodec.decode(W3CHttpResponseCodec.java:49)
	at org.openqa.selenium.remote.HttpCommandExecutor.execute(HttpCommandExecutor.java:158)
	at org.openqa.selenium.remote.service.DriverCommandExecutor.execute(DriverCommandExecutor.java:83)
	at org.openqa.selenium.remote.RemoteWebDriver.execute(RemoteWebDriver.java:552)
	at com.kms.katalon.selenium.driver.CChromeDriver.execute(CChromeDriver.java:19)
	at org.openqa.selenium.remote.RemoteWebElement.execute(RemoteWebElement.java:285)
	at org.openqa.selenium.remote.RemoteWebElement.click(RemoteWebElement.java:84)
	at org.openqa.selenium.support.events.EventFiringWebDriver$EventFiringWebElement.lambda$new$0(EventFiringWebDriver.java:404)
	at com.sun.proxy.$Proxy11.click(Unknown Source)
	at org.openqa.selenium.support.events.EventFiringWebDriver$EventFiringWebElement.click(EventFiringWebDriver.java:417)
	at com.kms.katalon.core.webui.keyword.builtin.ClickKeyword$_click_closure1.doCall(ClickKeyword.groovy:68)
	at com.kms.katalon.core.webui.keyword.builtin.ClickKeyword$_click_closure1.call(ClickKeyword.groovy)
	at com.kms.katalon.core.webui.keyword.internal.WebUIKeywordMain.runKeyword(WebUIKeywordMain.groovy:20)
	at com.kms.katalon.core.webui.keyword.builtin.ClickKeyword.click(ClickKeyword.groovy:75)
	at com.kms.katalon.core.webui.keyword.builtin.ClickKeyword.execute(ClickKeyword.groovy:42)
	at com.kms.katalon.core.keyword.internal.KeywordExecutor.executeKeywordForPlatform(KeywordExecutor.groovy:73)
	at com.kms.katalon.core.webui.keyword.WebUiBuiltInKeywords.click(WebUiBuiltInKeywords.groovy:619)
	at com.kms.katalon.core.webui.keyword.WebUiBuiltInKeywords$click$1.call(Unknown Source)
	at Script1611834526749.run(Script1611834526749.groovy:25)
	... 13 more
)
[[ATTACHMENT|C:\\Users\\Staz Intersiec\\Documents\\Aptekarska.pl_UI_Tests\\Reports\\20210128_155538\\O nas\\20210128_155544\\1611845784932.png]]]]></system-out>
         <system-err><![CDATA[2021-01-28 15:56:11 - [TEST_CASE][FAILED] - Test Cases/O nas/TEMP: Test Cases/O nas/TEMP FAILED.
Reason:
com.kms.katalon.core.exception.StepFailedException: Unable to click on object 'Object Repository/TEMP/Page_Marta Baaziska - Aptekarska Szkoa Zarzdzania/i'
	at com.kms.katalon.core.webui.keyword.internal.WebUIKeywordMain.stepFailed(WebUIKeywordMain.groovy:64)
	at com.kms.katalon.core.webui.keyword.internal.WebUIKeywordMain.runKeyword(WebUIKeywordMain.groovy:26)
	at com.kms.katalon.core.webui.keyword.builtin.ClickKeyword.click(ClickKeyword.groovy:75)
	at com.kms.katalon.core.webui.keyword.builtin.ClickKeyword.execute(ClickKeyword.groovy:42)
	at com.kms.katalon.core.keyword.internal.KeywordExecutor.executeKeywordForPlatform(KeywordExecutor.groovy:73)
	at com.kms.katalon.core.webui.keyword.WebUiBuiltInKeywords.click(WebUiBuiltInKeywords.groovy:619)
	at com.kms.katalon.core.webui.keyword.WebUiBuiltInKeywords$click$1.call(Unknown Source)
	at TEMP.run(TEMP:25)
	at com.kms.katalon.core.main.ScriptEngine.run(ScriptEngine.java:194)
	at com.kms.katalon.core.main.ScriptEngine.runScriptAsRawText(ScriptEngine.java:119)
	at com.kms.katalon.core.main.TestCaseExecutor.runScript(TestCaseExecutor.java:398)
	at com.kms.katalon.core.main.TestCaseExecutor.doExecute(TestCaseExecutor.java:389)
	at com.kms.katalon.core.main.TestCaseExecutor.processExecutionPhase(TestCaseExecutor.java:368)
	at com.kms.katalon.core.main.TestCaseExecutor.accessMainPhase(TestCaseExecutor.java:360)
	at com.kms.katalon.core.main.TestCaseExecutor.execute(TestCaseExecutor.java:255)
	at com.kms.katalon.core.main.TestSuiteExecutor.accessTestCaseMainPhase(TestSuiteExecutor.java:203)
	at com.kms.katalon.core.main.TestSuiteExecutor.accessTestSuiteMainPhase(TestSuiteExecutor.java:152)
	at com.kms.katalon.core.main.TestSuiteExecutor.execute(TestSuiteExecutor.java:95)
	at com.kms.katalon.core.main.TestCaseMain.startTestSuite(TestCaseMain.java:157)
	at com.kms.katalon.core.main.TestCaseMain$startTestSuite$0.call(Unknown Source)
	at TempTestSuite1611845744433.run(TempTestSuite1611845744433.groovy:39)
Caused by: org.openqa.selenium.ElementClickInterceptedException: element click intercepted: Element <i></i> is not clickable at point (60, 858). Other element would receive the click: <button title="Ustawienia prywatności" aria-label="Ustawienia prywatności" class="cf3Mob cf2Lf6" data-cookiefirst-button="primary">...</button>
  (Session info: chrome=88.0.4324.104)
Build info: version: '3.141.59', revision: 'e82be7d358', time: '2018-11-14T08:25:53'
System info: host: 'DESKTOP-HO0QCN7', ip: '192.168.50.1', os.name: 'Windows 10', os.arch: 'amd64', os.version: '10.0', java.version: '1.8.0_181'
Driver info: com.kms.katalon.selenium.driver.CChromeDriver
Capabilities {acceptInsecureCerts: false, browserName: chrome, browserVersion: 88.0.4324.104, chrome: {chromedriverVersion: 87.0.4280.88 (89e2380a3e36c..., userDataDir: C:\Users\STAZIN~1\AppData\L...}, goog:chromeOptions: {debuggerAddress: localhost:59978}, javascriptEnabled: true, networkConnectionEnabled: false, pageLoadStrategy: normal, platform: WINDOWS, platformName: WINDOWS, proxy: Proxy(), setWindowRect: true, strictFileInteractability: false, timeouts: {implicit: 0, pageLoad: 300000, script: 30000}, unhandledPromptBehavior: dismiss and notify, webauthn:virtualAuthenticators: true}
Session ID: 5d078c1879953a2b9e87e88665364a1a
	at org.openqa.selenium.remote.http.W3CHttpResponseCodec.createException(W3CHttpResponseCodec.java:187)
	at org.openqa.selenium.remote.http.W3CHttpResponseCodec.decode(W3CHttpResponseCodec.java:122)
	at org.openqa.selenium.remote.http.W3CHttpResponseCodec.decode(W3CHttpResponseCodec.java:49)
	at org.openqa.selenium.remote.HttpCommandExecutor.execute(HttpCommandExecutor.java:158)
	at org.openqa.selenium.remote.service.DriverCommandExecutor.execute(DriverCommandExecutor.java:83)
	at org.openqa.selenium.remote.RemoteWebDriver.execute(RemoteWebDriver.java:552)
	at com.kms.katalon.selenium.driver.CChromeDriver.execute(CChromeDriver.java:19)
	at org.openqa.selenium.remote.RemoteWebElement.execute(RemoteWebElement.java:285)
	at org.openqa.selenium.remote.RemoteWebElement.click(RemoteWebElement.java:84)
	at org.openqa.selenium.support.events.EventFiringWebDriver$EventFiringWebElement.lambda$new$0(EventFiringWebDriver.java:404)
	at com.sun.proxy.$Proxy11.click(Unknown Source)
	at org.openqa.selenium.support.events.EventFiringWebDriver$EventFiringWebElement.click(EventFiringWebDriver.java:417)
	at com.kms.katalon.core.webui.keyword.builtin.ClickKeyword$_click_closure1.doCall(ClickKeyword.groovy:68)
	at com.kms.katalon.core.webui.keyword.builtin.ClickKeyword$_click_closure1.call(ClickKeyword.groovy)
	at com.kms.katalon.core.webui.keyword.internal.WebUIKeywordMain.runKeyword(WebUIKeywordMain.groovy:20)
	... 19 more]]></system-err>
      </testcase>
      <testcase name="Test Cases/O nas/Test Nawigacji - Podstrona O nas" time="30.195" classname="Test Cases/O nas/Test Nawigacji - Podstrona O nas" status="PASSED">
         <system-out><![CDATA[2021-01-28 15:56:25 - [TEST_CASE][PASSED] - Test Cases/O nas/Test Nawigacji - Podstrona O nas: Test Cases/O nas/Test Nawigacji - Podstrona O nas

2021-01-28 15:56:26 - [TEST_STEP][PASSED] - openBrowser(""): Browser is opened with url: ''

2021-01-28 15:56:26 - [MESSAGE][WARNING] - A browser is already opened. Closing browser and opening a new one

2021-01-28 15:56:26 - [MESSAGE][INFO] - Starting 'Chrome' driver

2021-01-28 15:56:26 - [MESSAGE][INFO] - Action delay is set to 0 milliseconds

2021-01-28 15:56:30 - [MESSAGE][PASSED] - Browser is opened with url: ''

2021-01-28 15:56:30 - [TEST_STEP][PASSED] - maximizeWindow(): Current window maximized

2021-01-28 15:56:32 - [MESSAGE][PASSED] - Current window maximized

2021-01-28 15:56:32 - [TEST_STEP][PASSED] - navigateToUrl("https://www.aptekarska.pl/o-nas/"): Navigate to 'https://www.aptekarska.pl/o-nas/' successfully

2021-01-28 15:56:36 - [MESSAGE][PASSED] - Navigate to 'https://www.aptekarska.pl/o-nas/' successfully

2021-01-28 15:56:36 - [TEST_STEP][PASSED] - click(findTestObject("Object Repository/Strona Główna Nawigacja/Page_Aptekarska Szkoa Zarzdzania Szkolenia _8ea30e/button_Nie zgadzam si")): Object: 'Object Repository/Strona Główna Nawigacja/Page_Aptekarska Szkoa Zarzdzania Szkolenia _8ea30e/button_Nie zgadzam si' is clicked on

2021-01-28 15:56:37 - [MESSAGE][PASSED] - Object: 'Object Repository/Strona Główna Nawigacja/Page_Aptekarska Szkoa Zarzdzania Szkolenia _8ea30e/button_Nie zgadzam si' is clicked on

2021-01-28 15:56:37 - [TEST_STEP][PASSED] - click(findTestObject("Object Repository/Strona Główna Nawigacja/Page_Aptekarska Szkoa Zarzdzania Szkolenia _8ea30e/span_Aktualnoci")): Object: 'Object Repository/Strona Główna Nawigacja/Page_Aptekarska Szkoa Zarzdzania Szkolenia _8ea30e/span_Aktualnoci' is clicked on

2021-01-28 15:56:41 - [MESSAGE][PASSED] - Object: 'Object Repository/Strona Główna Nawigacja/Page_Aptekarska Szkoa Zarzdzania Szkolenia _8ea30e/span_Aktualnoci' is clicked on

2021-01-28 15:56:41 - [TEST_STEP][PASSED] - getUrl(): Current window's url is: 'https://www.aptekarska.pl/aktualnosci/'

2021-01-28 15:56:41 - [MESSAGE][PASSED] - Current window's url is: 'https://www.aptekarska.pl/aktualnosci/'

2021-01-28 15:56:41 - [TEST_STEP][PASSED] - verifyEqual(getUrl(), "https://www.aptekarska.pl/aktualnosci/"): Actual object 'https://www.aptekarska.pl/aktualnosci/' and expected object 'https://www.aptekarska.pl/aktualnosci/' are equal

2021-01-28 15:56:41 - [MESSAGE][PASSED] - Current window's url is: 'https://www.aptekarska.pl/aktualnosci/'

2021-01-28 15:56:41 - [MESSAGE][PASSED] - Actual object 'https://www.aptekarska.pl/aktualnosci/' and expected object 'https://www.aptekarska.pl/aktualnosci/' are equal

2021-01-28 15:56:41 - [TEST_STEP][PASSED] - click(findTestObject("Object Repository/Strona Główna Nawigacja/Page_Aktualnoci - Aptekarska Szkoa Zarzdzania/span_Artykuy")): Object: 'Object Repository/Strona Główna Nawigacja/Page_Aktualnoci - Aptekarska Szkoa Zarzdzania/span_Artykuy' is clicked on

2021-01-28 15:56:45 - [MESSAGE][PASSED] - Object: 'Object Repository/Strona Główna Nawigacja/Page_Aktualnoci - Aptekarska Szkoa Zarzdzania/span_Artykuy' is clicked on

2021-01-28 15:56:45 - [TEST_STEP][PASSED] - getUrl(): Current window's url is: 'https://www.aptekarska.pl/artykuly/'

2021-01-28 15:56:45 - [MESSAGE][PASSED] - Current window's url is: 'https://www.aptekarska.pl/artykuly/'

2021-01-28 15:56:45 - [TEST_STEP][PASSED] - verifyEqual(getUrl(), "https://www.aptekarska.pl/artykuly/"): Actual object 'https://www.aptekarska.pl/artykuly/' and expected object 'https://www.aptekarska.pl/artykuly/' are equal

2021-01-28 15:56:45 - [MESSAGE][PASSED] - Current window's url is: 'https://www.aptekarska.pl/artykuly/'

2021-01-28 15:56:45 - [MESSAGE][PASSED] - Actual object 'https://www.aptekarska.pl/artykuly/' and expected object 'https://www.aptekarska.pl/artykuly/' are equal

2021-01-28 15:56:45 - [TEST_STEP][PASSED] - click(findTestObject("SPY - NAWIGACJA STRONA GŁOWNA BUTTON/Page_Aktualnoci - Aptekarska Szkoa Zarzdzania/img_Szkolenia cige dla farmaceutw, farmacji, farmaceutyczne  Aptekarska.pl_preload-me")): Object: 'Object Repository/SPY - NAWIGACJA STRONA GŁOWNA BUTTON/Page_Aktualnoci - Aptekarska Szkoa Zarzdzania/img_Szkolenia cige dla farmaceutw, farmacji, farmaceutyczne  Aptekarska.pl_preload-me' is clicked on

2021-01-28 15:56:49 - [MESSAGE][PASSED] - Object: 'Object Repository/SPY - NAWIGACJA STRONA GŁOWNA BUTTON/Page_Aktualnoci - Aptekarska Szkoa Zarzdzania/img_Szkolenia cige dla farmaceutw, farmacji, farmaceutyczne  Aptekarska.pl_preload-me' is clicked on

2021-01-28 15:56:49 - [TEST_STEP][PASSED] - getUrl(): Current window's url is: 'https://www.aptekarska.pl/'

2021-01-28 15:56:49 - [MESSAGE][PASSED] - Current window's url is: 'https://www.aptekarska.pl/'

2021-01-28 15:56:49 - [TEST_STEP][PASSED] - verifyEqual(getUrl(), "https://www.aptekarska.pl/"): Actual object 'https://www.aptekarska.pl/' and expected object 'https://www.aptekarska.pl/' are equal

2021-01-28 15:56:49 - [MESSAGE][PASSED] - Current window's url is: 'https://www.aptekarska.pl/'

2021-01-28 15:56:49 - [MESSAGE][PASSED] - Actual object 'https://www.aptekarska.pl/' and expected object 'https://www.aptekarska.pl/' are equal

2021-01-28 15:56:49 - [TEST_STEP][PASSED] - click(findTestObject("Object Repository/Strona Główna Nawigacja/Page_O nas - Aptekarska Szkoa Zarzdzania/span_Kontakt")): Object: 'Object Repository/Strona Główna Nawigacja/Page_O nas - Aptekarska Szkoa Zarzdzania/span_Kontakt' is clicked on

2021-01-28 15:56:52 - [MESSAGE][PASSED] - Object: 'Object Repository/Strona Główna Nawigacja/Page_O nas - Aptekarska Szkoa Zarzdzania/span_Kontakt' is clicked on

2021-01-28 15:56:52 - [TEST_STEP][PASSED] - getUrl(): Current window's url is: 'https://www.aptekarska.pl/kontakt/'

2021-01-28 15:56:52 - [MESSAGE][PASSED] - Current window's url is: 'https://www.aptekarska.pl/kontakt/'

2021-01-28 15:56:52 - [TEST_STEP][PASSED] - verifyEqual(getUrl(), "https://www.aptekarska.pl/kontakt/"): Actual object 'https://www.aptekarska.pl/kontakt/' and expected object 'https://www.aptekarska.pl/kontakt/' are equal

2021-01-28 15:56:52 - [MESSAGE][PASSED] - Current window's url is: 'https://www.aptekarska.pl/kontakt/'

2021-01-28 15:56:52 - [MESSAGE][PASSED] - Actual object 'https://www.aptekarska.pl/kontakt/' and expected object 'https://www.aptekarska.pl/kontakt/' are equal

2021-01-28 15:56:52 - [TEST_STEP][PASSED] - click(findTestObject("Object Repository/Strona Główna Nawigacja/Page_Aptekarska Szkoa Zarzdzania Szkolenia _8ea30e/span_Oferta")): Object: 'Object Repository/Strona Główna Nawigacja/Page_Aptekarska Szkoa Zarzdzania Szkolenia _8ea30e/span_Oferta' is clicked on

2021-01-28 15:56:54 - [MESSAGE][PASSED] - Object: 'Object Repository/Strona Główna Nawigacja/Page_Aptekarska Szkoa Zarzdzania Szkolenia _8ea30e/span_Oferta' is clicked on

2021-01-28 15:56:54 - [TEST_STEP][PASSED] - getUrl(): Current window's url is: 'https://www.aptekarska.pl/oferta/'

2021-01-28 15:56:54 - [MESSAGE][PASSED] - Current window's url is: 'https://www.aptekarska.pl/oferta/'

2021-01-28 15:56:54 - [TEST_STEP][PASSED] - verifyEqual(getUrl(), "https://www.aptekarska.pl/oferta/"): Actual object 'https://www.aptekarska.pl/oferta/' and expected object 'https://www.aptekarska.pl/oferta/' are equal

2021-01-28 15:56:54 - [MESSAGE][PASSED] - Current window's url is: 'https://www.aptekarska.pl/oferta/'

2021-01-28 15:56:54 - [MESSAGE][PASSED] - Actual object 'https://www.aptekarska.pl/oferta/' and expected object 'https://www.aptekarska.pl/oferta/' are equal

2021-01-28 15:56:54 - [TEST_STEP][PASSED] - closeBrowser(): Browser is closed

2021-01-28 15:56:55 - [MESSAGE][PASSED] - Browser is closed]]></system-out>
         <system-err><![CDATA[]]></system-err>
      </testcase>
      <testcase name="Test Cases/O nas/Test Przewijania Strony - Podstrona O nas" time="10.323" classname="Test Cases/O nas/Test Przewijania Strony - Podstrona O nas" status="PASSED">
         <system-out><![CDATA[2021-01-28 15:56:55 - [TEST_CASE][PASSED] - Test Cases/O nas/Test Przewijania Strony - Podstrona O nas: Test Cases/O nas/Test Przewijania Strony - Podstrona O nas

2021-01-28 15:56:56 - [TEST_STEP][PASSED] - openBrowser(""): Browser is opened with url: ''

2021-01-28 15:56:56 - [MESSAGE][INFO] - Starting 'Chrome' driver

2021-01-28 15:56:56 - [MESSAGE][INFO] - Action delay is set to 0 milliseconds

2021-01-28 15:56:59 - [MESSAGE][PASSED] - Browser is opened with url: ''

2021-01-28 15:56:59 - [TEST_STEP][PASSED] - navigateToUrl("https://www.aptekarska.pl/o-nas/"): Navigate to 'https://www.aptekarska.pl/o-nas/' successfully

2021-01-28 15:57:03 - [MESSAGE][PASSED] - Navigate to 'https://www.aptekarska.pl/o-nas/' successfully

2021-01-28 15:57:03 - [TEST_STEP][PASSED] - click(findTestObject("Object Repository/Strona Główna Przewijanie/Page_Aptekarska Szkoa Zarzdzania Szkolenia _8ea30e/button_Akceptuj wszystko")): Object: 'Object Repository/Strona Główna Przewijanie/Page_Aptekarska Szkoa Zarzdzania Szkolenia _8ea30e/button_Akceptuj wszystko' is clicked on

2021-01-28 15:57:03 - [MESSAGE][PASSED] - Object: 'Object Repository/Strona Główna Przewijanie/Page_Aptekarska Szkoa Zarzdzania Szkolenia _8ea30e/button_Akceptuj wszystko' is clicked on

2021-01-28 15:57:03 - [TEST_STEP][PASSED] - scrollToElement(findTestObject("Object Repository/Strona Główna Przewijanie/Page_Aptekarska Szkoa Zarzdzania Szkolenia dla Farmacji/img_Uczestniczka webinaru_preload-me"), 0): Scroll to object 'Object Repository/Strona Główna Przewijanie/Page_Aptekarska Szkoa Zarzdzania Szkolenia dla Farmacji/img_Uczestniczka webinaru_preload-me' successfully

2021-01-28 15:57:03 - [MESSAGE][WARNING] - Timeout '0' is invalid. Using default page load timeout: '30'

2021-01-28 15:57:04 - [MESSAGE][PASSED] - Scroll to object 'Object Repository/Strona Główna Przewijanie/Page_Aptekarska Szkoa Zarzdzania Szkolenia dla Farmacji/img_Uczestniczka webinaru_preload-me' successfully

2021-01-28 15:57:04 - [TEST_STEP][PASSED] - click(findTestObject("Object Repository/Strona Główna Przewijanie/Page_Aptekarska Szkoa Zarzdzania Szkolenia _8ea30e/a_Do gry")): Object: 'Object Repository/Strona Główna Przewijanie/Page_Aptekarska Szkoa Zarzdzania Szkolenia _8ea30e/a_Do gry' is clicked on

2021-01-28 15:57:05 - [MESSAGE][PASSED] - Object: 'Object Repository/Strona Główna Przewijanie/Page_Aptekarska Szkoa Zarzdzania Szkolenia _8ea30e/a_Do gry' is clicked on

2021-01-28 15:57:05 - [TEST_STEP][PASSED] - closeBrowser(): Browser is closed

2021-01-28 15:57:05 - [MESSAGE][PASSED] - Browser is closed]]></system-out>
         <system-err><![CDATA[]]></system-err>
      </testcase>
      <testcase name="Test Cases/O nas/Test przycisków - Podstrona O nas - Beata" time="31.934" classname="Test Cases/O nas/Test przycisków - Podstrona O nas - Beata" status="FAILED">
         <failure type="FAILED" message="Test Cases/O nas/Test przycisków - Podstrona O nas - Beata FAILED.
Reason:
com.kms.katalon.core.exception.StepFailedException: Unable to click on object 'Object Repository/Podstrona O nas Przyciski/Page_Beata Tyszkiewicz-Kmiecik - Aptekarska_133aa7/span_O nas'
	at com.kms.katalon.core.webui.keyword.internal.WebUIKeywordMain.stepFailed(WebUIKeywordMain.groovy:64)
	at com.kms.katalon.core.webui.keyword.internal.WebUIKeywordMain.runKeyword(WebUIKeywordMain.groovy:26)
	at com.kms.katalon.core.webui.keyword.builtin.ClickKeyword.click(ClickKeyword.groovy:75)
	at com.kms.katalon.core.webui.keyword.builtin.ClickKeyword.execute(ClickKeyword.groovy:42)
	at com.kms.katalon.core.keyword.internal.KeywordExecutor.executeKeywordForPlatform(KeywordExecutor.groovy:73)
	at com.kms.katalon.core.webui.keyword.WebUiBuiltInKeywords.click(WebUiBuiltInKeywords.groovy:619)
	at com.kms.katalon.core.webui.keyword.WebUiBuiltInKeywords$click$1.call(Unknown Source)
	at Test przycisków - Podstrona O nas - Beata.run(Test przycisków - Podstrona O nas - Beata:67)
	at com.kms.katalon.core.main.ScriptEngine.run(ScriptEngine.java:194)
	at com.kms.katalon.core.main.ScriptEngine.runScriptAsRawText(ScriptEngine.java:119)
	at com.kms.katalon.core.main.TestCaseExecutor.runScript(TestCaseExecutor.java:398)
	at com.kms.katalon.core.main.TestCaseExecutor.doExecute(TestCaseExecutor.java:389)
	at com.kms.katalon.core.main.TestCaseExecutor.processExecutionPhase(TestCaseExecutor.java:368)
	at com.kms.katalon.core.main.TestCaseExecutor.accessMainPhase(TestCaseExecutor.java:360)
	at com.kms.katalon.core.main.TestCaseExecutor.execute(TestCaseExecutor.java:255)
	at com.kms.katalon.core.main.TestSuiteExecutor.accessTestCaseMainPhase(TestSuiteExecutor.java:203)
	at com.kms.katalon.core.main.TestSuiteExecutor.accessTestSuiteMainPhase(TestSuiteExecutor.java:152)
	at com.kms.katalon.core.main.TestSuiteExecutor.execute(TestSuiteExecutor.java:95)
	at com.kms.katalon.core.main.TestCaseMain.startTestSuite(TestCaseMain.java:157)
	at com.kms.katalon.core.main.TestCaseMain$startTestSuite$0.call(Unknown Source)
	at TempTestSuite1611845744433.run(TempTestSuite1611845744433.groovy:39)
Caused by: org.openqa.selenium.ElementClickInterceptedException: element click intercepted: Element &lt;span itemprop=&quot;name&quot;>...&lt;/span> is not clickable at point (914, 7). Other element would receive the click: &lt;ul id=&quot;primary-menu&quot; class=&quot;main-nav underline-decoration l-to-r-line outside-item-remove-margin&quot; role=&quot;menubar&quot;>...&lt;/ul>
  (Session info: chrome=88.0.4324.104)
Build info: version: '3.141.59', revision: 'e82be7d358', time: '2018-11-14T08:25:53'
System info: host: 'DESKTOP-HO0QCN7', ip: '192.168.50.1', os.name: 'Windows 10', os.arch: 'amd64', os.version: '10.0', java.version: '1.8.0_181'
Driver info: com.kms.katalon.selenium.driver.CChromeDriver
Capabilities {acceptInsecureCerts: false, browserName: chrome, browserVersion: 88.0.4324.104, chrome: {chromedriverVersion: 87.0.4280.88 (89e2380a3e36c..., userDataDir: C:\Users\STAZIN~1\AppData\L...}, goog:chromeOptions: {debuggerAddress: localhost:60068}, javascriptEnabled: true, networkConnectionEnabled: false, pageLoadStrategy: normal, platform: WINDOWS, platformName: WINDOWS, proxy: Proxy(), setWindowRect: true, strictFileInteractability: false, timeouts: {implicit: 0, pageLoad: 300000, script: 30000}, unhandledPromptBehavior: dismiss and notify, webauthn:virtualAuthenticators: true}
Session ID: 8699fc7391eb0ea3c7ca42a7f2f1939d
	at org.openqa.selenium.remote.http.W3CHttpResponseCodec.createException(W3CHttpResponseCodec.java:187)
	at org.openqa.selenium.remote.http.W3CHttpResponseCodec.decode(W3CHttpResponseCodec.java:122)
	at org.openqa.selenium.remote.http.W3CHttpResponseCodec.decode(W3CHttpResponseCodec.java:49)
	at org.openqa.selenium.remote.HttpCommandExecutor.execute(HttpCommandExecutor.java:158)
	at org.openqa.selenium.remote.service.DriverCommandExecutor.execute(DriverCommandExecutor.java:83)
	at org.openqa.selenium.remote.RemoteWebDriver.execute(RemoteWebDriver.java:552)
	at com.kms.katalon.selenium.driver.CChromeDriver.execute(CChromeDriver.java:19)
	at org.openqa.selenium.remote.RemoteWebElement.execute(RemoteWebElement.java:285)
	at org.openqa.selenium.remote.RemoteWebElement.click(RemoteWebElement.java:84)
	at org.openqa.selenium.support.events.EventFiringWebDriver$EventFiringWebElement.lambda$new$0(EventFiringWebDriver.java:404)
	at com.sun.proxy.$Proxy11.click(Unknown Source)
	at org.openqa.selenium.support.events.EventFiringWebDriver$EventFiringWebElement.click(EventFiringWebDriver.java:417)
	at com.kms.katalon.core.webui.keyword.builtin.ClickKeyword$_click_closure1.doCall(ClickKeyword.groovy:68)
	at com.kms.katalon.core.webui.keyword.builtin.ClickKeyword$_click_closure1.call(ClickKeyword.groovy)
	at com.kms.katalon.core.webui.keyword.internal.WebUIKeywordMain.runKeyword(WebUIKeywordMain.groovy:20)
	... 19 more
"/>
         <system-out><![CDATA[2021-01-28 15:57:05 - [TEST_CASE][FAILED] - Test Cases/O nas/Test przycisków - Podstrona O nas - Beata: Test Cases/O nas/Test przycisków - Podstrona O nas - Beata FAILED.
Reason:
com.kms.katalon.core.exception.StepFailedException: Unable to click on object 'Object Repository/Podstrona O nas Przyciski/Page_Beata Tyszkiewicz-Kmiecik - Aptekarska_133aa7/span_O nas'
	at com.kms.katalon.core.webui.keyword.internal.WebUIKeywordMain.stepFailed(WebUIKeywordMain.groovy:64)
	at com.kms.katalon.core.webui.keyword.internal.WebUIKeywordMain.runKeyword(WebUIKeywordMain.groovy:26)
	at com.kms.katalon.core.webui.keyword.builtin.ClickKeyword.click(ClickKeyword.groovy:75)
	at com.kms.katalon.core.webui.keyword.builtin.ClickKeyword.execute(ClickKeyword.groovy:42)
	at com.kms.katalon.core.keyword.internal.KeywordExecutor.executeKeywordForPlatform(KeywordExecutor.groovy:73)
	at com.kms.katalon.core.webui.keyword.WebUiBuiltInKeywords.click(WebUiBuiltInKeywords.groovy:619)
	at com.kms.katalon.core.webui.keyword.WebUiBuiltInKeywords$click$1.call(Unknown Source)
	at Test przycisków - Podstrona O nas - Beata.run(Test przycisków - Podstrona O nas - Beata:67)
	at com.kms.katalon.core.main.ScriptEngine.run(ScriptEngine.java:194)
	at com.kms.katalon.core.main.ScriptEngine.runScriptAsRawText(ScriptEngine.java:119)
	at com.kms.katalon.core.main.TestCaseExecutor.runScript(TestCaseExecutor.java:398)
	at com.kms.katalon.core.main.TestCaseExecutor.doExecute(TestCaseExecutor.java:389)
	at com.kms.katalon.core.main.TestCaseExecutor.processExecutionPhase(TestCaseExecutor.java:368)
	at com.kms.katalon.core.main.TestCaseExecutor.accessMainPhase(TestCaseExecutor.java:360)
	at com.kms.katalon.core.main.TestCaseExecutor.execute(TestCaseExecutor.java:255)
	at com.kms.katalon.core.main.TestSuiteExecutor.accessTestCaseMainPhase(TestSuiteExecutor.java:203)
	at com.kms.katalon.core.main.TestSuiteExecutor.accessTestSuiteMainPhase(TestSuiteExecutor.java:152)
	at com.kms.katalon.core.main.TestSuiteExecutor.execute(TestSuiteExecutor.java:95)
	at com.kms.katalon.core.main.TestCaseMain.startTestSuite(TestCaseMain.java:157)
	at com.kms.katalon.core.main.TestCaseMain$startTestSuite$0.call(Unknown Source)
	at TempTestSuite1611845744433.run(TempTestSuite1611845744433.groovy:39)
Caused by: org.openqa.selenium.ElementClickInterceptedException: element click intercepted: Element <span itemprop="name">...</span> is not clickable at point (914, 7). Other element would receive the click: <ul id="primary-menu" class="main-nav underline-decoration l-to-r-line outside-item-remove-margin" role="menubar">...</ul>
  (Session info: chrome=88.0.4324.104)
Build info: version: '3.141.59', revision: 'e82be7d358', time: '2018-11-14T08:25:53'
System info: host: 'DESKTOP-HO0QCN7', ip: '192.168.50.1', os.name: 'Windows 10', os.arch: 'amd64', os.version: '10.0', java.version: '1.8.0_181'
Driver info: com.kms.katalon.selenium.driver.CChromeDriver
Capabilities {acceptInsecureCerts: false, browserName: chrome, browserVersion: 88.0.4324.104, chrome: {chromedriverVersion: 87.0.4280.88 (89e2380a3e36c..., userDataDir: C:\Users\STAZIN~1\AppData\L...}, goog:chromeOptions: {debuggerAddress: localhost:60068}, javascriptEnabled: true, networkConnectionEnabled: false, pageLoadStrategy: normal, platform: WINDOWS, platformName: WINDOWS, proxy: Proxy(), setWindowRect: true, strictFileInteractability: false, timeouts: {implicit: 0, pageLoad: 300000, script: 30000}, unhandledPromptBehavior: dismiss and notify, webauthn:virtualAuthenticators: true}
Session ID: 8699fc7391eb0ea3c7ca42a7f2f1939d
	at org.openqa.selenium.remote.http.W3CHttpResponseCodec.createException(W3CHttpResponseCodec.java:187)
	at org.openqa.selenium.remote.http.W3CHttpResponseCodec.decode(W3CHttpResponseCodec.java:122)
	at org.openqa.selenium.remote.http.W3CHttpResponseCodec.decode(W3CHttpResponseCodec.java:49)
	at org.openqa.selenium.remote.HttpCommandExecutor.execute(HttpCommandExecutor.java:158)
	at org.openqa.selenium.remote.service.DriverCommandExecutor.execute(DriverCommandExecutor.java:83)
	at org.openqa.selenium.remote.RemoteWebDriver.execute(RemoteWebDriver.java:552)
	at com.kms.katalon.selenium.driver.CChromeDriver.execute(CChromeDriver.java:19)
	at org.openqa.selenium.remote.RemoteWebElement.execute(RemoteWebElement.java:285)
	at org.openqa.selenium.remote.RemoteWebElement.click(RemoteWebElement.java:84)
	at org.openqa.selenium.support.events.EventFiringWebDriver$EventFiringWebElement.lambda$new$0(EventFiringWebDriver.java:404)
	at com.sun.proxy.$Proxy11.click(Unknown Source)
	at org.openqa.selenium.support.events.EventFiringWebDriver$EventFiringWebElement.click(EventFiringWebDriver.java:417)
	at com.kms.katalon.core.webui.keyword.builtin.ClickKeyword$_click_closure1.doCall(ClickKeyword.groovy:68)
	at com.kms.katalon.core.webui.keyword.builtin.ClickKeyword$_click_closure1.call(ClickKeyword.groovy)
	at com.kms.katalon.core.webui.keyword.internal.WebUIKeywordMain.runKeyword(WebUIKeywordMain.groovy:20)
	... 19 more


2021-01-28 15:57:06 - [TEST_STEP][PASSED] - openBrowser(""): Browser is opened with url: ''

2021-01-28 15:57:06 - [MESSAGE][INFO] - Starting 'Chrome' driver

2021-01-28 15:57:06 - [MESSAGE][INFO] - Action delay is set to 0 milliseconds

2021-01-28 15:57:09 - [MESSAGE][PASSED] - Browser is opened with url: ''

2021-01-28 15:57:09 - [TEST_STEP][PASSED] - maximizeWindow(): Current window maximized

2021-01-28 15:57:11 - [MESSAGE][PASSED] - Current window maximized

2021-01-28 15:57:11 - [TEST_STEP][PASSED] - navigateToUrl("https://www.aptekarska.pl/o-nas/"): Navigate to 'https://www.aptekarska.pl/o-nas/' successfully

2021-01-28 15:57:16 - [MESSAGE][PASSED] - Navigate to 'https://www.aptekarska.pl/o-nas/' successfully

2021-01-28 15:57:16 - [TEST_STEP][PASSED] - click(findTestObject("Object Repository/Podstrona O nas Przyciski/Page_O nas - Aptekarska Szkoa Zarzdzania/button_Nie zgadzam si")): Object: 'Object Repository/Podstrona O nas Przyciski/Page_O nas - Aptekarska Szkoa Zarzdzania/button_Nie zgadzam si' is clicked on

2021-01-28 15:57:16 - [MESSAGE][PASSED] - Object: 'Object Repository/Podstrona O nas Przyciski/Page_O nas - Aptekarska Szkoa Zarzdzania/button_Nie zgadzam si' is clicked on

2021-01-28 15:57:16 - [TEST_STEP][PASSED] - click(findTestObject("Object Repository/Podstrona O nas Przyciski/Page_O nas - Aptekarska Szkoa Zarzdzania/i")): Object: 'Object Repository/Podstrona O nas Przyciski/Page_O nas - Aptekarska Szkoa Zarzdzania/i' is clicked on

2021-01-28 15:57:20 - [MESSAGE][PASSED] - Object: 'Object Repository/Podstrona O nas Przyciski/Page_O nas - Aptekarska Szkoa Zarzdzania/i' is clicked on

2021-01-28 15:57:20 - [TEST_STEP][PASSED] - getUrl(): Current window's url is: 'https://www.aptekarska.pl/o-nas/beata-tyszkiewicz-kmiecik/'

2021-01-28 15:57:21 - [MESSAGE][PASSED] - Current window's url is: 'https://www.aptekarska.pl/o-nas/beata-tyszkiewicz-kmiecik/'

2021-01-28 15:57:21 - [TEST_STEP][PASSED] - verifyEqual(getUrl(), "https://www.aptekarska.pl/o-nas/beata-tyszkiewicz-kmiecik/"): Actual object 'https://www.aptekarska.pl/o-nas/beata-tyszkiewicz-kmiecik/' and expected object 'https://www.aptekarska.pl/o-nas/beata-tyszkiewicz-kmiecik/' are equal

2021-01-28 15:57:21 - [MESSAGE][PASSED] - Current window's url is: 'https://www.aptekarska.pl/o-nas/beata-tyszkiewicz-kmiecik/'

2021-01-28 15:57:21 - [MESSAGE][PASSED] - Actual object 'https://www.aptekarska.pl/o-nas/beata-tyszkiewicz-kmiecik/' and expected object 'https://www.aptekarska.pl/o-nas/beata-tyszkiewicz-kmiecik/' are equal

2021-01-28 15:57:21 - [TEST_STEP][PASSED] - click(findTestObject("Object Repository/Podstrona O nas Przyciski/Page_Beata Tyszkiewicz-Kmiecik - Aptekarska_133aa7/span_O nas")): Object: 'Object Repository/Podstrona O nas Przyciski/Page_Beata Tyszkiewicz-Kmiecik - Aptekarska_133aa7/span_O nas' is clicked on

2021-01-28 15:57:25 - [MESSAGE][PASSED] - Object: 'Object Repository/Podstrona O nas Przyciski/Page_Beata Tyszkiewicz-Kmiecik - Aptekarska_133aa7/span_O nas' is clicked on

2021-01-28 15:57:25 - [TEST_STEP][PASSED] - getUrl(): Current window's url is: 'https://www.aptekarska.pl/o-nas/'

2021-01-28 15:57:25 - [MESSAGE][PASSED] - Current window's url is: 'https://www.aptekarska.pl/o-nas/'

2021-01-28 15:57:25 - [TEST_STEP][PASSED] - verifyEqual(getUrl(), "https://www.aptekarska.pl/o-nas/"): Actual object 'https://www.aptekarska.pl/o-nas/' and expected object 'https://www.aptekarska.pl/o-nas/' are equal

2021-01-28 15:57:25 - [MESSAGE][PASSED] - Current window's url is: 'https://www.aptekarska.pl/o-nas/'

2021-01-28 15:57:25 - [MESSAGE][PASSED] - Actual object 'https://www.aptekarska.pl/o-nas/' and expected object 'https://www.aptekarska.pl/o-nas/' are equal

2021-01-28 15:57:25 - [TEST_STEP][PASSED] - click(findTestObject("Object Repository/Podstrona O nas Przyciski/Page_O nas - Aptekarska Szkoa Zarzdzania/a_Wicej")): Object: 'Object Repository/Podstrona O nas Przyciski/Page_O nas - Aptekarska Szkoa Zarzdzania/a_Wicej' is clicked on

2021-01-28 15:57:28 - [MESSAGE][PASSED] - Object: 'Object Repository/Podstrona O nas Przyciski/Page_O nas - Aptekarska Szkoa Zarzdzania/a_Wicej' is clicked on

2021-01-28 15:57:28 - [TEST_STEP][PASSED] - getUrl(): Current window's url is: 'https://www.aptekarska.pl/o-nas/beata-tyszkiewicz-kmiecik/'

2021-01-28 15:57:28 - [MESSAGE][PASSED] - Current window's url is: 'https://www.aptekarska.pl/o-nas/beata-tyszkiewicz-kmiecik/'

2021-01-28 15:57:28 - [TEST_STEP][PASSED] - verifyEqual(getUrl(), "https://www.aptekarska.pl/o-nas/beata-tyszkiewicz-kmiecik/"): Actual object 'https://www.aptekarska.pl/o-nas/beata-tyszkiewicz-kmiecik/' and expected object 'https://www.aptekarska.pl/o-nas/beata-tyszkiewicz-kmiecik/' are equal

2021-01-28 15:57:28 - [MESSAGE][PASSED] - Current window's url is: 'https://www.aptekarska.pl/o-nas/beata-tyszkiewicz-kmiecik/'

2021-01-28 15:57:28 - [MESSAGE][PASSED] - Actual object 'https://www.aptekarska.pl/o-nas/beata-tyszkiewicz-kmiecik/' and expected object 'https://www.aptekarska.pl/o-nas/beata-tyszkiewicz-kmiecik/' are equal

2021-01-28 15:57:28 - [TEST_STEP][PASSED] - click(findTestObject("Object Repository/Podstrona O nas Przyciski/Page_Beata Tyszkiewicz-Kmiecik - Aptekarska_133aa7/a_Wszystkie artykuy Beaty Tyszkiewicz-Kmiecik")): Object: 'Object Repository/Podstrona O nas Przyciski/Page_Beata Tyszkiewicz-Kmiecik - Aptekarska_133aa7/a_Wszystkie artykuy Beaty Tyszkiewicz-Kmiecik' is clicked on

2021-01-28 15:57:31 - [MESSAGE][PASSED] - Object: 'Object Repository/Podstrona O nas Przyciski/Page_Beata Tyszkiewicz-Kmiecik - Aptekarska_133aa7/a_Wszystkie artykuy Beaty Tyszkiewicz-Kmiecik' is clicked on

2021-01-28 15:57:31 - [TEST_STEP][PASSED] - getUrl(): Current window's url is: 'https://www.aptekarska.pl/category/artykuly/beata-tyszkiewicz-kmiecik/'

2021-01-28 15:57:31 - [MESSAGE][PASSED] - Current window's url is: 'https://www.aptekarska.pl/category/artykuly/beata-tyszkiewicz-kmiecik/'

2021-01-28 15:57:31 - [TEST_STEP][PASSED] - verifyEqual(getUrl(), "https://www.aptekarska.pl/category/artykuly/beata-tyszkiewicz-kmiecik/"): Actual object 'https://www.aptekarska.pl/category/artykuly/beata-tyszkiewicz-kmiecik/' and expected object 'https://www.aptekarska.pl/category/artykuly/beata-tyszkiewicz-kmiecik/' are equal

2021-01-28 15:57:31 - [MESSAGE][PASSED] - Current window's url is: 'https://www.aptekarska.pl/category/artykuly/beata-tyszkiewicz-kmiecik/'

2021-01-28 15:57:31 - [MESSAGE][PASSED] - Actual object 'https://www.aptekarska.pl/category/artykuly/beata-tyszkiewicz-kmiecik/' and expected object 'https://www.aptekarska.pl/category/artykuly/beata-tyszkiewicz-kmiecik/' are equal

2021-01-28 15:57:31 - [TEST_STEP][PASSED] - back(): Navigate back successfully

2021-01-28 15:57:32 - [MESSAGE][PASSED] - Navigate back successfully

2021-01-28 15:57:32 - [TEST_STEP][PASSED] - getUrl(): Current window's url is: 'https://www.aptekarska.pl/o-nas/beata-tyszkiewicz-kmiecik/'

2021-01-28 15:57:32 - [MESSAGE][PASSED] - Current window's url is: 'https://www.aptekarska.pl/o-nas/beata-tyszkiewicz-kmiecik/'

2021-01-28 15:57:32 - [TEST_STEP][PASSED] - verifyEqual(getUrl(), "https://www.aptekarska.pl/o-nas/beata-tyszkiewicz-kmiecik/"): Actual object 'https://www.aptekarska.pl/o-nas/beata-tyszkiewicz-kmiecik/' and expected object 'https://www.aptekarska.pl/o-nas/beata-tyszkiewicz-kmiecik/' are equal

2021-01-28 15:57:32 - [MESSAGE][PASSED] - Current window's url is: 'https://www.aptekarska.pl/o-nas/beata-tyszkiewicz-kmiecik/'

2021-01-28 15:57:32 - [MESSAGE][PASSED] - Actual object 'https://www.aptekarska.pl/o-nas/beata-tyszkiewicz-kmiecik/' and expected object 'https://www.aptekarska.pl/o-nas/beata-tyszkiewicz-kmiecik/' are equal

2021-01-28 15:57:32 - [TEST_STEP][PASSED] - click(findTestObject("Object Repository/Podstrona O nas Przyciski/Page_Beata Tyszkiewicz-Kmiecik - Aptekarska_133aa7/i")): Object: 'Object Repository/Podstrona O nas Przyciski/Page_Beata Tyszkiewicz-Kmiecik - Aptekarska_133aa7/i' is clicked on

2021-01-28 15:57:35 - [MESSAGE][PASSED] - Object: 'Object Repository/Podstrona O nas Przyciski/Page_Beata Tyszkiewicz-Kmiecik - Aptekarska_133aa7/i' is clicked on

2021-01-28 15:57:35 - [TEST_STEP][PASSED] - getUrl(): Current window's url is: 'https://www.aptekarska.pl/2020/12/04/mala-zmiana-ktora-daje-duze-efekty-w-polepszeniu-jakosci-obslugi-pacjenta-w-aptece/'

2021-01-28 15:57:35 - [MESSAGE][PASSED] - Current window's url is: 'https://www.aptekarska.pl/2020/12/04/mala-zmiana-ktora-daje-duze-efekty-w-polepszeniu-jakosci-obslugi-pacjenta-w-aptece/'

2021-01-28 15:57:35 - [TEST_STEP][PASSED] - verifyEqual(getUrl(), "https://www.aptekarska.pl/2020/12/04/mala-zmiana-ktora-daje-duze-efekty-w-polepszeniu-jakosci-obslugi-pacjenta-w-aptece/"): Actual object 'https://www.aptekarska.pl/2020/12/04/mala-zmiana-ktora-daje-duze-efekty-w-polepszeniu-jakosci-obslugi-pacjenta-w-aptece/' and expected object 'https://www.aptekarska.pl/2020/12/04/mala-zmiana-ktora-daje-duze-efekty-w-polepszeniu-jakosci-obslugi-pacjenta-w-aptece/' are equal

2021-01-28 15:57:35 - [MESSAGE][PASSED] - Current window's url is: 'https://www.aptekarska.pl/2020/12/04/mala-zmiana-ktora-daje-duze-efekty-w-polepszeniu-jakosci-obslugi-pacjenta-w-aptece/'

2021-01-28 15:57:35 - [MESSAGE][PASSED] - Actual object 'https://www.aptekarska.pl/2020/12/04/mala-zmiana-ktora-daje-duze-efekty-w-polepszeniu-jakosci-obslugi-pacjenta-w-aptece/' and expected object 'https://www.aptekarska.pl/2020/12/04/mala-zmiana-ktora-daje-duze-efekty-w-polepszeniu-jakosci-obslugi-pacjenta-w-aptece/' are equal

2021-01-28 15:57:35 - [TEST_STEP][PASSED] - back(): Navigate back successfully

2021-01-28 15:57:35 - [MESSAGE][PASSED] - Navigate back successfully

2021-01-28 15:57:35 - [TEST_STEP][PASSED] - getUrl(): Current window's url is: 'https://www.aptekarska.pl/o-nas/beata-tyszkiewicz-kmiecik/'

2021-01-28 15:57:35 - [MESSAGE][PASSED] - Current window's url is: 'https://www.aptekarska.pl/o-nas/beata-tyszkiewicz-kmiecik/'

2021-01-28 15:57:35 - [TEST_STEP][PASSED] - verifyEqual(getUrl(), "https://www.aptekarska.pl/o-nas/beata-tyszkiewicz-kmiecik/"): Actual object 'https://www.aptekarska.pl/o-nas/beata-tyszkiewicz-kmiecik/' and expected object 'https://www.aptekarska.pl/o-nas/beata-tyszkiewicz-kmiecik/' are equal

2021-01-28 15:57:35 - [MESSAGE][PASSED] - Current window's url is: 'https://www.aptekarska.pl/o-nas/beata-tyszkiewicz-kmiecik/'

2021-01-28 15:57:35 - [MESSAGE][PASSED] - Actual object 'https://www.aptekarska.pl/o-nas/beata-tyszkiewicz-kmiecik/' and expected object 'https://www.aptekarska.pl/o-nas/beata-tyszkiewicz-kmiecik/' are equal

2021-01-28 15:57:35 - [TEST_STEP][FAILED] - click(findTestObject("Object Repository/Podstrona O nas Przyciski/Page_Beata Tyszkiewicz-Kmiecik - Aptekarska_133aa7/span_O nas")): Unable to click on object 'Object Repository/Podstrona O nas Przyciski/Page_Beata Tyszkiewicz-Kmiecik - Aptekarska_133aa7/span_O nas' (Root cause: com.kms.katalon.core.exception.StepFailedException: Unable to click on object 'Object Repository/Podstrona O nas Przyciski/Page_Beata Tyszkiewicz-Kmiecik - Aptekarska_133aa7/span_O nas'
	at com.kms.katalon.core.webui.keyword.internal.WebUIKeywordMain.stepFailed(WebUIKeywordMain.groovy:64)
	at com.kms.katalon.core.webui.keyword.internal.WebUIKeywordMain.runKeyword(WebUIKeywordMain.groovy:26)
	at com.kms.katalon.core.webui.keyword.builtin.ClickKeyword.click(ClickKeyword.groovy:75)
	at com.kms.katalon.core.webui.keyword.builtin.ClickKeyword.execute(ClickKeyword.groovy:42)
	at com.kms.katalon.core.keyword.internal.KeywordExecutor.executeKeywordForPlatform(KeywordExecutor.groovy:73)
	at com.kms.katalon.core.webui.keyword.WebUiBuiltInKeywords.click(WebUiBuiltInKeywords.groovy:619)
	at com.kms.katalon.core.webui.keyword.WebUiBuiltInKeywords$click$1.call(Unknown Source)
	at Test przycisków - Podstrona O nas - Beata.run(Test przycisków - Podstrona O nas - Beata:67)
	at com.kms.katalon.core.main.ScriptEngine.run(ScriptEngine.java:194)
	at com.kms.katalon.core.main.ScriptEngine.runScriptAsRawText(ScriptEngine.java:119)
	at com.kms.katalon.core.main.TestCaseExecutor.runScript(TestCaseExecutor.java:398)
	at com.kms.katalon.core.main.TestCaseExecutor.doExecute(TestCaseExecutor.java:389)
	at com.kms.katalon.core.main.TestCaseExecutor.processExecutionPhase(TestCaseExecutor.java:368)
	at com.kms.katalon.core.main.TestCaseExecutor.accessMainPhase(TestCaseExecutor.java:360)
	at com.kms.katalon.core.main.TestCaseExecutor.execute(TestCaseExecutor.java:255)
	at com.kms.katalon.core.main.TestSuiteExecutor.accessTestCaseMainPhase(TestSuiteExecutor.java:203)
	at com.kms.katalon.core.main.TestSuiteExecutor.accessTestSuiteMainPhase(TestSuiteExecutor.java:152)
	at com.kms.katalon.core.main.TestSuiteExecutor.execute(TestSuiteExecutor.java:95)
	at com.kms.katalon.core.main.TestCaseMain.startTestSuite(TestCaseMain.java:157)
	at com.kms.katalon.core.main.TestCaseMain$startTestSuite$0.call(Unknown Source)
	at TempTestSuite1611845744433.run(TempTestSuite1611845744433.groovy:39)
Caused by: org.openqa.selenium.ElementClickInterceptedException: element click intercepted: Element <span itemprop="name">...</span> is not clickable at point (914, 7). Other element would receive the click: <ul id="primary-menu" class="main-nav underline-decoration l-to-r-line outside-item-remove-margin" role="menubar">...</ul>
  (Session info: chrome=88.0.4324.104)
Build info: version: '3.141.59', revision: 'e82be7d358', time: '2018-11-14T08:25:53'
System info: host: 'DESKTOP-HO0QCN7', ip: '192.168.50.1', os.name: 'Windows 10', os.arch: 'amd64', os.version: '10.0', java.version: '1.8.0_181'
Driver info: com.kms.katalon.selenium.driver.CChromeDriver
Capabilities {acceptInsecureCerts: false, browserName: chrome, browserVersion: 88.0.4324.104, chrome: {chromedriverVersion: 87.0.4280.88 (89e2380a3e36c..., userDataDir: C:\Users\STAZIN~1\AppData\L...}, goog:chromeOptions: {debuggerAddress: localhost:60068}, javascriptEnabled: true, networkConnectionEnabled: false, pageLoadStrategy: normal, platform: WINDOWS, platformName: WINDOWS, proxy: Proxy(), setWindowRect: true, strictFileInteractability: false, timeouts: {implicit: 0, pageLoad: 300000, script: 30000}, unhandledPromptBehavior: dismiss and notify, webauthn:virtualAuthenticators: true}
Session ID: 8699fc7391eb0ea3c7ca42a7f2f1939d
	at org.openqa.selenium.remote.http.W3CHttpResponseCodec.createException(W3CHttpResponseCodec.java:187)
	at org.openqa.selenium.remote.http.W3CHttpResponseCodec.decode(W3CHttpResponseCodec.java:122)
	at org.openqa.selenium.remote.http.W3CHttpResponseCodec.decode(W3CHttpResponseCodec.java:49)
	at org.openqa.selenium.remote.HttpCommandExecutor.execute(HttpCommandExecutor.java:158)
	at org.openqa.selenium.remote.service.DriverCommandExecutor.execute(DriverCommandExecutor.java:83)
	at org.openqa.selenium.remote.RemoteWebDriver.execute(RemoteWebDriver.java:552)
	at com.kms.katalon.selenium.driver.CChromeDriver.execute(CChromeDriver.java:19)
	at org.openqa.selenium.remote.RemoteWebElement.execute(RemoteWebElement.java:285)
	at org.openqa.selenium.remote.RemoteWebElement.click(RemoteWebElement.java:84)
	at org.openqa.selenium.support.events.EventFiringWebDriver$EventFiringWebElement.lambda$new$0(EventFiringWebDriver.java:404)
	at com.sun.proxy.$Proxy11.click(Unknown Source)
	at org.openqa.selenium.support.events.EventFiringWebDriver$EventFiringWebElement.click(EventFiringWebDriver.java:417)
	at com.kms.katalon.core.webui.keyword.builtin.ClickKeyword$_click_closure1.doCall(ClickKeyword.groovy:68)
	at com.kms.katalon.core.webui.keyword.builtin.ClickKeyword$_click_closure1.call(ClickKeyword.groovy)
	at com.kms.katalon.core.webui.keyword.internal.WebUIKeywordMain.runKeyword(WebUIKeywordMain.groovy:20)
	at com.kms.katalon.core.webui.keyword.builtin.ClickKeyword.click(ClickKeyword.groovy:75)
	at com.kms.katalon.core.webui.keyword.builtin.ClickKeyword.execute(ClickKeyword.groovy:42)
	at com.kms.katalon.core.keyword.internal.KeywordExecutor.executeKeywordForPlatform(KeywordExecutor.groovy:73)
	at com.kms.katalon.core.webui.keyword.WebUiBuiltInKeywords.click(WebUiBuiltInKeywords.groovy:619)
	at com.kms.katalon.core.webui.keyword.WebUiBuiltInKeywords$click$1.call(Unknown Source)
	at Script1611841581545.run(Script1611841581545.groovy:67)
	... 13 more
)

2021-01-28 15:57:37 - [MESSAGE][FAILED] - Unable to click on object 'Object Repository/Podstrona O nas Przyciski/Page_Beata Tyszkiewicz-Kmiecik - Aptekarska_133aa7/span_O nas' (Root cause: com.kms.katalon.core.exception.StepFailedException: Unable to click on object 'Object Repository/Podstrona O nas Przyciski/Page_Beata Tyszkiewicz-Kmiecik - Aptekarska_133aa7/span_O nas'
	at com.kms.katalon.core.webui.keyword.internal.WebUIKeywordMain.stepFailed(WebUIKeywordMain.groovy:64)
	at com.kms.katalon.core.webui.keyword.internal.WebUIKeywordMain.runKeyword(WebUIKeywordMain.groovy:26)
	at com.kms.katalon.core.webui.keyword.builtin.ClickKeyword.click(ClickKeyword.groovy:75)
	at com.kms.katalon.core.webui.keyword.builtin.ClickKeyword.execute(ClickKeyword.groovy:42)
	at com.kms.katalon.core.keyword.internal.KeywordExecutor.executeKeywordForPlatform(KeywordExecutor.groovy:73)
	at com.kms.katalon.core.webui.keyword.WebUiBuiltInKeywords.click(WebUiBuiltInKeywords.groovy:619)
	at com.kms.katalon.core.webui.keyword.WebUiBuiltInKeywords$click$1.call(Unknown Source)
	at Test przycisków - Podstrona O nas - Beata.run(Test przycisków - Podstrona O nas - Beata:67)
	at com.kms.katalon.core.main.ScriptEngine.run(ScriptEngine.java:194)
	at com.kms.katalon.core.main.ScriptEngine.runScriptAsRawText(ScriptEngine.java:119)
	at com.kms.katalon.core.main.TestCaseExecutor.runScript(TestCaseExecutor.java:398)
	at com.kms.katalon.core.main.TestCaseExecutor.doExecute(TestCaseExecutor.java:389)
	at com.kms.katalon.core.main.TestCaseExecutor.processExecutionPhase(TestCaseExecutor.java:368)
	at com.kms.katalon.core.main.TestCaseExecutor.accessMainPhase(TestCaseExecutor.java:360)
	at com.kms.katalon.core.main.TestCaseExecutor.execute(TestCaseExecutor.java:255)
	at com.kms.katalon.core.main.TestSuiteExecutor.accessTestCaseMainPhase(TestSuiteExecutor.java:203)
	at com.kms.katalon.core.main.TestSuiteExecutor.accessTestSuiteMainPhase(TestSuiteExecutor.java:152)
	at com.kms.katalon.core.main.TestSuiteExecutor.execute(TestSuiteExecutor.java:95)
	at com.kms.katalon.core.main.TestCaseMain.startTestSuite(TestCaseMain.java:157)
	at com.kms.katalon.core.main.TestCaseMain$startTestSuite$0.call(Unknown Source)
	at TempTestSuite1611845744433.run(TempTestSuite1611845744433.groovy:39)
Caused by: org.openqa.selenium.ElementClickInterceptedException: element click intercepted: Element <span itemprop="name">...</span> is not clickable at point (914, 7). Other element would receive the click: <ul id="primary-menu" class="main-nav underline-decoration l-to-r-line outside-item-remove-margin" role="menubar">...</ul>
  (Session info: chrome=88.0.4324.104)
Build info: version: '3.141.59', revision: 'e82be7d358', time: '2018-11-14T08:25:53'
System info: host: 'DESKTOP-HO0QCN7', ip: '192.168.50.1', os.name: 'Windows 10', os.arch: 'amd64', os.version: '10.0', java.version: '1.8.0_181'
Driver info: com.kms.katalon.selenium.driver.CChromeDriver
Capabilities {acceptInsecureCerts: false, browserName: chrome, browserVersion: 88.0.4324.104, chrome: {chromedriverVersion: 87.0.4280.88 (89e2380a3e36c..., userDataDir: C:\Users\STAZIN~1\AppData\L...}, goog:chromeOptions: {debuggerAddress: localhost:60068}, javascriptEnabled: true, networkConnectionEnabled: false, pageLoadStrategy: normal, platform: WINDOWS, platformName: WINDOWS, proxy: Proxy(), setWindowRect: true, strictFileInteractability: false, timeouts: {implicit: 0, pageLoad: 300000, script: 30000}, unhandledPromptBehavior: dismiss and notify, webauthn:virtualAuthenticators: true}
Session ID: 8699fc7391eb0ea3c7ca42a7f2f1939d
	at org.openqa.selenium.remote.http.W3CHttpResponseCodec.createException(W3CHttpResponseCodec.java:187)
	at org.openqa.selenium.remote.http.W3CHttpResponseCodec.decode(W3CHttpResponseCodec.java:122)
	at org.openqa.selenium.remote.http.W3CHttpResponseCodec.decode(W3CHttpResponseCodec.java:49)
	at org.openqa.selenium.remote.HttpCommandExecutor.execute(HttpCommandExecutor.java:158)
	at org.openqa.selenium.remote.service.DriverCommandExecutor.execute(DriverCommandExecutor.java:83)
	at org.openqa.selenium.remote.RemoteWebDriver.execute(RemoteWebDriver.java:552)
	at com.kms.katalon.selenium.driver.CChromeDriver.execute(CChromeDriver.java:19)
	at org.openqa.selenium.remote.RemoteWebElement.execute(RemoteWebElement.java:285)
	at org.openqa.selenium.remote.RemoteWebElement.click(RemoteWebElement.java:84)
	at org.openqa.selenium.support.events.EventFiringWebDriver$EventFiringWebElement.lambda$new$0(EventFiringWebDriver.java:404)
	at com.sun.proxy.$Proxy11.click(Unknown Source)
	at org.openqa.selenium.support.events.EventFiringWebDriver$EventFiringWebElement.click(EventFiringWebDriver.java:417)
	at com.kms.katalon.core.webui.keyword.builtin.ClickKeyword$_click_closure1.doCall(ClickKeyword.groovy:68)
	at com.kms.katalon.core.webui.keyword.builtin.ClickKeyword$_click_closure1.call(ClickKeyword.groovy)
	at com.kms.katalon.core.webui.keyword.internal.WebUIKeywordMain.runKeyword(WebUIKeywordMain.groovy:20)
	at com.kms.katalon.core.webui.keyword.builtin.ClickKeyword.click(ClickKeyword.groovy:75)
	at com.kms.katalon.core.webui.keyword.builtin.ClickKeyword.execute(ClickKeyword.groovy:42)
	at com.kms.katalon.core.keyword.internal.KeywordExecutor.executeKeywordForPlatform(KeywordExecutor.groovy:73)
	at com.kms.katalon.core.webui.keyword.WebUiBuiltInKeywords.click(WebUiBuiltInKeywords.groovy:619)
	at com.kms.katalon.core.webui.keyword.WebUiBuiltInKeywords$click$1.call(Unknown Source)
	at Script1611841581545.run(Script1611841581545.groovy:67)
	... 13 more
)
[[ATTACHMENT|C:\\Users\\Staz Intersiec\\Documents\\Aptekarska.pl_UI_Tests\\Reports\\20210128_155538\\O nas\\20210128_155544\\1611845857409.png]]]]></system-out>
         <system-err><![CDATA[2021-01-28 15:57:05 - [TEST_CASE][FAILED] - Test Cases/O nas/Test przycisków - Podstrona O nas - Beata: Test Cases/O nas/Test przycisków - Podstrona O nas - Beata FAILED.
Reason:
com.kms.katalon.core.exception.StepFailedException: Unable to click on object 'Object Repository/Podstrona O nas Przyciski/Page_Beata Tyszkiewicz-Kmiecik - Aptekarska_133aa7/span_O nas'
	at com.kms.katalon.core.webui.keyword.internal.WebUIKeywordMain.stepFailed(WebUIKeywordMain.groovy:64)
	at com.kms.katalon.core.webui.keyword.internal.WebUIKeywordMain.runKeyword(WebUIKeywordMain.groovy:26)
	at com.kms.katalon.core.webui.keyword.builtin.ClickKeyword.click(ClickKeyword.groovy:75)
	at com.kms.katalon.core.webui.keyword.builtin.ClickKeyword.execute(ClickKeyword.groovy:42)
	at com.kms.katalon.core.keyword.internal.KeywordExecutor.executeKeywordForPlatform(KeywordExecutor.groovy:73)
	at com.kms.katalon.core.webui.keyword.WebUiBuiltInKeywords.click(WebUiBuiltInKeywords.groovy:619)
	at com.kms.katalon.core.webui.keyword.WebUiBuiltInKeywords$click$1.call(Unknown Source)
	at Test przycisków - Podstrona O nas - Beata.run(Test przycisków - Podstrona O nas - Beata:67)
	at com.kms.katalon.core.main.ScriptEngine.run(ScriptEngine.java:194)
	at com.kms.katalon.core.main.ScriptEngine.runScriptAsRawText(ScriptEngine.java:119)
	at com.kms.katalon.core.main.TestCaseExecutor.runScript(TestCaseExecutor.java:398)
	at com.kms.katalon.core.main.TestCaseExecutor.doExecute(TestCaseExecutor.java:389)
	at com.kms.katalon.core.main.TestCaseExecutor.processExecutionPhase(TestCaseExecutor.java:368)
	at com.kms.katalon.core.main.TestCaseExecutor.accessMainPhase(TestCaseExecutor.java:360)
	at com.kms.katalon.core.main.TestCaseExecutor.execute(TestCaseExecutor.java:255)
	at com.kms.katalon.core.main.TestSuiteExecutor.accessTestCaseMainPhase(TestSuiteExecutor.java:203)
	at com.kms.katalon.core.main.TestSuiteExecutor.accessTestSuiteMainPhase(TestSuiteExecutor.java:152)
	at com.kms.katalon.core.main.TestSuiteExecutor.execute(TestSuiteExecutor.java:95)
	at com.kms.katalon.core.main.TestCaseMain.startTestSuite(TestCaseMain.java:157)
	at com.kms.katalon.core.main.TestCaseMain$startTestSuite$0.call(Unknown Source)
	at TempTestSuite1611845744433.run(TempTestSuite1611845744433.groovy:39)
Caused by: org.openqa.selenium.ElementClickInterceptedException: element click intercepted: Element <span itemprop="name">...</span> is not clickable at point (914, 7). Other element would receive the click: <ul id="primary-menu" class="main-nav underline-decoration l-to-r-line outside-item-remove-margin" role="menubar">...</ul>
  (Session info: chrome=88.0.4324.104)
Build info: version: '3.141.59', revision: 'e82be7d358', time: '2018-11-14T08:25:53'
System info: host: 'DESKTOP-HO0QCN7', ip: '192.168.50.1', os.name: 'Windows 10', os.arch: 'amd64', os.version: '10.0', java.version: '1.8.0_181'
Driver info: com.kms.katalon.selenium.driver.CChromeDriver
Capabilities {acceptInsecureCerts: false, browserName: chrome, browserVersion: 88.0.4324.104, chrome: {chromedriverVersion: 87.0.4280.88 (89e2380a3e36c..., userDataDir: C:\Users\STAZIN~1\AppData\L...}, goog:chromeOptions: {debuggerAddress: localhost:60068}, javascriptEnabled: true, networkConnectionEnabled: false, pageLoadStrategy: normal, platform: WINDOWS, platformName: WINDOWS, proxy: Proxy(), setWindowRect: true, strictFileInteractability: false, timeouts: {implicit: 0, pageLoad: 300000, script: 30000}, unhandledPromptBehavior: dismiss and notify, webauthn:virtualAuthenticators: true}
Session ID: 8699fc7391eb0ea3c7ca42a7f2f1939d
	at org.openqa.selenium.remote.http.W3CHttpResponseCodec.createException(W3CHttpResponseCodec.java:187)
	at org.openqa.selenium.remote.http.W3CHttpResponseCodec.decode(W3CHttpResponseCodec.java:122)
	at org.openqa.selenium.remote.http.W3CHttpResponseCodec.decode(W3CHttpResponseCodec.java:49)
	at org.openqa.selenium.remote.HttpCommandExecutor.execute(HttpCommandExecutor.java:158)
	at org.openqa.selenium.remote.service.DriverCommandExecutor.execute(DriverCommandExecutor.java:83)
	at org.openqa.selenium.remote.RemoteWebDriver.execute(RemoteWebDriver.java:552)
	at com.kms.katalon.selenium.driver.CChromeDriver.execute(CChromeDriver.java:19)
	at org.openqa.selenium.remote.RemoteWebElement.execute(RemoteWebElement.java:285)
	at org.openqa.selenium.remote.RemoteWebElement.click(RemoteWebElement.java:84)
	at org.openqa.selenium.support.events.EventFiringWebDriver$EventFiringWebElement.lambda$new$0(EventFiringWebDriver.java:404)
	at com.sun.proxy.$Proxy11.click(Unknown Source)
	at org.openqa.selenium.support.events.EventFiringWebDriver$EventFiringWebElement.click(EventFiringWebDriver.java:417)
	at com.kms.katalon.core.webui.keyword.builtin.ClickKeyword$_click_closure1.doCall(ClickKeyword.groovy:68)
	at com.kms.katalon.core.webui.keyword.builtin.ClickKeyword$_click_closure1.call(ClickKeyword.groovy)
	at com.kms.katalon.core.webui.keyword.internal.WebUIKeywordMain.runKeyword(WebUIKeywordMain.groovy:20)
	... 19 more]]></system-err>
      </testcase>
      <testcase name="Test Cases/O nas/Test przycisków - Podstrona O nas - Dominika" time="31.981" classname="Test Cases/O nas/Test przycisków - Podstrona O nas - Dominika" status="FAILED">
         <failure type="FAILED" message="Test Cases/O nas/Test przycisków - Podstrona O nas - Dominika FAILED.
Reason:
com.kms.katalon.core.exception.StepFailedException: Unable to click on object 'Object Repository/Podstrona O nas Przyciski/Page_Dominika Nawrocka-Romanik - Aptekarska_aaad20/span_O nas'
	at com.kms.katalon.core.webui.keyword.internal.WebUIKeywordMain.stepFailed(WebUIKeywordMain.groovy:64)
	at com.kms.katalon.core.webui.keyword.internal.WebUIKeywordMain.runKeyword(WebUIKeywordMain.groovy:26)
	at com.kms.katalon.core.webui.keyword.builtin.ClickKeyword.click(ClickKeyword.groovy:75)
	at com.kms.katalon.core.webui.keyword.builtin.ClickKeyword.execute(ClickKeyword.groovy:42)
	at com.kms.katalon.core.keyword.internal.KeywordExecutor.executeKeywordForPlatform(KeywordExecutor.groovy:73)
	at com.kms.katalon.core.webui.keyword.WebUiBuiltInKeywords.click(WebUiBuiltInKeywords.groovy:619)
	at com.kms.katalon.core.webui.keyword.WebUiBuiltInKeywords$click$1.call(Unknown Source)
	at Test przycisków - Podstrona O nas - Dominika.run(Test przycisków - Podstrona O nas - Dominika:91)
	at com.kms.katalon.core.main.ScriptEngine.run(ScriptEngine.java:194)
	at com.kms.katalon.core.main.ScriptEngine.runScriptAsRawText(ScriptEngine.java:119)
	at com.kms.katalon.core.main.TestCaseExecutor.runScript(TestCaseExecutor.java:398)
	at com.kms.katalon.core.main.TestCaseExecutor.doExecute(TestCaseExecutor.java:389)
	at com.kms.katalon.core.main.TestCaseExecutor.processExecutionPhase(TestCaseExecutor.java:368)
	at com.kms.katalon.core.main.TestCaseExecutor.accessMainPhase(TestCaseExecutor.java:360)
	at com.kms.katalon.core.main.TestCaseExecutor.execute(TestCaseExecutor.java:255)
	at com.kms.katalon.core.main.TestSuiteExecutor.accessTestCaseMainPhase(TestSuiteExecutor.java:203)
	at com.kms.katalon.core.main.TestSuiteExecutor.accessTestSuiteMainPhase(TestSuiteExecutor.java:152)
	at com.kms.katalon.core.main.TestSuiteExecutor.execute(TestSuiteExecutor.java:95)
	at com.kms.katalon.core.main.TestCaseMain.startTestSuite(TestCaseMain.java:157)
	at com.kms.katalon.core.main.TestCaseMain$startTestSuite$0.call(Unknown Source)
	at TempTestSuite1611845744433.run(TempTestSuite1611845744433.groovy:39)
Caused by: org.openqa.selenium.ElementClickInterceptedException: element click intercepted: Element &lt;span itemprop=&quot;name&quot;>...&lt;/span> is not clickable at point (907, 7). Other element would receive the click: &lt;ul id=&quot;primary-menu&quot; class=&quot;main-nav underline-decoration l-to-r-line outside-item-remove-margin&quot; role=&quot;menubar&quot;>...&lt;/ul>
  (Session info: chrome=88.0.4324.104)
Build info: version: '3.141.59', revision: 'e82be7d358', time: '2018-11-14T08:25:53'
System info: host: 'DESKTOP-HO0QCN7', ip: '192.168.50.1', os.name: 'Windows 10', os.arch: 'amd64', os.version: '10.0', java.version: '1.8.0_181'
Driver info: com.kms.katalon.selenium.driver.CChromeDriver
Capabilities {acceptInsecureCerts: false, browserName: chrome, browserVersion: 88.0.4324.104, chrome: {chromedriverVersion: 87.0.4280.88 (89e2380a3e36c..., userDataDir: C:\Users\STAZIN~1\AppData\L...}, goog:chromeOptions: {debuggerAddress: localhost:60103}, javascriptEnabled: true, networkConnectionEnabled: false, pageLoadStrategy: normal, platform: WINDOWS, platformName: WINDOWS, proxy: Proxy(), setWindowRect: true, strictFileInteractability: false, timeouts: {implicit: 0, pageLoad: 300000, script: 30000}, unhandledPromptBehavior: dismiss and notify, webauthn:virtualAuthenticators: true}
Session ID: 2cd2ddba188b4f5dce4ae22bf2800211
	at org.openqa.selenium.remote.http.W3CHttpResponseCodec.createException(W3CHttpResponseCodec.java:187)
	at org.openqa.selenium.remote.http.W3CHttpResponseCodec.decode(W3CHttpResponseCodec.java:122)
	at org.openqa.selenium.remote.http.W3CHttpResponseCodec.decode(W3CHttpResponseCodec.java:49)
	at org.openqa.selenium.remote.HttpCommandExecutor.execute(HttpCommandExecutor.java:158)
	at org.openqa.selenium.remote.service.DriverCommandExecutor.execute(DriverCommandExecutor.java:83)
	at org.openqa.selenium.remote.RemoteWebDriver.execute(RemoteWebDriver.java:552)
	at com.kms.katalon.selenium.driver.CChromeDriver.execute(CChromeDriver.java:19)
	at org.openqa.selenium.remote.RemoteWebElement.execute(RemoteWebElement.java:285)
	at org.openqa.selenium.remote.RemoteWebElement.click(RemoteWebElement.java:84)
	at org.openqa.selenium.support.events.EventFiringWebDriver$EventFiringWebElement.lambda$new$0(EventFiringWebDriver.java:404)
	at com.sun.proxy.$Proxy11.click(Unknown Source)
	at org.openqa.selenium.support.events.EventFiringWebDriver$EventFiringWebElement.click(EventFiringWebDriver.java:417)
	at com.kms.katalon.core.webui.keyword.builtin.ClickKeyword$_click_closure1.doCall(ClickKeyword.groovy:68)
	at com.kms.katalon.core.webui.keyword.builtin.ClickKeyword$_click_closure1.call(ClickKeyword.groovy)
	at com.kms.katalon.core.webui.keyword.internal.WebUIKeywordMain.runKeyword(WebUIKeywordMain.groovy:20)
	... 19 more
"/>
         <system-out><![CDATA[2021-01-28 15:57:37 - [TEST_CASE][FAILED] - Test Cases/O nas/Test przycisków - Podstrona O nas - Dominika: Test Cases/O nas/Test przycisków - Podstrona O nas - Dominika FAILED.
Reason:
com.kms.katalon.core.exception.StepFailedException: Unable to click on object 'Object Repository/Podstrona O nas Przyciski/Page_Dominika Nawrocka-Romanik - Aptekarska_aaad20/span_O nas'
	at com.kms.katalon.core.webui.keyword.internal.WebUIKeywordMain.stepFailed(WebUIKeywordMain.groovy:64)
	at com.kms.katalon.core.webui.keyword.internal.WebUIKeywordMain.runKeyword(WebUIKeywordMain.groovy:26)
	at com.kms.katalon.core.webui.keyword.builtin.ClickKeyword.click(ClickKeyword.groovy:75)
	at com.kms.katalon.core.webui.keyword.builtin.ClickKeyword.execute(ClickKeyword.groovy:42)
	at com.kms.katalon.core.keyword.internal.KeywordExecutor.executeKeywordForPlatform(KeywordExecutor.groovy:73)
	at com.kms.katalon.core.webui.keyword.WebUiBuiltInKeywords.click(WebUiBuiltInKeywords.groovy:619)
	at com.kms.katalon.core.webui.keyword.WebUiBuiltInKeywords$click$1.call(Unknown Source)
	at Test przycisków - Podstrona O nas - Dominika.run(Test przycisków - Podstrona O nas - Dominika:91)
	at com.kms.katalon.core.main.ScriptEngine.run(ScriptEngine.java:194)
	at com.kms.katalon.core.main.ScriptEngine.runScriptAsRawText(ScriptEngine.java:119)
	at com.kms.katalon.core.main.TestCaseExecutor.runScript(TestCaseExecutor.java:398)
	at com.kms.katalon.core.main.TestCaseExecutor.doExecute(TestCaseExecutor.java:389)
	at com.kms.katalon.core.main.TestCaseExecutor.processExecutionPhase(TestCaseExecutor.java:368)
	at com.kms.katalon.core.main.TestCaseExecutor.accessMainPhase(TestCaseExecutor.java:360)
	at com.kms.katalon.core.main.TestCaseExecutor.execute(TestCaseExecutor.java:255)
	at com.kms.katalon.core.main.TestSuiteExecutor.accessTestCaseMainPhase(TestSuiteExecutor.java:203)
	at com.kms.katalon.core.main.TestSuiteExecutor.accessTestSuiteMainPhase(TestSuiteExecutor.java:152)
	at com.kms.katalon.core.main.TestSuiteExecutor.execute(TestSuiteExecutor.java:95)
	at com.kms.katalon.core.main.TestCaseMain.startTestSuite(TestCaseMain.java:157)
	at com.kms.katalon.core.main.TestCaseMain$startTestSuite$0.call(Unknown Source)
	at TempTestSuite1611845744433.run(TempTestSuite1611845744433.groovy:39)
Caused by: org.openqa.selenium.ElementClickInterceptedException: element click intercepted: Element <span itemprop="name">...</span> is not clickable at point (907, 7). Other element would receive the click: <ul id="primary-menu" class="main-nav underline-decoration l-to-r-line outside-item-remove-margin" role="menubar">...</ul>
  (Session info: chrome=88.0.4324.104)
Build info: version: '3.141.59', revision: 'e82be7d358', time: '2018-11-14T08:25:53'
System info: host: 'DESKTOP-HO0QCN7', ip: '192.168.50.1', os.name: 'Windows 10', os.arch: 'amd64', os.version: '10.0', java.version: '1.8.0_181'
Driver info: com.kms.katalon.selenium.driver.CChromeDriver
Capabilities {acceptInsecureCerts: false, browserName: chrome, browserVersion: 88.0.4324.104, chrome: {chromedriverVersion: 87.0.4280.88 (89e2380a3e36c..., userDataDir: C:\Users\STAZIN~1\AppData\L...}, goog:chromeOptions: {debuggerAddress: localhost:60103}, javascriptEnabled: true, networkConnectionEnabled: false, pageLoadStrategy: normal, platform: WINDOWS, platformName: WINDOWS, proxy: Proxy(), setWindowRect: true, strictFileInteractability: false, timeouts: {implicit: 0, pageLoad: 300000, script: 30000}, unhandledPromptBehavior: dismiss and notify, webauthn:virtualAuthenticators: true}
Session ID: 2cd2ddba188b4f5dce4ae22bf2800211
	at org.openqa.selenium.remote.http.W3CHttpResponseCodec.createException(W3CHttpResponseCodec.java:187)
	at org.openqa.selenium.remote.http.W3CHttpResponseCodec.decode(W3CHttpResponseCodec.java:122)
	at org.openqa.selenium.remote.http.W3CHttpResponseCodec.decode(W3CHttpResponseCodec.java:49)
	at org.openqa.selenium.remote.HttpCommandExecutor.execute(HttpCommandExecutor.java:158)
	at org.openqa.selenium.remote.service.DriverCommandExecutor.execute(DriverCommandExecutor.java:83)
	at org.openqa.selenium.remote.RemoteWebDriver.execute(RemoteWebDriver.java:552)
	at com.kms.katalon.selenium.driver.CChromeDriver.execute(CChromeDriver.java:19)
	at org.openqa.selenium.remote.RemoteWebElement.execute(RemoteWebElement.java:285)
	at org.openqa.selenium.remote.RemoteWebElement.click(RemoteWebElement.java:84)
	at org.openqa.selenium.support.events.EventFiringWebDriver$EventFiringWebElement.lambda$new$0(EventFiringWebDriver.java:404)
	at com.sun.proxy.$Proxy11.click(Unknown Source)
	at org.openqa.selenium.support.events.EventFiringWebDriver$EventFiringWebElement.click(EventFiringWebDriver.java:417)
	at com.kms.katalon.core.webui.keyword.builtin.ClickKeyword$_click_closure1.doCall(ClickKeyword.groovy:68)
	at com.kms.katalon.core.webui.keyword.builtin.ClickKeyword$_click_closure1.call(ClickKeyword.groovy)
	at com.kms.katalon.core.webui.keyword.internal.WebUIKeywordMain.runKeyword(WebUIKeywordMain.groovy:20)
	... 19 more


2021-01-28 15:57:38 - [TEST_STEP][PASSED] - openBrowser(""): Browser is opened with url: ''

2021-01-28 15:57:38 - [MESSAGE][WARNING] - A browser is already opened. Closing browser and opening a new one

2021-01-28 15:57:39 - [MESSAGE][INFO] - Starting 'Chrome' driver

2021-01-28 15:57:39 - [MESSAGE][INFO] - Action delay is set to 0 milliseconds

2021-01-28 15:57:42 - [MESSAGE][PASSED] - Browser is opened with url: ''

2021-01-28 15:57:42 - [TEST_STEP][PASSED] - maximizeWindow(): Current window maximized

2021-01-28 15:57:44 - [MESSAGE][PASSED] - Current window maximized

2021-01-28 15:57:44 - [TEST_STEP][PASSED] - navigateToUrl("https://www.aptekarska.pl/o-nas/"): Navigate to 'https://www.aptekarska.pl/o-nas/' successfully

2021-01-28 15:57:49 - [MESSAGE][PASSED] - Navigate to 'https://www.aptekarska.pl/o-nas/' successfully

2021-01-28 15:57:49 - [TEST_STEP][PASSED] - click(findTestObject("Object Repository/Podstrona O nas Przyciski/Page_O nas - Aptekarska Szkoa Zarzdzania/button_Nie zgadzam si")): Object: 'Object Repository/Podstrona O nas Przyciski/Page_O nas - Aptekarska Szkoa Zarzdzania/button_Nie zgadzam si' is clicked on

2021-01-28 15:57:49 - [MESSAGE][PASSED] - Object: 'Object Repository/Podstrona O nas Przyciski/Page_O nas - Aptekarska Szkoa Zarzdzania/button_Nie zgadzam si' is clicked on

2021-01-28 15:57:49 - [TEST_STEP][PASSED] - click(findTestObject("Object Repository/Podstrona O nas Przyciski/Page_O nas - Aptekarska Szkoa Zarzdzania/i_1")): Object: 'Object Repository/Podstrona O nas Przyciski/Page_O nas - Aptekarska Szkoa Zarzdzania/i_1' is clicked on

2021-01-28 15:57:53 - [MESSAGE][PASSED] - Object: 'Object Repository/Podstrona O nas Przyciski/Page_O nas - Aptekarska Szkoa Zarzdzania/i_1' is clicked on

2021-01-28 15:57:53 - [TEST_STEP][PASSED] - waitForPageLoad(3): Wait for page load successfully

2021-01-28 15:57:53 - [MESSAGE][PASSED] - Wait for page load successfully

2021-01-28 15:57:53 - [TEST_STEP][PASSED] - getUrl(): Current window's url is: 'https://www.aptekarska.pl/o-nas/dominika-nawrocka-romanik/'

2021-01-28 15:57:53 - [MESSAGE][PASSED] - Current window's url is: 'https://www.aptekarska.pl/o-nas/dominika-nawrocka-romanik/'

2021-01-28 15:57:53 - [TEST_STEP][PASSED] - verifyEqual(getUrl(), "https://www.aptekarska.pl/o-nas/dominika-nawrocka-romanik/"): Actual object 'https://www.aptekarska.pl/o-nas/dominika-nawrocka-romanik/' and expected object 'https://www.aptekarska.pl/o-nas/dominika-nawrocka-romanik/' are equal

2021-01-28 15:57:53 - [MESSAGE][PASSED] - Current window's url is: 'https://www.aptekarska.pl/o-nas/dominika-nawrocka-romanik/'

2021-01-28 15:57:53 - [MESSAGE][PASSED] - Actual object 'https://www.aptekarska.pl/o-nas/dominika-nawrocka-romanik/' and expected object 'https://www.aptekarska.pl/o-nas/dominika-nawrocka-romanik/' are equal

2021-01-28 15:57:53 - [TEST_STEP][PASSED] - click(findTestObject("Object Repository/Podstrona O nas Przyciski/Page_Dominika Nawrocka-Romanik - Aptekarska_aaad20/span_O nas")): Object: 'Object Repository/Podstrona O nas Przyciski/Page_Dominika Nawrocka-Romanik - Aptekarska_aaad20/span_O nas' is clicked on

2021-01-28 15:57:56 - [MESSAGE][PASSED] - Object: 'Object Repository/Podstrona O nas Przyciski/Page_Dominika Nawrocka-Romanik - Aptekarska_aaad20/span_O nas' is clicked on

2021-01-28 15:57:56 - [TEST_STEP][PASSED] - waitForPageLoad(3): Wait for page load successfully

2021-01-28 15:57:56 - [MESSAGE][PASSED] - Wait for page load successfully

2021-01-28 15:57:56 - [TEST_STEP][PASSED] - getUrl(): Current window's url is: 'https://www.aptekarska.pl/o-nas/'

2021-01-28 15:57:56 - [MESSAGE][PASSED] - Current window's url is: 'https://www.aptekarska.pl/o-nas/'

2021-01-28 15:57:56 - [TEST_STEP][PASSED] - verifyEqual(getUrl(), "https://www.aptekarska.pl/o-nas/"): Actual object 'https://www.aptekarska.pl/o-nas/' and expected object 'https://www.aptekarska.pl/o-nas/' are equal

2021-01-28 15:57:56 - [MESSAGE][PASSED] - Current window's url is: 'https://www.aptekarska.pl/o-nas/'

2021-01-28 15:57:56 - [MESSAGE][PASSED] - Actual object 'https://www.aptekarska.pl/o-nas/' and expected object 'https://www.aptekarska.pl/o-nas/' are equal

2021-01-28 15:57:56 - [TEST_STEP][PASSED] - click(findTestObject("Object Repository/Podstrona O nas Przyciski/Page_O nas - Aptekarska Szkoa Zarzdzania/a_Wicej_1")): Object: 'Object Repository/Podstrona O nas Przyciski/Page_O nas - Aptekarska Szkoa Zarzdzania/a_Wicej_1' is clicked on

2021-01-28 15:57:59 - [MESSAGE][PASSED] - Object: 'Object Repository/Podstrona O nas Przyciski/Page_O nas - Aptekarska Szkoa Zarzdzania/a_Wicej_1' is clicked on

2021-01-28 15:57:59 - [TEST_STEP][PASSED] - waitForPageLoad(3): Wait for page load successfully

2021-01-28 15:57:59 - [MESSAGE][PASSED] - Wait for page load successfully

2021-01-28 15:57:59 - [TEST_STEP][PASSED] - getUrl(): Current window's url is: 'https://www.aptekarska.pl/o-nas/dominika-nawrocka-romanik/'

2021-01-28 15:57:59 - [MESSAGE][PASSED] - Current window's url is: 'https://www.aptekarska.pl/o-nas/dominika-nawrocka-romanik/'

2021-01-28 15:57:59 - [TEST_STEP][PASSED] - verifyEqual(getUrl(), "https://www.aptekarska.pl/o-nas/dominika-nawrocka-romanik/"): Actual object 'https://www.aptekarska.pl/o-nas/dominika-nawrocka-romanik/' and expected object 'https://www.aptekarska.pl/o-nas/dominika-nawrocka-romanik/' are equal

2021-01-28 15:57:59 - [MESSAGE][PASSED] - Current window's url is: 'https://www.aptekarska.pl/o-nas/dominika-nawrocka-romanik/'

2021-01-28 15:57:59 - [MESSAGE][PASSED] - Actual object 'https://www.aptekarska.pl/o-nas/dominika-nawrocka-romanik/' and expected object 'https://www.aptekarska.pl/o-nas/dominika-nawrocka-romanik/' are equal

2021-01-28 15:57:59 - [TEST_STEP][PASSED] - click(findTestObject("Object Repository/Podstrona O nas Przyciski/Page_Dominika Nawrocka-Romanik - Aptekarska_aaad20/a_Wszystkie artykuy Dominiki Nawrockiej-Romanik")): Object: 'Object Repository/Podstrona O nas Przyciski/Page_Dominika Nawrocka-Romanik - Aptekarska_aaad20/a_Wszystkie artykuy Dominiki Nawrockiej-Romanik' is clicked on

2021-01-28 15:58:02 - [MESSAGE][PASSED] - Object: 'Object Repository/Podstrona O nas Przyciski/Page_Dominika Nawrocka-Romanik - Aptekarska_aaad20/a_Wszystkie artykuy Dominiki Nawrockiej-Romanik' is clicked on

2021-01-28 15:58:02 - [TEST_STEP][PASSED] - waitForPageLoad(3): Wait for page load successfully

2021-01-28 15:58:02 - [MESSAGE][PASSED] - Wait for page load successfully

2021-01-28 15:58:02 - [TEST_STEP][PASSED] - getUrl(): Current window's url is: 'https://www.aptekarska.pl/category/artykuly/dominika-nawrocka-romanik/'

2021-01-28 15:58:02 - [MESSAGE][PASSED] - Current window's url is: 'https://www.aptekarska.pl/category/artykuly/dominika-nawrocka-romanik/'

2021-01-28 15:58:02 - [TEST_STEP][PASSED] - verifyEqual(getUrl(), "https://www.aptekarska.pl/category/artykuly/dominika-nawrocka-romanik/"): Actual object 'https://www.aptekarska.pl/category/artykuly/dominika-nawrocka-romanik/' and expected object 'https://www.aptekarska.pl/category/artykuly/dominika-nawrocka-romanik/' are equal

2021-01-28 15:58:03 - [MESSAGE][PASSED] - Current window's url is: 'https://www.aptekarska.pl/category/artykuly/dominika-nawrocka-romanik/'

2021-01-28 15:58:03 - [MESSAGE][PASSED] - Actual object 'https://www.aptekarska.pl/category/artykuly/dominika-nawrocka-romanik/' and expected object 'https://www.aptekarska.pl/category/artykuly/dominika-nawrocka-romanik/' are equal

2021-01-28 15:58:03 - [TEST_STEP][PASSED] - back(): Navigate back successfully

2021-01-28 15:58:03 - [MESSAGE][PASSED] - Navigate back successfully

2021-01-28 15:58:03 - [TEST_STEP][PASSED] - waitForPageLoad(3): Wait for page load successfully

2021-01-28 15:58:03 - [MESSAGE][PASSED] - Wait for page load successfully

2021-01-28 15:58:03 - [TEST_STEP][PASSED] - getUrl(): Current window's url is: 'https://www.aptekarska.pl/o-nas/dominika-nawrocka-romanik/'

2021-01-28 15:58:03 - [MESSAGE][PASSED] - Current window's url is: 'https://www.aptekarska.pl/o-nas/dominika-nawrocka-romanik/'

2021-01-28 15:58:03 - [TEST_STEP][PASSED] - verifyEqual(getUrl(), "https://www.aptekarska.pl/o-nas/dominika-nawrocka-romanik/"): Actual object 'https://www.aptekarska.pl/o-nas/dominika-nawrocka-romanik/' and expected object 'https://www.aptekarska.pl/o-nas/dominika-nawrocka-romanik/' are equal

2021-01-28 15:58:03 - [MESSAGE][PASSED] - Current window's url is: 'https://www.aptekarska.pl/o-nas/dominika-nawrocka-romanik/'

2021-01-28 15:58:03 - [MESSAGE][PASSED] - Actual object 'https://www.aptekarska.pl/o-nas/dominika-nawrocka-romanik/' and expected object 'https://www.aptekarska.pl/o-nas/dominika-nawrocka-romanik/' are equal

2021-01-28 15:58:03 - [TEST_STEP][PASSED] - click(findTestObject("Object Repository/Podstrona O nas Przyciski/Page_Dominika Nawrocka-Romanik - Aptekarska_aaad20/i")): Object: 'Object Repository/Podstrona O nas Przyciski/Page_Dominika Nawrocka-Romanik - Aptekarska_aaad20/i' is clicked on

2021-01-28 15:58:07 - [MESSAGE][PASSED] - Object: 'Object Repository/Podstrona O nas Przyciski/Page_Dominika Nawrocka-Romanik - Aptekarska_aaad20/i' is clicked on

2021-01-28 15:58:07 - [TEST_STEP][PASSED] - waitForPageLoad(3): Wait for page load successfully

2021-01-28 15:58:07 - [MESSAGE][PASSED] - Wait for page load successfully

2021-01-28 15:58:07 - [TEST_STEP][PASSED] - getUrl(): Current window's url is: 'https://www.aptekarska.pl/2021/01/24/jak-odzyskac-kontrole-nad-swoim-czasem-w-6-krokach/'

2021-01-28 15:58:07 - [MESSAGE][PASSED] - Current window's url is: 'https://www.aptekarska.pl/2021/01/24/jak-odzyskac-kontrole-nad-swoim-czasem-w-6-krokach/'

2021-01-28 15:58:07 - [TEST_STEP][PASSED] - verifyEqual(getUrl(), "https://www.aptekarska.pl/2021/01/24/jak-odzyskac-kontrole-nad-swoim-czasem-w-6-krokach/"): Actual object 'https://www.aptekarska.pl/2021/01/24/jak-odzyskac-kontrole-nad-swoim-czasem-w-6-krokach/' and expected object 'https://www.aptekarska.pl/2021/01/24/jak-odzyskac-kontrole-nad-swoim-czasem-w-6-krokach/' are equal

2021-01-28 15:58:07 - [MESSAGE][PASSED] - Current window's url is: 'https://www.aptekarska.pl/2021/01/24/jak-odzyskac-kontrole-nad-swoim-czasem-w-6-krokach/'

2021-01-28 15:58:07 - [MESSAGE][PASSED] - Actual object 'https://www.aptekarska.pl/2021/01/24/jak-odzyskac-kontrole-nad-swoim-czasem-w-6-krokach/' and expected object 'https://www.aptekarska.pl/2021/01/24/jak-odzyskac-kontrole-nad-swoim-czasem-w-6-krokach/' are equal

2021-01-28 15:58:07 - [TEST_STEP][PASSED] - back(): Navigate back successfully

2021-01-28 15:58:07 - [MESSAGE][PASSED] - Navigate back successfully

2021-01-28 15:58:07 - [TEST_STEP][PASSED] - waitForPageLoad(3): Wait for page load successfully

2021-01-28 15:58:07 - [MESSAGE][PASSED] - Wait for page load successfully

2021-01-28 15:58:07 - [TEST_STEP][PASSED] - getUrl(): Current window's url is: 'https://www.aptekarska.pl/o-nas/dominika-nawrocka-romanik/'

2021-01-28 15:58:07 - [MESSAGE][PASSED] - Current window's url is: 'https://www.aptekarska.pl/o-nas/dominika-nawrocka-romanik/'

2021-01-28 15:58:07 - [TEST_STEP][PASSED] - verifyEqual(getUrl(), "https://www.aptekarska.pl/o-nas/dominika-nawrocka-romanik/"): Actual object 'https://www.aptekarska.pl/o-nas/dominika-nawrocka-romanik/' and expected object 'https://www.aptekarska.pl/o-nas/dominika-nawrocka-romanik/' are equal

2021-01-28 15:58:07 - [MESSAGE][PASSED] - Current window's url is: 'https://www.aptekarska.pl/o-nas/dominika-nawrocka-romanik/'

2021-01-28 15:58:07 - [MESSAGE][PASSED] - Actual object 'https://www.aptekarska.pl/o-nas/dominika-nawrocka-romanik/' and expected object 'https://www.aptekarska.pl/o-nas/dominika-nawrocka-romanik/' are equal

2021-01-28 15:58:07 - [TEST_STEP][FAILED] - click(findTestObject("Object Repository/Podstrona O nas Przyciski/Page_Dominika Nawrocka-Romanik - Aptekarska_aaad20/span_O nas")): Unable to click on object 'Object Repository/Podstrona O nas Przyciski/Page_Dominika Nawrocka-Romanik - Aptekarska_aaad20/span_O nas' (Root cause: com.kms.katalon.core.exception.StepFailedException: Unable to click on object 'Object Repository/Podstrona O nas Przyciski/Page_Dominika Nawrocka-Romanik - Aptekarska_aaad20/span_O nas'
	at com.kms.katalon.core.webui.keyword.internal.WebUIKeywordMain.stepFailed(WebUIKeywordMain.groovy:64)
	at com.kms.katalon.core.webui.keyword.internal.WebUIKeywordMain.runKeyword(WebUIKeywordMain.groovy:26)
	at com.kms.katalon.core.webui.keyword.builtin.ClickKeyword.click(ClickKeyword.groovy:75)
	at com.kms.katalon.core.webui.keyword.builtin.ClickKeyword.execute(ClickKeyword.groovy:42)
	at com.kms.katalon.core.keyword.internal.KeywordExecutor.executeKeywordForPlatform(KeywordExecutor.groovy:73)
	at com.kms.katalon.core.webui.keyword.WebUiBuiltInKeywords.click(WebUiBuiltInKeywords.groovy:619)
	at com.kms.katalon.core.webui.keyword.WebUiBuiltInKeywords$click$1.call(Unknown Source)
	at Test przycisków - Podstrona O nas - Dominika.run(Test przycisków - Podstrona O nas - Dominika:91)
	at com.kms.katalon.core.main.ScriptEngine.run(ScriptEngine.java:194)
	at com.kms.katalon.core.main.ScriptEngine.runScriptAsRawText(ScriptEngine.java:119)
	at com.kms.katalon.core.main.TestCaseExecutor.runScript(TestCaseExecutor.java:398)
	at com.kms.katalon.core.main.TestCaseExecutor.doExecute(TestCaseExecutor.java:389)
	at com.kms.katalon.core.main.TestCaseExecutor.processExecutionPhase(TestCaseExecutor.java:368)
	at com.kms.katalon.core.main.TestCaseExecutor.accessMainPhase(TestCaseExecutor.java:360)
	at com.kms.katalon.core.main.TestCaseExecutor.execute(TestCaseExecutor.java:255)
	at com.kms.katalon.core.main.TestSuiteExecutor.accessTestCaseMainPhase(TestSuiteExecutor.java:203)
	at com.kms.katalon.core.main.TestSuiteExecutor.accessTestSuiteMainPhase(TestSuiteExecutor.java:152)
	at com.kms.katalon.core.main.TestSuiteExecutor.execute(TestSuiteExecutor.java:95)
	at com.kms.katalon.core.main.TestCaseMain.startTestSuite(TestCaseMain.java:157)
	at com.kms.katalon.core.main.TestCaseMain$startTestSuite$0.call(Unknown Source)
	at TempTestSuite1611845744433.run(TempTestSuite1611845744433.groovy:39)
Caused by: org.openqa.selenium.ElementClickInterceptedException: element click intercepted: Element <span itemprop="name">...</span> is not clickable at point (907, 7). Other element would receive the click: <ul id="primary-menu" class="main-nav underline-decoration l-to-r-line outside-item-remove-margin" role="menubar">...</ul>
  (Session info: chrome=88.0.4324.104)
Build info: version: '3.141.59', revision: 'e82be7d358', time: '2018-11-14T08:25:53'
System info: host: 'DESKTOP-HO0QCN7', ip: '192.168.50.1', os.name: 'Windows 10', os.arch: 'amd64', os.version: '10.0', java.version: '1.8.0_181'
Driver info: com.kms.katalon.selenium.driver.CChromeDriver
Capabilities {acceptInsecureCerts: false, browserName: chrome, browserVersion: 88.0.4324.104, chrome: {chromedriverVersion: 87.0.4280.88 (89e2380a3e36c..., userDataDir: C:\Users\STAZIN~1\AppData\L...}, goog:chromeOptions: {debuggerAddress: localhost:60103}, javascriptEnabled: true, networkConnectionEnabled: false, pageLoadStrategy: normal, platform: WINDOWS, platformName: WINDOWS, proxy: Proxy(), setWindowRect: true, strictFileInteractability: false, timeouts: {implicit: 0, pageLoad: 300000, script: 30000}, unhandledPromptBehavior: dismiss and notify, webauthn:virtualAuthenticators: true}
Session ID: 2cd2ddba188b4f5dce4ae22bf2800211
	at org.openqa.selenium.remote.http.W3CHttpResponseCodec.createException(W3CHttpResponseCodec.java:187)
	at org.openqa.selenium.remote.http.W3CHttpResponseCodec.decode(W3CHttpResponseCodec.java:122)
	at org.openqa.selenium.remote.http.W3CHttpResponseCodec.decode(W3CHttpResponseCodec.java:49)
	at org.openqa.selenium.remote.HttpCommandExecutor.execute(HttpCommandExecutor.java:158)
	at org.openqa.selenium.remote.service.DriverCommandExecutor.execute(DriverCommandExecutor.java:83)
	at org.openqa.selenium.remote.RemoteWebDriver.execute(RemoteWebDriver.java:552)
	at com.kms.katalon.selenium.driver.CChromeDriver.execute(CChromeDriver.java:19)
	at org.openqa.selenium.remote.RemoteWebElement.execute(RemoteWebElement.java:285)
	at org.openqa.selenium.remote.RemoteWebElement.click(RemoteWebElement.java:84)
	at org.openqa.selenium.support.events.EventFiringWebDriver$EventFiringWebElement.lambda$new$0(EventFiringWebDriver.java:404)
	at com.sun.proxy.$Proxy11.click(Unknown Source)
	at org.openqa.selenium.support.events.EventFiringWebDriver$EventFiringWebElement.click(EventFiringWebDriver.java:417)
	at com.kms.katalon.core.webui.keyword.builtin.ClickKeyword$_click_closure1.doCall(ClickKeyword.groovy:68)
	at com.kms.katalon.core.webui.keyword.builtin.ClickKeyword$_click_closure1.call(ClickKeyword.groovy)
	at com.kms.katalon.core.webui.keyword.internal.WebUIKeywordMain.runKeyword(WebUIKeywordMain.groovy:20)
	at com.kms.katalon.core.webui.keyword.builtin.ClickKeyword.click(ClickKeyword.groovy:75)
	at com.kms.katalon.core.webui.keyword.builtin.ClickKeyword.execute(ClickKeyword.groovy:42)
	at com.kms.katalon.core.keyword.internal.KeywordExecutor.executeKeywordForPlatform(KeywordExecutor.groovy:73)
	at com.kms.katalon.core.webui.keyword.WebUiBuiltInKeywords.click(WebUiBuiltInKeywords.groovy:619)
	at com.kms.katalon.core.webui.keyword.WebUiBuiltInKeywords$click$1.call(Unknown Source)
	at Script1611841592880.run(Script1611841592880.groovy:91)
	... 13 more
)

2021-01-28 15:58:09 - [MESSAGE][FAILED] - Unable to click on object 'Object Repository/Podstrona O nas Przyciski/Page_Dominika Nawrocka-Romanik - Aptekarska_aaad20/span_O nas' (Root cause: com.kms.katalon.core.exception.StepFailedException: Unable to click on object 'Object Repository/Podstrona O nas Przyciski/Page_Dominika Nawrocka-Romanik - Aptekarska_aaad20/span_O nas'
	at com.kms.katalon.core.webui.keyword.internal.WebUIKeywordMain.stepFailed(WebUIKeywordMain.groovy:64)
	at com.kms.katalon.core.webui.keyword.internal.WebUIKeywordMain.runKeyword(WebUIKeywordMain.groovy:26)
	at com.kms.katalon.core.webui.keyword.builtin.ClickKeyword.click(ClickKeyword.groovy:75)
	at com.kms.katalon.core.webui.keyword.builtin.ClickKeyword.execute(ClickKeyword.groovy:42)
	at com.kms.katalon.core.keyword.internal.KeywordExecutor.executeKeywordForPlatform(KeywordExecutor.groovy:73)
	at com.kms.katalon.core.webui.keyword.WebUiBuiltInKeywords.click(WebUiBuiltInKeywords.groovy:619)
	at com.kms.katalon.core.webui.keyword.WebUiBuiltInKeywords$click$1.call(Unknown Source)
	at Test przycisków - Podstrona O nas - Dominika.run(Test przycisków - Podstrona O nas - Dominika:91)
	at com.kms.katalon.core.main.ScriptEngine.run(ScriptEngine.java:194)
	at com.kms.katalon.core.main.ScriptEngine.runScriptAsRawText(ScriptEngine.java:119)
	at com.kms.katalon.core.main.TestCaseExecutor.runScript(TestCaseExecutor.java:398)
	at com.kms.katalon.core.main.TestCaseExecutor.doExecute(TestCaseExecutor.java:389)
	at com.kms.katalon.core.main.TestCaseExecutor.processExecutionPhase(TestCaseExecutor.java:368)
	at com.kms.katalon.core.main.TestCaseExecutor.accessMainPhase(TestCaseExecutor.java:360)
	at com.kms.katalon.core.main.TestCaseExecutor.execute(TestCaseExecutor.java:255)
	at com.kms.katalon.core.main.TestSuiteExecutor.accessTestCaseMainPhase(TestSuiteExecutor.java:203)
	at com.kms.katalon.core.main.TestSuiteExecutor.accessTestSuiteMainPhase(TestSuiteExecutor.java:152)
	at com.kms.katalon.core.main.TestSuiteExecutor.execute(TestSuiteExecutor.java:95)
	at com.kms.katalon.core.main.TestCaseMain.startTestSuite(TestCaseMain.java:157)
	at com.kms.katalon.core.main.TestCaseMain$startTestSuite$0.call(Unknown Source)
	at TempTestSuite1611845744433.run(TempTestSuite1611845744433.groovy:39)
Caused by: org.openqa.selenium.ElementClickInterceptedException: element click intercepted: Element <span itemprop="name">...</span> is not clickable at point (907, 7). Other element would receive the click: <ul id="primary-menu" class="main-nav underline-decoration l-to-r-line outside-item-remove-margin" role="menubar">...</ul>
  (Session info: chrome=88.0.4324.104)
Build info: version: '3.141.59', revision: 'e82be7d358', time: '2018-11-14T08:25:53'
System info: host: 'DESKTOP-HO0QCN7', ip: '192.168.50.1', os.name: 'Windows 10', os.arch: 'amd64', os.version: '10.0', java.version: '1.8.0_181'
Driver info: com.kms.katalon.selenium.driver.CChromeDriver
Capabilities {acceptInsecureCerts: false, browserName: chrome, browserVersion: 88.0.4324.104, chrome: {chromedriverVersion: 87.0.4280.88 (89e2380a3e36c..., userDataDir: C:\Users\STAZIN~1\AppData\L...}, goog:chromeOptions: {debuggerAddress: localhost:60103}, javascriptEnabled: true, networkConnectionEnabled: false, pageLoadStrategy: normal, platform: WINDOWS, platformName: WINDOWS, proxy: Proxy(), setWindowRect: true, strictFileInteractability: false, timeouts: {implicit: 0, pageLoad: 300000, script: 30000}, unhandledPromptBehavior: dismiss and notify, webauthn:virtualAuthenticators: true}
Session ID: 2cd2ddba188b4f5dce4ae22bf2800211
	at org.openqa.selenium.remote.http.W3CHttpResponseCodec.createException(W3CHttpResponseCodec.java:187)
	at org.openqa.selenium.remote.http.W3CHttpResponseCodec.decode(W3CHttpResponseCodec.java:122)
	at org.openqa.selenium.remote.http.W3CHttpResponseCodec.decode(W3CHttpResponseCodec.java:49)
	at org.openqa.selenium.remote.HttpCommandExecutor.execute(HttpCommandExecutor.java:158)
	at org.openqa.selenium.remote.service.DriverCommandExecutor.execute(DriverCommandExecutor.java:83)
	at org.openqa.selenium.remote.RemoteWebDriver.execute(RemoteWebDriver.java:552)
	at com.kms.katalon.selenium.driver.CChromeDriver.execute(CChromeDriver.java:19)
	at org.openqa.selenium.remote.RemoteWebElement.execute(RemoteWebElement.java:285)
	at org.openqa.selenium.remote.RemoteWebElement.click(RemoteWebElement.java:84)
	at org.openqa.selenium.support.events.EventFiringWebDriver$EventFiringWebElement.lambda$new$0(EventFiringWebDriver.java:404)
	at com.sun.proxy.$Proxy11.click(Unknown Source)
	at org.openqa.selenium.support.events.EventFiringWebDriver$EventFiringWebElement.click(EventFiringWebDriver.java:417)
	at com.kms.katalon.core.webui.keyword.builtin.ClickKeyword$_click_closure1.doCall(ClickKeyword.groovy:68)
	at com.kms.katalon.core.webui.keyword.builtin.ClickKeyword$_click_closure1.call(ClickKeyword.groovy)
	at com.kms.katalon.core.webui.keyword.internal.WebUIKeywordMain.runKeyword(WebUIKeywordMain.groovy:20)
	at com.kms.katalon.core.webui.keyword.builtin.ClickKeyword.click(ClickKeyword.groovy:75)
	at com.kms.katalon.core.webui.keyword.builtin.ClickKeyword.execute(ClickKeyword.groovy:42)
	at com.kms.katalon.core.keyword.internal.KeywordExecutor.executeKeywordForPlatform(KeywordExecutor.groovy:73)
	at com.kms.katalon.core.webui.keyword.WebUiBuiltInKeywords.click(WebUiBuiltInKeywords.groovy:619)
	at com.kms.katalon.core.webui.keyword.WebUiBuiltInKeywords$click$1.call(Unknown Source)
	at Script1611841592880.run(Script1611841592880.groovy:91)
	... 13 more
)
[[ATTACHMENT|C:\\Users\\Staz Intersiec\\Documents\\Aptekarska.pl_UI_Tests\\Reports\\20210128_155538\\O nas\\20210128_155544\\1611845889343.png]]]]></system-out>
         <system-err><![CDATA[2021-01-28 15:57:37 - [TEST_CASE][FAILED] - Test Cases/O nas/Test przycisków - Podstrona O nas - Dominika: Test Cases/O nas/Test przycisków - Podstrona O nas - Dominika FAILED.
Reason:
com.kms.katalon.core.exception.StepFailedException: Unable to click on object 'Object Repository/Podstrona O nas Przyciski/Page_Dominika Nawrocka-Romanik - Aptekarska_aaad20/span_O nas'
	at com.kms.katalon.core.webui.keyword.internal.WebUIKeywordMain.stepFailed(WebUIKeywordMain.groovy:64)
	at com.kms.katalon.core.webui.keyword.internal.WebUIKeywordMain.runKeyword(WebUIKeywordMain.groovy:26)
	at com.kms.katalon.core.webui.keyword.builtin.ClickKeyword.click(ClickKeyword.groovy:75)
	at com.kms.katalon.core.webui.keyword.builtin.ClickKeyword.execute(ClickKeyword.groovy:42)
	at com.kms.katalon.core.keyword.internal.KeywordExecutor.executeKeywordForPlatform(KeywordExecutor.groovy:73)
	at com.kms.katalon.core.webui.keyword.WebUiBuiltInKeywords.click(WebUiBuiltInKeywords.groovy:619)
	at com.kms.katalon.core.webui.keyword.WebUiBuiltInKeywords$click$1.call(Unknown Source)
	at Test przycisków - Podstrona O nas - Dominika.run(Test przycisków - Podstrona O nas - Dominika:91)
	at com.kms.katalon.core.main.ScriptEngine.run(ScriptEngine.java:194)
	at com.kms.katalon.core.main.ScriptEngine.runScriptAsRawText(ScriptEngine.java:119)
	at com.kms.katalon.core.main.TestCaseExecutor.runScript(TestCaseExecutor.java:398)
	at com.kms.katalon.core.main.TestCaseExecutor.doExecute(TestCaseExecutor.java:389)
	at com.kms.katalon.core.main.TestCaseExecutor.processExecutionPhase(TestCaseExecutor.java:368)
	at com.kms.katalon.core.main.TestCaseExecutor.accessMainPhase(TestCaseExecutor.java:360)
	at com.kms.katalon.core.main.TestCaseExecutor.execute(TestCaseExecutor.java:255)
	at com.kms.katalon.core.main.TestSuiteExecutor.accessTestCaseMainPhase(TestSuiteExecutor.java:203)
	at com.kms.katalon.core.main.TestSuiteExecutor.accessTestSuiteMainPhase(TestSuiteExecutor.java:152)
	at com.kms.katalon.core.main.TestSuiteExecutor.execute(TestSuiteExecutor.java:95)
	at com.kms.katalon.core.main.TestCaseMain.startTestSuite(TestCaseMain.java:157)
	at com.kms.katalon.core.main.TestCaseMain$startTestSuite$0.call(Unknown Source)
	at TempTestSuite1611845744433.run(TempTestSuite1611845744433.groovy:39)
Caused by: org.openqa.selenium.ElementClickInterceptedException: element click intercepted: Element <span itemprop="name">...</span> is not clickable at point (907, 7). Other element would receive the click: <ul id="primary-menu" class="main-nav underline-decoration l-to-r-line outside-item-remove-margin" role="menubar">...</ul>
  (Session info: chrome=88.0.4324.104)
Build info: version: '3.141.59', revision: 'e82be7d358', time: '2018-11-14T08:25:53'
System info: host: 'DESKTOP-HO0QCN7', ip: '192.168.50.1', os.name: 'Windows 10', os.arch: 'amd64', os.version: '10.0', java.version: '1.8.0_181'
Driver info: com.kms.katalon.selenium.driver.CChromeDriver
Capabilities {acceptInsecureCerts: false, browserName: chrome, browserVersion: 88.0.4324.104, chrome: {chromedriverVersion: 87.0.4280.88 (89e2380a3e36c..., userDataDir: C:\Users\STAZIN~1\AppData\L...}, goog:chromeOptions: {debuggerAddress: localhost:60103}, javascriptEnabled: true, networkConnectionEnabled: false, pageLoadStrategy: normal, platform: WINDOWS, platformName: WINDOWS, proxy: Proxy(), setWindowRect: true, strictFileInteractability: false, timeouts: {implicit: 0, pageLoad: 300000, script: 30000}, unhandledPromptBehavior: dismiss and notify, webauthn:virtualAuthenticators: true}
Session ID: 2cd2ddba188b4f5dce4ae22bf2800211
	at org.openqa.selenium.remote.http.W3CHttpResponseCodec.createException(W3CHttpResponseCodec.java:187)
	at org.openqa.selenium.remote.http.W3CHttpResponseCodec.decode(W3CHttpResponseCodec.java:122)
	at org.openqa.selenium.remote.http.W3CHttpResponseCodec.decode(W3CHttpResponseCodec.java:49)
	at org.openqa.selenium.remote.HttpCommandExecutor.execute(HttpCommandExecutor.java:158)
	at org.openqa.selenium.remote.service.DriverCommandExecutor.execute(DriverCommandExecutor.java:83)
	at org.openqa.selenium.remote.RemoteWebDriver.execute(RemoteWebDriver.java:552)
	at com.kms.katalon.selenium.driver.CChromeDriver.execute(CChromeDriver.java:19)
	at org.openqa.selenium.remote.RemoteWebElement.execute(RemoteWebElement.java:285)
	at org.openqa.selenium.remote.RemoteWebElement.click(RemoteWebElement.java:84)
	at org.openqa.selenium.support.events.EventFiringWebDriver$EventFiringWebElement.lambda$new$0(EventFiringWebDriver.java:404)
	at com.sun.proxy.$Proxy11.click(Unknown Source)
	at org.openqa.selenium.support.events.EventFiringWebDriver$EventFiringWebElement.click(EventFiringWebDriver.java:417)
	at com.kms.katalon.core.webui.keyword.builtin.ClickKeyword$_click_closure1.doCall(ClickKeyword.groovy:68)
	at com.kms.katalon.core.webui.keyword.builtin.ClickKeyword$_click_closure1.call(ClickKeyword.groovy)
	at com.kms.katalon.core.webui.keyword.internal.WebUIKeywordMain.runKeyword(WebUIKeywordMain.groovy:20)
	... 19 more]]></system-err>
      </testcase>
      <testcase name="Test Cases/O nas/Test przycisków - Podstrona O nas - Katarzyna" time="36.034" classname="Test Cases/O nas/Test przycisków - Podstrona O nas - Katarzyna" status="PASSED">
         <system-out><![CDATA[2021-01-28 15:58:09 - [TEST_CASE][PASSED] - Test Cases/O nas/Test przycisków - Podstrona O nas - Katarzyna: Test Cases/O nas/Test przycisków - Podstrona O nas - Katarzyna

2021-01-28 15:58:10 - [TEST_STEP][PASSED] - openBrowser(""): Browser is opened with url: ''

2021-01-28 15:58:10 - [MESSAGE][WARNING] - A browser is already opened. Closing browser and opening a new one

2021-01-28 15:58:11 - [MESSAGE][INFO] - Starting 'Chrome' driver

2021-01-28 15:58:11 - [MESSAGE][INFO] - Action delay is set to 0 milliseconds

2021-01-28 15:58:14 - [MESSAGE][PASSED] - Browser is opened with url: ''

2021-01-28 15:58:14 - [TEST_STEP][PASSED] - maximizeWindow(): Current window maximized

2021-01-28 15:58:16 - [MESSAGE][PASSED] - Current window maximized

2021-01-28 15:58:16 - [TEST_STEP][PASSED] - navigateToUrl("https://www.aptekarska.pl/o-nas/"): Navigate to 'https://www.aptekarska.pl/o-nas/' successfully

2021-01-28 15:58:21 - [MESSAGE][PASSED] - Navigate to 'https://www.aptekarska.pl/o-nas/' successfully

2021-01-28 15:58:21 - [TEST_STEP][PASSED] - click(findTestObject("Object Repository/Podstrona O nas Przyciski/Page_O nas - Aptekarska Szkoa Zarzdzania/button_Nie zgadzam si")): Object: 'Object Repository/Podstrona O nas Przyciski/Page_O nas - Aptekarska Szkoa Zarzdzania/button_Nie zgadzam si' is clicked on

2021-01-28 15:58:21 - [MESSAGE][PASSED] - Object: 'Object Repository/Podstrona O nas Przyciski/Page_O nas - Aptekarska Szkoa Zarzdzania/button_Nie zgadzam si' is clicked on

2021-01-28 15:58:21 - [TEST_STEP][PASSED] - click(findTestObject("Object Repository/Podstrona O nas Przyciski/Page_O nas - Aptekarska Szkoa Zarzdzania/i_1_2")): Object: 'Object Repository/Podstrona O nas Przyciski/Page_O nas - Aptekarska Szkoa Zarzdzania/i_1_2' is clicked on

2021-01-28 15:58:27 - [MESSAGE][PASSED] - Object: 'Object Repository/Podstrona O nas Przyciski/Page_O nas - Aptekarska Szkoa Zarzdzania/i_1_2' is clicked on

2021-01-28 15:58:27 - [TEST_STEP][PASSED] - waitForPageLoad(3): Wait for page load successfully

2021-01-28 15:58:27 - [MESSAGE][PASSED] - Wait for page load successfully

2021-01-28 15:58:27 - [TEST_STEP][PASSED] - getUrl(): Current window's url is: 'https://www.aptekarska.pl/o-nas/katarzyna-grebska/'

2021-01-28 15:58:27 - [MESSAGE][PASSED] - Current window's url is: 'https://www.aptekarska.pl/o-nas/katarzyna-grebska/'

2021-01-28 15:58:27 - [TEST_STEP][PASSED] - verifyEqual(getUrl(), "https://www.aptekarska.pl/o-nas/katarzyna-grebska/"): Actual object 'https://www.aptekarska.pl/o-nas/katarzyna-grebska/' and expected object 'https://www.aptekarska.pl/o-nas/katarzyna-grebska/' are equal

2021-01-28 15:58:27 - [MESSAGE][PASSED] - Current window's url is: 'https://www.aptekarska.pl/o-nas/katarzyna-grebska/'

2021-01-28 15:58:27 - [MESSAGE][PASSED] - Actual object 'https://www.aptekarska.pl/o-nas/katarzyna-grebska/' and expected object 'https://www.aptekarska.pl/o-nas/katarzyna-grebska/' are equal

2021-01-28 15:58:27 - [TEST_STEP][PASSED] - click(findTestObject("Object Repository/Podstrona O nas Przyciski/Page_Katarzyna Grbska - Aptekarska Szkoa Za_6b8522/span_O nas")): Object: 'Object Repository/Podstrona O nas Przyciski/Page_Katarzyna Grbska - Aptekarska Szkoa Za_6b8522/span_O nas' is clicked on

2021-01-28 15:58:31 - [MESSAGE][PASSED] - Object: 'Object Repository/Podstrona O nas Przyciski/Page_Katarzyna Grbska - Aptekarska Szkoa Za_6b8522/span_O nas' is clicked on

2021-01-28 15:58:31 - [TEST_STEP][PASSED] - waitForPageLoad(3): Wait for page load successfully

2021-01-28 15:58:31 - [MESSAGE][PASSED] - Wait for page load successfully

2021-01-28 15:58:31 - [TEST_STEP][PASSED] - getUrl(): Current window's url is: 'https://www.aptekarska.pl/o-nas/'

2021-01-28 15:58:31 - [MESSAGE][PASSED] - Current window's url is: 'https://www.aptekarska.pl/o-nas/'

2021-01-28 15:58:31 - [TEST_STEP][PASSED] - verifyEqual(getUrl(), "https://www.aptekarska.pl/o-nas/"): Actual object 'https://www.aptekarska.pl/o-nas/' and expected object 'https://www.aptekarska.pl/o-nas/' are equal

2021-01-28 15:58:31 - [MESSAGE][PASSED] - Current window's url is: 'https://www.aptekarska.pl/o-nas/'

2021-01-28 15:58:31 - [MESSAGE][PASSED] - Actual object 'https://www.aptekarska.pl/o-nas/' and expected object 'https://www.aptekarska.pl/o-nas/' are equal

2021-01-28 15:58:31 - [TEST_STEP][PASSED] - click(findTestObject("Object Repository/Podstrona O nas Przyciski/Page_O nas - Aptekarska Szkoa Zarzdzania/a_Wicej_1_2")): Object: 'Object Repository/Podstrona O nas Przyciski/Page_O nas - Aptekarska Szkoa Zarzdzania/a_Wicej_1_2' is clicked on

2021-01-28 15:58:34 - [MESSAGE][PASSED] - Object: 'Object Repository/Podstrona O nas Przyciski/Page_O nas - Aptekarska Szkoa Zarzdzania/a_Wicej_1_2' is clicked on

2021-01-28 15:58:34 - [TEST_STEP][PASSED] - waitForPageLoad(3): Wait for page load successfully

2021-01-28 15:58:34 - [MESSAGE][PASSED] - Wait for page load successfully

2021-01-28 15:58:34 - [TEST_STEP][PASSED] - getUrl(): Current window's url is: 'https://www.aptekarska.pl/o-nas/katarzyna-grebska/'

2021-01-28 15:58:34 - [MESSAGE][PASSED] - Current window's url is: 'https://www.aptekarska.pl/o-nas/katarzyna-grebska/'

2021-01-28 15:58:34 - [TEST_STEP][PASSED] - verifyEqual(getUrl(), "https://www.aptekarska.pl/o-nas/katarzyna-grebska/"): Actual object 'https://www.aptekarska.pl/o-nas/katarzyna-grebska/' and expected object 'https://www.aptekarska.pl/o-nas/katarzyna-grebska/' are equal

2021-01-28 15:58:34 - [MESSAGE][PASSED] - Current window's url is: 'https://www.aptekarska.pl/o-nas/katarzyna-grebska/'

2021-01-28 15:58:34 - [MESSAGE][PASSED] - Actual object 'https://www.aptekarska.pl/o-nas/katarzyna-grebska/' and expected object 'https://www.aptekarska.pl/o-nas/katarzyna-grebska/' are equal

2021-01-28 15:58:34 - [TEST_STEP][PASSED] - click(findTestObject("Object Repository/Podstrona O nas Przyciski/Page_Katarzyna Grbska - Aptekarska Szkoa Za_6b8522/span_O nas")): Object: 'Object Repository/Podstrona O nas Przyciski/Page_Katarzyna Grbska - Aptekarska Szkoa Za_6b8522/span_O nas' is clicked on

2021-01-28 15:58:38 - [MESSAGE][PASSED] - Object: 'Object Repository/Podstrona O nas Przyciski/Page_Katarzyna Grbska - Aptekarska Szkoa Za_6b8522/span_O nas' is clicked on

2021-01-28 15:58:38 - [TEST_STEP][PASSED] - waitForPageLoad(3): Wait for page load successfully

2021-01-28 15:58:38 - [MESSAGE][PASSED] - Wait for page load successfully

2021-01-28 15:58:38 - [TEST_STEP][PASSED] - getUrl(): Current window's url is: 'https://www.aptekarska.pl/o-nas/'

2021-01-28 15:58:38 - [MESSAGE][PASSED] - Current window's url is: 'https://www.aptekarska.pl/o-nas/'

2021-01-28 15:58:38 - [TEST_STEP][PASSED] - verifyEqual(getUrl(), "https://www.aptekarska.pl/o-nas/"): Actual object 'https://www.aptekarska.pl/o-nas/' and expected object 'https://www.aptekarska.pl/o-nas/' are equal

2021-01-28 15:58:38 - [MESSAGE][PASSED] - Current window's url is: 'https://www.aptekarska.pl/o-nas/'

2021-01-28 15:58:38 - [MESSAGE][PASSED] - Actual object 'https://www.aptekarska.pl/o-nas/' and expected object 'https://www.aptekarska.pl/o-nas/' are equal

2021-01-28 15:58:38 - [TEST_STEP][PASSED] - click(findTestObject("Object Repository/Podstrona O nas Przyciski/Page_Marta Baaziska - Aptekarska Szkoa Zarzdzania/span_Strona gwna")): Object: 'Object Repository/Podstrona O nas Przyciski/Page_Marta Baaziska - Aptekarska Szkoa Zarzdzania/span_Strona gwna' is clicked on

2021-01-28 15:58:45 - [MESSAGE][PASSED] - Object: 'Object Repository/Podstrona O nas Przyciski/Page_Marta Baaziska - Aptekarska Szkoa Zarzdzania/span_Strona gwna' is clicked on

2021-01-28 15:58:45 - [TEST_STEP][PASSED] - waitForPageLoad(3): Wait for page load successfully

2021-01-28 15:58:45 - [MESSAGE][PASSED] - Wait for page load successfully

2021-01-28 15:58:45 - [TEST_STEP][PASSED] - getUrl(): Current window's url is: 'https://www.aptekarska.pl/'

2021-01-28 15:58:45 - [MESSAGE][PASSED] - Current window's url is: 'https://www.aptekarska.pl/'

2021-01-28 15:58:45 - [TEST_STEP][PASSED] - verifyEqual(getUrl(), "https://www.aptekarska.pl/"): Actual object 'https://www.aptekarska.pl/' and expected object 'https://www.aptekarska.pl/' are equal

2021-01-28 15:58:45 - [MESSAGE][PASSED] - Current window's url is: 'https://www.aptekarska.pl/'

2021-01-28 15:58:45 - [MESSAGE][PASSED] - Actual object 'https://www.aptekarska.pl/' and expected object 'https://www.aptekarska.pl/' are equal

2021-01-28 15:58:45 - [TEST_STEP][PASSED] - closeBrowser(): Browser is closed

2021-01-28 15:58:45 - [MESSAGE][PASSED] - Browser is closed]]></system-out>
         <system-err><![CDATA[]]></system-err>
      </testcase>
      <testcase name="Test Cases/O nas/Test przycisków - Podstrona O nas - Marta" time="52.79" classname="Test Cases/O nas/Test przycisków - Podstrona O nas - Marta" status="FAILED">
         <failure type="FAILED" message="Test Cases/O nas/Test przycisków - Podstrona O nas - Marta FAILED.
Reason:
com.kms.katalon.core.exception.StepFailedException: Unable to click on object 'Object Repository/TEMP/Page_Marta Baaziska - Aptekarska Szkoa Zarzdzania/i'
	at com.kms.katalon.core.webui.keyword.internal.WebUIKeywordMain.stepFailed(WebUIKeywordMain.groovy:64)
	at com.kms.katalon.core.webui.keyword.internal.WebUIKeywordMain.runKeyword(WebUIKeywordMain.groovy:26)
	at com.kms.katalon.core.webui.keyword.builtin.ClickKeyword.click(ClickKeyword.groovy:75)
	at com.kms.katalon.core.webui.keyword.builtin.ClickKeyword.execute(ClickKeyword.groovy:42)
	at com.kms.katalon.core.keyword.internal.KeywordExecutor.executeKeywordForPlatform(KeywordExecutor.groovy:73)
	at com.kms.katalon.core.webui.keyword.WebUiBuiltInKeywords.click(WebUiBuiltInKeywords.groovy:619)
	at com.kms.katalon.core.webui.keyword.WebUiBuiltInKeywords$click$1.call(Unknown Source)
	at Test przycisków - Podstrona O nas - Marta.run(Test przycisków - Podstrona O nas - Marta:111)
	at com.kms.katalon.core.main.ScriptEngine.run(ScriptEngine.java:194)
	at com.kms.katalon.core.main.ScriptEngine.runScriptAsRawText(ScriptEngine.java:119)
	at com.kms.katalon.core.main.TestCaseExecutor.runScript(TestCaseExecutor.java:398)
	at com.kms.katalon.core.main.TestCaseExecutor.doExecute(TestCaseExecutor.java:389)
	at com.kms.katalon.core.main.TestCaseExecutor.processExecutionPhase(TestCaseExecutor.java:368)
	at com.kms.katalon.core.main.TestCaseExecutor.accessMainPhase(TestCaseExecutor.java:360)
	at com.kms.katalon.core.main.TestCaseExecutor.execute(TestCaseExecutor.java:255)
	at com.kms.katalon.core.main.TestSuiteExecutor.accessTestCaseMainPhase(TestSuiteExecutor.java:203)
	at com.kms.katalon.core.main.TestSuiteExecutor.accessTestSuiteMainPhase(TestSuiteExecutor.java:152)
	at com.kms.katalon.core.main.TestSuiteExecutor.execute(TestSuiteExecutor.java:95)
	at com.kms.katalon.core.main.TestCaseMain.startTestSuite(TestCaseMain.java:157)
	at com.kms.katalon.core.main.TestCaseMain$startTestSuite$0.call(Unknown Source)
	at TempTestSuite1611845744433.run(TempTestSuite1611845744433.groovy:39)
Caused by: org.openqa.selenium.ElementClickInterceptedException: element click intercepted: Element &lt;i>&lt;/i> is not clickable at point (386, 744). Other element would receive the click: &lt;div class=&quot;load-wrap&quot;>&lt;/div>
  (Session info: chrome=88.0.4324.104)
Build info: version: '3.141.59', revision: 'e82be7d358', time: '2018-11-14T08:25:53'
System info: host: 'DESKTOP-HO0QCN7', ip: '192.168.50.1', os.name: 'Windows 10', os.arch: 'amd64', os.version: '10.0', java.version: '1.8.0_181'
Driver info: com.kms.katalon.selenium.driver.CChromeDriver
Capabilities {acceptInsecureCerts: false, browserName: chrome, browserVersion: 88.0.4324.104, chrome: {chromedriverVersion: 87.0.4280.88 (89e2380a3e36c..., userDataDir: C:\Users\STAZIN~1\AppData\L...}, goog:chromeOptions: {debuggerAddress: localhost:60168}, javascriptEnabled: true, networkConnectionEnabled: false, pageLoadStrategy: normal, platform: WINDOWS, platformName: WINDOWS, proxy: Proxy(), setWindowRect: true, strictFileInteractability: false, timeouts: {implicit: 0, pageLoad: 300000, script: 30000}, unhandledPromptBehavior: dismiss and notify, webauthn:virtualAuthenticators: true}
Session ID: 769ff8ebc56d040c7be77e1523dac9ec
	at org.openqa.selenium.remote.http.W3CHttpResponseCodec.createException(W3CHttpResponseCodec.java:187)
	at org.openqa.selenium.remote.http.W3CHttpResponseCodec.decode(W3CHttpResponseCodec.java:122)
	at org.openqa.selenium.remote.http.W3CHttpResponseCodec.decode(W3CHttpResponseCodec.java:49)
	at org.openqa.selenium.remote.HttpCommandExecutor.execute(HttpCommandExecutor.java:158)
	at org.openqa.selenium.remote.service.DriverCommandExecutor.execute(DriverCommandExecutor.java:83)
	at org.openqa.selenium.remote.RemoteWebDriver.execute(RemoteWebDriver.java:552)
	at com.kms.katalon.selenium.driver.CChromeDriver.execute(CChromeDriver.java:19)
	at org.openqa.selenium.remote.RemoteWebElement.execute(RemoteWebElement.java:285)
	at org.openqa.selenium.remote.RemoteWebElement.click(RemoteWebElement.java:84)
	at org.openqa.selenium.support.events.EventFiringWebDriver$EventFiringWebElement.lambda$new$0(EventFiringWebDriver.java:404)
	at com.sun.proxy.$Proxy11.click(Unknown Source)
	at org.openqa.selenium.support.events.EventFiringWebDriver$EventFiringWebElement.click(EventFiringWebDriver.java:417)
	at com.kms.katalon.core.webui.keyword.builtin.ClickKeyword$_click_closure1.doCall(ClickKeyword.groovy:68)
	at com.kms.katalon.core.webui.keyword.builtin.ClickKeyword$_click_closure1.call(ClickKeyword.groovy)
	at com.kms.katalon.core.webui.keyword.internal.WebUIKeywordMain.runKeyword(WebUIKeywordMain.groovy:20)
	... 19 more
"/>
         <system-out><![CDATA[2021-01-28 15:58:45 - [TEST_CASE][FAILED] - Test Cases/O nas/Test przycisków - Podstrona O nas - Marta: Test Cases/O nas/Test przycisków - Podstrona O nas - Marta FAILED.
Reason:
com.kms.katalon.core.exception.StepFailedException: Unable to click on object 'Object Repository/TEMP/Page_Marta Baaziska - Aptekarska Szkoa Zarzdzania/i'
	at com.kms.katalon.core.webui.keyword.internal.WebUIKeywordMain.stepFailed(WebUIKeywordMain.groovy:64)
	at com.kms.katalon.core.webui.keyword.internal.WebUIKeywordMain.runKeyword(WebUIKeywordMain.groovy:26)
	at com.kms.katalon.core.webui.keyword.builtin.ClickKeyword.click(ClickKeyword.groovy:75)
	at com.kms.katalon.core.webui.keyword.builtin.ClickKeyword.execute(ClickKeyword.groovy:42)
	at com.kms.katalon.core.keyword.internal.KeywordExecutor.executeKeywordForPlatform(KeywordExecutor.groovy:73)
	at com.kms.katalon.core.webui.keyword.WebUiBuiltInKeywords.click(WebUiBuiltInKeywords.groovy:619)
	at com.kms.katalon.core.webui.keyword.WebUiBuiltInKeywords$click$1.call(Unknown Source)
	at Test przycisków - Podstrona O nas - Marta.run(Test przycisków - Podstrona O nas - Marta:111)
	at com.kms.katalon.core.main.ScriptEngine.run(ScriptEngine.java:194)
	at com.kms.katalon.core.main.ScriptEngine.runScriptAsRawText(ScriptEngine.java:119)
	at com.kms.katalon.core.main.TestCaseExecutor.runScript(TestCaseExecutor.java:398)
	at com.kms.katalon.core.main.TestCaseExecutor.doExecute(TestCaseExecutor.java:389)
	at com.kms.katalon.core.main.TestCaseExecutor.processExecutionPhase(TestCaseExecutor.java:368)
	at com.kms.katalon.core.main.TestCaseExecutor.accessMainPhase(TestCaseExecutor.java:360)
	at com.kms.katalon.core.main.TestCaseExecutor.execute(TestCaseExecutor.java:255)
	at com.kms.katalon.core.main.TestSuiteExecutor.accessTestCaseMainPhase(TestSuiteExecutor.java:203)
	at com.kms.katalon.core.main.TestSuiteExecutor.accessTestSuiteMainPhase(TestSuiteExecutor.java:152)
	at com.kms.katalon.core.main.TestSuiteExecutor.execute(TestSuiteExecutor.java:95)
	at com.kms.katalon.core.main.TestCaseMain.startTestSuite(TestCaseMain.java:157)
	at com.kms.katalon.core.main.TestCaseMain$startTestSuite$0.call(Unknown Source)
	at TempTestSuite1611845744433.run(TempTestSuite1611845744433.groovy:39)
Caused by: org.openqa.selenium.ElementClickInterceptedException: element click intercepted: Element <i></i> is not clickable at point (386, 744). Other element would receive the click: <div class="load-wrap"></div>
  (Session info: chrome=88.0.4324.104)
Build info: version: '3.141.59', revision: 'e82be7d358', time: '2018-11-14T08:25:53'
System info: host: 'DESKTOP-HO0QCN7', ip: '192.168.50.1', os.name: 'Windows 10', os.arch: 'amd64', os.version: '10.0', java.version: '1.8.0_181'
Driver info: com.kms.katalon.selenium.driver.CChromeDriver
Capabilities {acceptInsecureCerts: false, browserName: chrome, browserVersion: 88.0.4324.104, chrome: {chromedriverVersion: 87.0.4280.88 (89e2380a3e36c..., userDataDir: C:\Users\STAZIN~1\AppData\L...}, goog:chromeOptions: {debuggerAddress: localhost:60168}, javascriptEnabled: true, networkConnectionEnabled: false, pageLoadStrategy: normal, platform: WINDOWS, platformName: WINDOWS, proxy: Proxy(), setWindowRect: true, strictFileInteractability: false, timeouts: {implicit: 0, pageLoad: 300000, script: 30000}, unhandledPromptBehavior: dismiss and notify, webauthn:virtualAuthenticators: true}
Session ID: 769ff8ebc56d040c7be77e1523dac9ec
	at org.openqa.selenium.remote.http.W3CHttpResponseCodec.createException(W3CHttpResponseCodec.java:187)
	at org.openqa.selenium.remote.http.W3CHttpResponseCodec.decode(W3CHttpResponseCodec.java:122)
	at org.openqa.selenium.remote.http.W3CHttpResponseCodec.decode(W3CHttpResponseCodec.java:49)
	at org.openqa.selenium.remote.HttpCommandExecutor.execute(HttpCommandExecutor.java:158)
	at org.openqa.selenium.remote.service.DriverCommandExecutor.execute(DriverCommandExecutor.java:83)
	at org.openqa.selenium.remote.RemoteWebDriver.execute(RemoteWebDriver.java:552)
	at com.kms.katalon.selenium.driver.CChromeDriver.execute(CChromeDriver.java:19)
	at org.openqa.selenium.remote.RemoteWebElement.execute(RemoteWebElement.java:285)
	at org.openqa.selenium.remote.RemoteWebElement.click(RemoteWebElement.java:84)
	at org.openqa.selenium.support.events.EventFiringWebDriver$EventFiringWebElement.lambda$new$0(EventFiringWebDriver.java:404)
	at com.sun.proxy.$Proxy11.click(Unknown Source)
	at org.openqa.selenium.support.events.EventFiringWebDriver$EventFiringWebElement.click(EventFiringWebDriver.java:417)
	at com.kms.katalon.core.webui.keyword.builtin.ClickKeyword$_click_closure1.doCall(ClickKeyword.groovy:68)
	at com.kms.katalon.core.webui.keyword.builtin.ClickKeyword$_click_closure1.call(ClickKeyword.groovy)
	at com.kms.katalon.core.webui.keyword.internal.WebUIKeywordMain.runKeyword(WebUIKeywordMain.groovy:20)
	... 19 more


2021-01-28 15:58:46 - [TEST_STEP][PASSED] - openBrowser(""): Browser is opened with url: ''

2021-01-28 15:58:46 - [MESSAGE][INFO] - Starting 'Chrome' driver

2021-01-28 15:58:46 - [MESSAGE][INFO] - Action delay is set to 0 milliseconds

2021-01-28 15:58:49 - [MESSAGE][PASSED] - Browser is opened with url: ''

2021-01-28 15:58:49 - [TEST_STEP][PASSED] - maximizeWindow(): Current window maximized

2021-01-28 15:58:51 - [MESSAGE][PASSED] - Current window maximized

2021-01-28 15:58:51 - [TEST_STEP][PASSED] - navigateToUrl("https://www.aptekarska.pl/o-nas/"): Navigate to 'https://www.aptekarska.pl/o-nas/' successfully

2021-01-28 15:58:58 - [MESSAGE][PASSED] - Navigate to 'https://www.aptekarska.pl/o-nas/' successfully

2021-01-28 15:58:58 - [TEST_STEP][PASSED] - click(findTestObject("Object Repository/Podstrona O nas Przyciski/Page_O nas - Aptekarska Szkoa Zarzdzania/button_Nie zgadzam si")): Object: 'Object Repository/Podstrona O nas Przyciski/Page_O nas - Aptekarska Szkoa Zarzdzania/button_Nie zgadzam si' is clicked on

2021-01-28 15:58:58 - [MESSAGE][PASSED] - Object: 'Object Repository/Podstrona O nas Przyciski/Page_O nas - Aptekarska Szkoa Zarzdzania/button_Nie zgadzam si' is clicked on

2021-01-28 15:58:58 - [TEST_STEP][PASSED] - click(findTestObject("Object Repository/Podstrona O nas Przyciski/Page_O nas - Aptekarska Szkoa Zarzdzania/i_1_2_3")): Object: 'Object Repository/Podstrona O nas Przyciski/Page_O nas - Aptekarska Szkoa Zarzdzania/i_1_2_3' is clicked on

2021-01-28 15:59:05 - [MESSAGE][PASSED] - Object: 'Object Repository/Podstrona O nas Przyciski/Page_O nas - Aptekarska Szkoa Zarzdzania/i_1_2_3' is clicked on

2021-01-28 15:59:05 - [TEST_STEP][PASSED] - waitForPageLoad(3): Wait for page load successfully

2021-01-28 15:59:05 - [MESSAGE][PASSED] - Wait for page load successfully

2021-01-28 15:59:05 - [TEST_STEP][PASSED] - getUrl(): Current window's url is: 'https://www.aptekarska.pl/o-nas/marta-balazinska/'

2021-01-28 15:59:05 - [MESSAGE][PASSED] - Current window's url is: 'https://www.aptekarska.pl/o-nas/marta-balazinska/'

2021-01-28 15:59:05 - [TEST_STEP][PASSED] - verifyEqual(getUrl(), "https://www.aptekarska.pl/o-nas/marta-balazinska/"): Actual object 'https://www.aptekarska.pl/o-nas/marta-balazinska/' and expected object 'https://www.aptekarska.pl/o-nas/marta-balazinska/' are equal

2021-01-28 15:59:05 - [MESSAGE][PASSED] - Current window's url is: 'https://www.aptekarska.pl/o-nas/marta-balazinska/'

2021-01-28 15:59:05 - [MESSAGE][PASSED] - Actual object 'https://www.aptekarska.pl/o-nas/marta-balazinska/' and expected object 'https://www.aptekarska.pl/o-nas/marta-balazinska/' are equal

2021-01-28 15:59:05 - [TEST_STEP][PASSED] - click(findTestObject("Object Repository/Podstrona O nas Przyciski/Page_Marta Baaziska - Aptekarska Szkoa Zarzdzania/span_O nas")): Object: 'Object Repository/Podstrona O nas Przyciski/Page_Marta Baaziska - Aptekarska Szkoa Zarzdzania/span_O nas' is clicked on

2021-01-28 15:59:12 - [MESSAGE][PASSED] - Object: 'Object Repository/Podstrona O nas Przyciski/Page_Marta Baaziska - Aptekarska Szkoa Zarzdzania/span_O nas' is clicked on

2021-01-28 15:59:12 - [TEST_STEP][PASSED] - waitForPageLoad(3): Wait for page load successfully

2021-01-28 15:59:13 - [MESSAGE][PASSED] - Wait for page load successfully

2021-01-28 15:59:13 - [TEST_STEP][PASSED] - getUrl(): Current window's url is: 'https://www.aptekarska.pl/o-nas/'

2021-01-28 15:59:13 - [MESSAGE][PASSED] - Current window's url is: 'https://www.aptekarska.pl/o-nas/'

2021-01-28 15:59:13 - [TEST_STEP][PASSED] - verifyEqual(getUrl(), "https://www.aptekarska.pl/o-nas/"): Actual object 'https://www.aptekarska.pl/o-nas/' and expected object 'https://www.aptekarska.pl/o-nas/' are equal

2021-01-28 15:59:13 - [MESSAGE][PASSED] - Current window's url is: 'https://www.aptekarska.pl/o-nas/'

2021-01-28 15:59:13 - [MESSAGE][PASSED] - Actual object 'https://www.aptekarska.pl/o-nas/' and expected object 'https://www.aptekarska.pl/o-nas/' are equal

2021-01-28 15:59:13 - [TEST_STEP][PASSED] - click(findTestObject("Object Repository/Podstrona O nas Przyciski/Page_O nas - Aptekarska Szkoa Zarzdzania/a_Wicej_1_2_3")): Object: 'Object Repository/Podstrona O nas Przyciski/Page_O nas - Aptekarska Szkoa Zarzdzania/a_Wicej_1_2_3' is clicked on

2021-01-28 15:59:20 - [MESSAGE][PASSED] - Object: 'Object Repository/Podstrona O nas Przyciski/Page_O nas - Aptekarska Szkoa Zarzdzania/a_Wicej_1_2_3' is clicked on

2021-01-28 15:59:20 - [TEST_STEP][PASSED] - waitForPageLoad(3): Wait for page load successfully

2021-01-28 15:59:20 - [MESSAGE][PASSED] - Wait for page load successfully

2021-01-28 15:59:20 - [TEST_STEP][PASSED] - getUrl(): Current window's url is: 'https://www.aptekarska.pl/o-nas/marta-balazinska/'

2021-01-28 15:59:20 - [MESSAGE][PASSED] - Current window's url is: 'https://www.aptekarska.pl/o-nas/marta-balazinska/'

2021-01-28 15:59:20 - [TEST_STEP][PASSED] - verifyEqual(getUrl(), "https://www.aptekarska.pl/o-nas/marta-balazinska/"): Actual object 'https://www.aptekarska.pl/o-nas/marta-balazinska/' and expected object 'https://www.aptekarska.pl/o-nas/marta-balazinska/' are equal

2021-01-28 15:59:20 - [MESSAGE][PASSED] - Current window's url is: 'https://www.aptekarska.pl/o-nas/marta-balazinska/'

2021-01-28 15:59:20 - [MESSAGE][PASSED] - Actual object 'https://www.aptekarska.pl/o-nas/marta-balazinska/' and expected object 'https://www.aptekarska.pl/o-nas/marta-balazinska/' are equal

2021-01-28 15:59:20 - [TEST_STEP][PASSED] - click(findTestObject("Object Repository/Podstrona O nas Przyciski/Page_Marta Baaziska - Aptekarska Szkoa Zarzdzania/a_Wszystkie artykuy Marty Baaziskiej")): Object: 'Object Repository/Podstrona O nas Przyciski/Page_Marta Baaziska - Aptekarska Szkoa Zarzdzania/a_Wszystkie artykuy Marty Baaziskiej' is clicked on

2021-01-28 15:59:28 - [MESSAGE][PASSED] - Object: 'Object Repository/Podstrona O nas Przyciski/Page_Marta Baaziska - Aptekarska Szkoa Zarzdzania/a_Wszystkie artykuy Marty Baaziskiej' is clicked on

2021-01-28 15:59:28 - [TEST_STEP][PASSED] - waitForPageLoad(3): Wait for page load successfully

2021-01-28 15:59:28 - [MESSAGE][PASSED] - Wait for page load successfully

2021-01-28 15:59:28 - [TEST_STEP][PASSED] - getUrl(): Current window's url is: 'https://www.aptekarska.pl/category/artykuly/marta-balazinska/'

2021-01-28 15:59:28 - [MESSAGE][PASSED] - Current window's url is: 'https://www.aptekarska.pl/category/artykuly/marta-balazinska/'

2021-01-28 15:59:28 - [TEST_STEP][PASSED] - verifyEqual(getUrl(), "https://www.aptekarska.pl/category/artykuly/marta-balazinska/"): Actual object 'https://www.aptekarska.pl/category/artykuly/marta-balazinska/' and expected object 'https://www.aptekarska.pl/category/artykuly/marta-balazinska/' are equal

2021-01-28 15:59:28 - [MESSAGE][PASSED] - Current window's url is: 'https://www.aptekarska.pl/category/artykuly/marta-balazinska/'

2021-01-28 15:59:28 - [MESSAGE][PASSED] - Actual object 'https://www.aptekarska.pl/category/artykuly/marta-balazinska/' and expected object 'https://www.aptekarska.pl/category/artykuly/marta-balazinska/' are equal

2021-01-28 15:59:28 - [TEST_STEP][PASSED] - back(): Navigate back successfully

2021-01-28 15:59:28 - [MESSAGE][PASSED] - Navigate back successfully

2021-01-28 15:59:28 - [TEST_STEP][PASSED] - waitForPageLoad(3): Wait for page load successfully

2021-01-28 15:59:29 - [MESSAGE][PASSED] - Wait for page load successfully

2021-01-28 15:59:29 - [TEST_STEP][PASSED] - getUrl(): Current window's url is: 'https://www.aptekarska.pl/o-nas/marta-balazinska/'

2021-01-28 15:59:29 - [MESSAGE][PASSED] - Current window's url is: 'https://www.aptekarska.pl/o-nas/marta-balazinska/'

2021-01-28 15:59:29 - [TEST_STEP][PASSED] - verifyEqual(getUrl(), "https://www.aptekarska.pl/o-nas/marta-balazinska/"): Actual object 'https://www.aptekarska.pl/o-nas/marta-balazinska/' and expected object 'https://www.aptekarska.pl/o-nas/marta-balazinska/' are equal

2021-01-28 15:59:29 - [MESSAGE][PASSED] - Current window's url is: 'https://www.aptekarska.pl/o-nas/marta-balazinska/'

2021-01-28 15:59:29 - [MESSAGE][PASSED] - Actual object 'https://www.aptekarska.pl/o-nas/marta-balazinska/' and expected object 'https://www.aptekarska.pl/o-nas/marta-balazinska/' are equal

2021-01-28 15:59:29 - [TEST_STEP][PASSED] - click(findTestObject("Object Repository/Podstrona O nas Przyciski/Page_Marta Baaziska - Aptekarska Szkoa Zarzdzania/i")): Object: 'Object Repository/Podstrona O nas Przyciski/Page_Marta Baaziska - Aptekarska Szkoa Zarzdzania/i' is clicked on

2021-01-28 15:59:32 - [MESSAGE][PASSED] - Object: 'Object Repository/Podstrona O nas Przyciski/Page_Marta Baaziska - Aptekarska Szkoa Zarzdzania/i' is clicked on

2021-01-28 15:59:32 - [TEST_STEP][PASSED] - waitForPageLoad(3): Wait for page load successfully

2021-01-28 15:59:32 - [MESSAGE][PASSED] - Wait for page load successfully

2021-01-28 15:59:32 - [TEST_STEP][PASSED] - getUrl(): Current window's url is: 'https://www.aptekarska.pl/2020/12/10/jak-zwiekszyc-przychody-w-aptece/'

2021-01-28 15:59:32 - [MESSAGE][PASSED] - Current window's url is: 'https://www.aptekarska.pl/2020/12/10/jak-zwiekszyc-przychody-w-aptece/'

2021-01-28 15:59:32 - [TEST_STEP][PASSED] - verifyEqual(getUrl(), "https://www.aptekarska.pl/2020/12/10/jak-zwiekszyc-przychody-w-aptece/"): Actual object 'https://www.aptekarska.pl/2020/12/10/jak-zwiekszyc-przychody-w-aptece/' and expected object 'https://www.aptekarska.pl/2020/12/10/jak-zwiekszyc-przychody-w-aptece/' are equal

2021-01-28 15:59:32 - [MESSAGE][PASSED] - Current window's url is: 'https://www.aptekarska.pl/2020/12/10/jak-zwiekszyc-przychody-w-aptece/'

2021-01-28 15:59:32 - [MESSAGE][PASSED] - Actual object 'https://www.aptekarska.pl/2020/12/10/jak-zwiekszyc-przychody-w-aptece/' and expected object 'https://www.aptekarska.pl/2020/12/10/jak-zwiekszyc-przychody-w-aptece/' are equal

2021-01-28 15:59:32 - [TEST_STEP][PASSED] - back(): Navigate back successfully

2021-01-28 15:59:32 - [MESSAGE][PASSED] - Navigate back successfully

2021-01-28 15:59:32 - [TEST_STEP][PASSED] - waitForPageLoad(3): Wait for page load successfully

2021-01-28 15:59:32 - [MESSAGE][PASSED] - Wait for page load successfully

2021-01-28 15:59:32 - [TEST_STEP][PASSED] - getUrl(): Current window's url is: 'https://www.aptekarska.pl/o-nas/marta-balazinska/'

2021-01-28 15:59:32 - [MESSAGE][PASSED] - Current window's url is: 'https://www.aptekarska.pl/o-nas/marta-balazinska/'

2021-01-28 15:59:32 - [TEST_STEP][PASSED] - verifyEqual(getUrl(), "https://www.aptekarska.pl/o-nas/marta-balazinska/"): Actual object 'https://www.aptekarska.pl/o-nas/marta-balazinska/' and expected object 'https://www.aptekarska.pl/o-nas/marta-balazinska/' are equal

2021-01-28 15:59:33 - [MESSAGE][PASSED] - Current window's url is: 'https://www.aptekarska.pl/o-nas/marta-balazinska/'

2021-01-28 15:59:33 - [MESSAGE][PASSED] - Actual object 'https://www.aptekarska.pl/o-nas/marta-balazinska/' and expected object 'https://www.aptekarska.pl/o-nas/marta-balazinska/' are equal

2021-01-28 15:59:33 - [TEST_STEP][PASSED] - click(findTestObject("Object Repository/TEMP/Page_Marta Baaziska - Aptekarska Szkoa Zarzdzania/i")): Object: 'Object Repository/TEMP/Page_Marta Baaziska - Aptekarska Szkoa Zarzdzania/i' is clicked on

2021-01-28 15:59:35 - [MESSAGE][PASSED] - Object: 'Object Repository/TEMP/Page_Marta Baaziska - Aptekarska Szkoa Zarzdzania/i' is clicked on

2021-01-28 15:59:35 - [TEST_STEP][PASSED] - waitForPageLoad(3): Wait for page load successfully

2021-01-28 15:59:35 - [MESSAGE][PASSED] - Wait for page load successfully

2021-01-28 15:59:35 - [TEST_STEP][PASSED] - getUrl(): Current window's url is: 'https://www.aptekarska.pl/2020/10/26/jak-zoptymalizowac-koszty-w-aptece/'

2021-01-28 15:59:35 - [MESSAGE][PASSED] - Current window's url is: 'https://www.aptekarska.pl/2020/10/26/jak-zoptymalizowac-koszty-w-aptece/'

2021-01-28 15:59:35 - [TEST_STEP][PASSED] - verifyEqual(getUrl(), "https://www.aptekarska.pl/2020/10/26/jak-zoptymalizowac-koszty-w-aptece/"): Actual object 'https://www.aptekarska.pl/2020/10/26/jak-zoptymalizowac-koszty-w-aptece/' and expected object 'https://www.aptekarska.pl/2020/10/26/jak-zoptymalizowac-koszty-w-aptece/' are equal

2021-01-28 15:59:35 - [MESSAGE][PASSED] - Current window's url is: 'https://www.aptekarska.pl/2020/10/26/jak-zoptymalizowac-koszty-w-aptece/'

2021-01-28 15:59:35 - [MESSAGE][PASSED] - Actual object 'https://www.aptekarska.pl/2020/10/26/jak-zoptymalizowac-koszty-w-aptece/' and expected object 'https://www.aptekarska.pl/2020/10/26/jak-zoptymalizowac-koszty-w-aptece/' are equal

2021-01-28 15:59:35 - [TEST_STEP][PASSED] - back(): Navigate back successfully

2021-01-28 15:59:36 - [MESSAGE][PASSED] - Navigate back successfully

2021-01-28 15:59:36 - [TEST_STEP][PASSED] - waitForPageLoad(3): Wait for page load successfully

2021-01-28 15:59:36 - [MESSAGE][PASSED] - Wait for page load successfully

2021-01-28 15:59:36 - [TEST_STEP][PASSED] - getUrl(): Current window's url is: 'https://www.aptekarska.pl/o-nas/marta-balazinska/'

2021-01-28 15:59:36 - [MESSAGE][PASSED] - Current window's url is: 'https://www.aptekarska.pl/o-nas/marta-balazinska/'

2021-01-28 15:59:36 - [TEST_STEP][PASSED] - verifyEqual(getUrl(), "https://www.aptekarska.pl/o-nas/marta-balazinska/"): Actual object 'https://www.aptekarska.pl/o-nas/marta-balazinska/' and expected object 'https://www.aptekarska.pl/o-nas/marta-balazinska/' are equal

2021-01-28 15:59:36 - [MESSAGE][PASSED] - Current window's url is: 'https://www.aptekarska.pl/o-nas/marta-balazinska/'

2021-01-28 15:59:36 - [MESSAGE][PASSED] - Actual object 'https://www.aptekarska.pl/o-nas/marta-balazinska/' and expected object 'https://www.aptekarska.pl/o-nas/marta-balazinska/' are equal

2021-01-28 15:59:36 - [TEST_STEP][FAILED] - click(findTestObject("Object Repository/TEMP/Page_Marta Baaziska - Aptekarska Szkoa Zarzdzania/i")): Unable to click on object 'Object Repository/TEMP/Page_Marta Baaziska - Aptekarska Szkoa Zarzdzania/i' (Root cause: com.kms.katalon.core.exception.StepFailedException: Unable to click on object 'Object Repository/TEMP/Page_Marta Baaziska - Aptekarska Szkoa Zarzdzania/i'
	at com.kms.katalon.core.webui.keyword.internal.WebUIKeywordMain.stepFailed(WebUIKeywordMain.groovy:64)
	at com.kms.katalon.core.webui.keyword.internal.WebUIKeywordMain.runKeyword(WebUIKeywordMain.groovy:26)
	at com.kms.katalon.core.webui.keyword.builtin.ClickKeyword.click(ClickKeyword.groovy:75)
	at com.kms.katalon.core.webui.keyword.builtin.ClickKeyword.execute(ClickKeyword.groovy:42)
	at com.kms.katalon.core.keyword.internal.KeywordExecutor.executeKeywordForPlatform(KeywordExecutor.groovy:73)
	at com.kms.katalon.core.webui.keyword.WebUiBuiltInKeywords.click(WebUiBuiltInKeywords.groovy:619)
	at com.kms.katalon.core.webui.keyword.WebUiBuiltInKeywords$click$1.call(Unknown Source)
	at Test przycisków - Podstrona O nas - Marta.run(Test przycisków - Podstrona O nas - Marta:111)
	at com.kms.katalon.core.main.ScriptEngine.run(ScriptEngine.java:194)
	at com.kms.katalon.core.main.ScriptEngine.runScriptAsRawText(ScriptEngine.java:119)
	at com.kms.katalon.core.main.TestCaseExecutor.runScript(TestCaseExecutor.java:398)
	at com.kms.katalon.core.main.TestCaseExecutor.doExecute(TestCaseExecutor.java:389)
	at com.kms.katalon.core.main.TestCaseExecutor.processExecutionPhase(TestCaseExecutor.java:368)
	at com.kms.katalon.core.main.TestCaseExecutor.accessMainPhase(TestCaseExecutor.java:360)
	at com.kms.katalon.core.main.TestCaseExecutor.execute(TestCaseExecutor.java:255)
	at com.kms.katalon.core.main.TestSuiteExecutor.accessTestCaseMainPhase(TestSuiteExecutor.java:203)
	at com.kms.katalon.core.main.TestSuiteExecutor.accessTestSuiteMainPhase(TestSuiteExecutor.java:152)
	at com.kms.katalon.core.main.TestSuiteExecutor.execute(TestSuiteExecutor.java:95)
	at com.kms.katalon.core.main.TestCaseMain.startTestSuite(TestCaseMain.java:157)
	at com.kms.katalon.core.main.TestCaseMain$startTestSuite$0.call(Unknown Source)
	at TempTestSuite1611845744433.run(TempTestSuite1611845744433.groovy:39)
Caused by: org.openqa.selenium.ElementClickInterceptedException: element click intercepted: Element <i></i> is not clickable at point (386, 744). Other element would receive the click: <div class="load-wrap"></div>
  (Session info: chrome=88.0.4324.104)
Build info: version: '3.141.59', revision: 'e82be7d358', time: '2018-11-14T08:25:53'
System info: host: 'DESKTOP-HO0QCN7', ip: '192.168.50.1', os.name: 'Windows 10', os.arch: 'amd64', os.version: '10.0', java.version: '1.8.0_181'
Driver info: com.kms.katalon.selenium.driver.CChromeDriver
Capabilities {acceptInsecureCerts: false, browserName: chrome, browserVersion: 88.0.4324.104, chrome: {chromedriverVersion: 87.0.4280.88 (89e2380a3e36c..., userDataDir: C:\Users\STAZIN~1\AppData\L...}, goog:chromeOptions: {debuggerAddress: localhost:60168}, javascriptEnabled: true, networkConnectionEnabled: false, pageLoadStrategy: normal, platform: WINDOWS, platformName: WINDOWS, proxy: Proxy(), setWindowRect: true, strictFileInteractability: false, timeouts: {implicit: 0, pageLoad: 300000, script: 30000}, unhandledPromptBehavior: dismiss and notify, webauthn:virtualAuthenticators: true}
Session ID: 769ff8ebc56d040c7be77e1523dac9ec
	at org.openqa.selenium.remote.http.W3CHttpResponseCodec.createException(W3CHttpResponseCodec.java:187)
	at org.openqa.selenium.remote.http.W3CHttpResponseCodec.decode(W3CHttpResponseCodec.java:122)
	at org.openqa.selenium.remote.http.W3CHttpResponseCodec.decode(W3CHttpResponseCodec.java:49)
	at org.openqa.selenium.remote.HttpCommandExecutor.execute(HttpCommandExecutor.java:158)
	at org.openqa.selenium.remote.service.DriverCommandExecutor.execute(DriverCommandExecutor.java:83)
	at org.openqa.selenium.remote.RemoteWebDriver.execute(RemoteWebDriver.java:552)
	at com.kms.katalon.selenium.driver.CChromeDriver.execute(CChromeDriver.java:19)
	at org.openqa.selenium.remote.RemoteWebElement.execute(RemoteWebElement.java:285)
	at org.openqa.selenium.remote.RemoteWebElement.click(RemoteWebElement.java:84)
	at org.openqa.selenium.support.events.EventFiringWebDriver$EventFiringWebElement.lambda$new$0(EventFiringWebDriver.java:404)
	at com.sun.proxy.$Proxy11.click(Unknown Source)
	at org.openqa.selenium.support.events.EventFiringWebDriver$EventFiringWebElement.click(EventFiringWebDriver.java:417)
	at com.kms.katalon.core.webui.keyword.builtin.ClickKeyword$_click_closure1.doCall(ClickKeyword.groovy:68)
	at com.kms.katalon.core.webui.keyword.builtin.ClickKeyword$_click_closure1.call(ClickKeyword.groovy)
	at com.kms.katalon.core.webui.keyword.internal.WebUIKeywordMain.runKeyword(WebUIKeywordMain.groovy:20)
	at com.kms.katalon.core.webui.keyword.builtin.ClickKeyword.click(ClickKeyword.groovy:75)
	at com.kms.katalon.core.webui.keyword.builtin.ClickKeyword.execute(ClickKeyword.groovy:42)
	at com.kms.katalon.core.keyword.internal.KeywordExecutor.executeKeywordForPlatform(KeywordExecutor.groovy:73)
	at com.kms.katalon.core.webui.keyword.WebUiBuiltInKeywords.click(WebUiBuiltInKeywords.groovy:619)
	at com.kms.katalon.core.webui.keyword.WebUiBuiltInKeywords$click$1.call(Unknown Source)
	at Script1611841619924.run(Script1611841619924.groovy:111)
	... 13 more
)

2021-01-28 15:59:38 - [MESSAGE][FAILED] - Unable to click on object 'Object Repository/TEMP/Page_Marta Baaziska - Aptekarska Szkoa Zarzdzania/i' (Root cause: com.kms.katalon.core.exception.StepFailedException: Unable to click on object 'Object Repository/TEMP/Page_Marta Baaziska - Aptekarska Szkoa Zarzdzania/i'
	at com.kms.katalon.core.webui.keyword.internal.WebUIKeywordMain.stepFailed(WebUIKeywordMain.groovy:64)
	at com.kms.katalon.core.webui.keyword.internal.WebUIKeywordMain.runKeyword(WebUIKeywordMain.groovy:26)
	at com.kms.katalon.core.webui.keyword.builtin.ClickKeyword.click(ClickKeyword.groovy:75)
	at com.kms.katalon.core.webui.keyword.builtin.ClickKeyword.execute(ClickKeyword.groovy:42)
	at com.kms.katalon.core.keyword.internal.KeywordExecutor.executeKeywordForPlatform(KeywordExecutor.groovy:73)
	at com.kms.katalon.core.webui.keyword.WebUiBuiltInKeywords.click(WebUiBuiltInKeywords.groovy:619)
	at com.kms.katalon.core.webui.keyword.WebUiBuiltInKeywords$click$1.call(Unknown Source)
	at Test przycisków - Podstrona O nas - Marta.run(Test przycisków - Podstrona O nas - Marta:111)
	at com.kms.katalon.core.main.ScriptEngine.run(ScriptEngine.java:194)
	at com.kms.katalon.core.main.ScriptEngine.runScriptAsRawText(ScriptEngine.java:119)
	at com.kms.katalon.core.main.TestCaseExecutor.runScript(TestCaseExecutor.java:398)
	at com.kms.katalon.core.main.TestCaseExecutor.doExecute(TestCaseExecutor.java:389)
	at com.kms.katalon.core.main.TestCaseExecutor.processExecutionPhase(TestCaseExecutor.java:368)
	at com.kms.katalon.core.main.TestCaseExecutor.accessMainPhase(TestCaseExecutor.java:360)
	at com.kms.katalon.core.main.TestCaseExecutor.execute(TestCaseExecutor.java:255)
	at com.kms.katalon.core.main.TestSuiteExecutor.accessTestCaseMainPhase(TestSuiteExecutor.java:203)
	at com.kms.katalon.core.main.TestSuiteExecutor.accessTestSuiteMainPhase(TestSuiteExecutor.java:152)
	at com.kms.katalon.core.main.TestSuiteExecutor.execute(TestSuiteExecutor.java:95)
	at com.kms.katalon.core.main.TestCaseMain.startTestSuite(TestCaseMain.java:157)
	at com.kms.katalon.core.main.TestCaseMain$startTestSuite$0.call(Unknown Source)
	at TempTestSuite1611845744433.run(TempTestSuite1611845744433.groovy:39)
Caused by: org.openqa.selenium.ElementClickInterceptedException: element click intercepted: Element <i></i> is not clickable at point (386, 744). Other element would receive the click: <div class="load-wrap"></div>
  (Session info: chrome=88.0.4324.104)
Build info: version: '3.141.59', revision: 'e82be7d358', time: '2018-11-14T08:25:53'
System info: host: 'DESKTOP-HO0QCN7', ip: '192.168.50.1', os.name: 'Windows 10', os.arch: 'amd64', os.version: '10.0', java.version: '1.8.0_181'
Driver info: com.kms.katalon.selenium.driver.CChromeDriver
Capabilities {acceptInsecureCerts: false, browserName: chrome, browserVersion: 88.0.4324.104, chrome: {chromedriverVersion: 87.0.4280.88 (89e2380a3e36c..., userDataDir: C:\Users\STAZIN~1\AppData\L...}, goog:chromeOptions: {debuggerAddress: localhost:60168}, javascriptEnabled: true, networkConnectionEnabled: false, pageLoadStrategy: normal, platform: WINDOWS, platformName: WINDOWS, proxy: Proxy(), setWindowRect: true, strictFileInteractability: false, timeouts: {implicit: 0, pageLoad: 300000, script: 30000}, unhandledPromptBehavior: dismiss and notify, webauthn:virtualAuthenticators: true}
Session ID: 769ff8ebc56d040c7be77e1523dac9ec
	at org.openqa.selenium.remote.http.W3CHttpResponseCodec.createException(W3CHttpResponseCodec.java:187)
	at org.openqa.selenium.remote.http.W3CHttpResponseCodec.decode(W3CHttpResponseCodec.java:122)
	at org.openqa.selenium.remote.http.W3CHttpResponseCodec.decode(W3CHttpResponseCodec.java:49)
	at org.openqa.selenium.remote.HttpCommandExecutor.execute(HttpCommandExecutor.java:158)
	at org.openqa.selenium.remote.service.DriverCommandExecutor.execute(DriverCommandExecutor.java:83)
	at org.openqa.selenium.remote.RemoteWebDriver.execute(RemoteWebDriver.java:552)
	at com.kms.katalon.selenium.driver.CChromeDriver.execute(CChromeDriver.java:19)
	at org.openqa.selenium.remote.RemoteWebElement.execute(RemoteWebElement.java:285)
	at org.openqa.selenium.remote.RemoteWebElement.click(RemoteWebElement.java:84)
	at org.openqa.selenium.support.events.EventFiringWebDriver$EventFiringWebElement.lambda$new$0(EventFiringWebDriver.java:404)
	at com.sun.proxy.$Proxy11.click(Unknown Source)
	at org.openqa.selenium.support.events.EventFiringWebDriver$EventFiringWebElement.click(EventFiringWebDriver.java:417)
	at com.kms.katalon.core.webui.keyword.builtin.ClickKeyword$_click_closure1.doCall(ClickKeyword.groovy:68)
	at com.kms.katalon.core.webui.keyword.builtin.ClickKeyword$_click_closure1.call(ClickKeyword.groovy)
	at com.kms.katalon.core.webui.keyword.internal.WebUIKeywordMain.runKeyword(WebUIKeywordMain.groovy:20)
	at com.kms.katalon.core.webui.keyword.builtin.ClickKeyword.click(ClickKeyword.groovy:75)
	at com.kms.katalon.core.webui.keyword.builtin.ClickKeyword.execute(ClickKeyword.groovy:42)
	at com.kms.katalon.core.keyword.internal.KeywordExecutor.executeKeywordForPlatform(KeywordExecutor.groovy:73)
	at com.kms.katalon.core.webui.keyword.WebUiBuiltInKeywords.click(WebUiBuiltInKeywords.groovy:619)
	at com.kms.katalon.core.webui.keyword.WebUiBuiltInKeywords$click$1.call(Unknown Source)
	at Script1611841619924.run(Script1611841619924.groovy:111)
	... 13 more
)
[[ATTACHMENT|C:\\Users\\Staz Intersiec\\Documents\\Aptekarska.pl_UI_Tests\\Reports\\20210128_155538\\O nas\\20210128_155544\\1611845978211.png]]]]></system-out>
         <system-err><![CDATA[2021-01-28 15:58:45 - [TEST_CASE][FAILED] - Test Cases/O nas/Test przycisków - Podstrona O nas - Marta: Test Cases/O nas/Test przycisków - Podstrona O nas - Marta FAILED.
Reason:
com.kms.katalon.core.exception.StepFailedException: Unable to click on object 'Object Repository/TEMP/Page_Marta Baaziska - Aptekarska Szkoa Zarzdzania/i'
	at com.kms.katalon.core.webui.keyword.internal.WebUIKeywordMain.stepFailed(WebUIKeywordMain.groovy:64)
	at com.kms.katalon.core.webui.keyword.internal.WebUIKeywordMain.runKeyword(WebUIKeywordMain.groovy:26)
	at com.kms.katalon.core.webui.keyword.builtin.ClickKeyword.click(ClickKeyword.groovy:75)
	at com.kms.katalon.core.webui.keyword.builtin.ClickKeyword.execute(ClickKeyword.groovy:42)
	at com.kms.katalon.core.keyword.internal.KeywordExecutor.executeKeywordForPlatform(KeywordExecutor.groovy:73)
	at com.kms.katalon.core.webui.keyword.WebUiBuiltInKeywords.click(WebUiBuiltInKeywords.groovy:619)
	at com.kms.katalon.core.webui.keyword.WebUiBuiltInKeywords$click$1.call(Unknown Source)
	at Test przycisków - Podstrona O nas - Marta.run(Test przycisków - Podstrona O nas - Marta:111)
	at com.kms.katalon.core.main.ScriptEngine.run(ScriptEngine.java:194)
	at com.kms.katalon.core.main.ScriptEngine.runScriptAsRawText(ScriptEngine.java:119)
	at com.kms.katalon.core.main.TestCaseExecutor.runScript(TestCaseExecutor.java:398)
	at com.kms.katalon.core.main.TestCaseExecutor.doExecute(TestCaseExecutor.java:389)
	at com.kms.katalon.core.main.TestCaseExecutor.processExecutionPhase(TestCaseExecutor.java:368)
	at com.kms.katalon.core.main.TestCaseExecutor.accessMainPhase(TestCaseExecutor.java:360)
	at com.kms.katalon.core.main.TestCaseExecutor.execute(TestCaseExecutor.java:255)
	at com.kms.katalon.core.main.TestSuiteExecutor.accessTestCaseMainPhase(TestSuiteExecutor.java:203)
	at com.kms.katalon.core.main.TestSuiteExecutor.accessTestSuiteMainPhase(TestSuiteExecutor.java:152)
	at com.kms.katalon.core.main.TestSuiteExecutor.execute(TestSuiteExecutor.java:95)
	at com.kms.katalon.core.main.TestCaseMain.startTestSuite(TestCaseMain.java:157)
	at com.kms.katalon.core.main.TestCaseMain$startTestSuite$0.call(Unknown Source)
	at TempTestSuite1611845744433.run(TempTestSuite1611845744433.groovy:39)
Caused by: org.openqa.selenium.ElementClickInterceptedException: element click intercepted: Element <i></i> is not clickable at point (386, 744). Other element would receive the click: <div class="load-wrap"></div>
  (Session info: chrome=88.0.4324.104)
Build info: version: '3.141.59', revision: 'e82be7d358', time: '2018-11-14T08:25:53'
System info: host: 'DESKTOP-HO0QCN7', ip: '192.168.50.1', os.name: 'Windows 10', os.arch: 'amd64', os.version: '10.0', java.version: '1.8.0_181'
Driver info: com.kms.katalon.selenium.driver.CChromeDriver
Capabilities {acceptInsecureCerts: false, browserName: chrome, browserVersion: 88.0.4324.104, chrome: {chromedriverVersion: 87.0.4280.88 (89e2380a3e36c..., userDataDir: C:\Users\STAZIN~1\AppData\L...}, goog:chromeOptions: {debuggerAddress: localhost:60168}, javascriptEnabled: true, networkConnectionEnabled: false, pageLoadStrategy: normal, platform: WINDOWS, platformName: WINDOWS, proxy: Proxy(), setWindowRect: true, strictFileInteractability: false, timeouts: {implicit: 0, pageLoad: 300000, script: 30000}, unhandledPromptBehavior: dismiss and notify, webauthn:virtualAuthenticators: true}
Session ID: 769ff8ebc56d040c7be77e1523dac9ec
	at org.openqa.selenium.remote.http.W3CHttpResponseCodec.createException(W3CHttpResponseCodec.java:187)
	at org.openqa.selenium.remote.http.W3CHttpResponseCodec.decode(W3CHttpResponseCodec.java:122)
	at org.openqa.selenium.remote.http.W3CHttpResponseCodec.decode(W3CHttpResponseCodec.java:49)
	at org.openqa.selenium.remote.HttpCommandExecutor.execute(HttpCommandExecutor.java:158)
	at org.openqa.selenium.remote.service.DriverCommandExecutor.execute(DriverCommandExecutor.java:83)
	at org.openqa.selenium.remote.RemoteWebDriver.execute(RemoteWebDriver.java:552)
	at com.kms.katalon.selenium.driver.CChromeDriver.execute(CChromeDriver.java:19)
	at org.openqa.selenium.remote.RemoteWebElement.execute(RemoteWebElement.java:285)
	at org.openqa.selenium.remote.RemoteWebElement.click(RemoteWebElement.java:84)
	at org.openqa.selenium.support.events.EventFiringWebDriver$EventFiringWebElement.lambda$new$0(EventFiringWebDriver.java:404)
	at com.sun.proxy.$Proxy11.click(Unknown Source)
	at org.openqa.selenium.support.events.EventFiringWebDriver$EventFiringWebElement.click(EventFiringWebDriver.java:417)
	at com.kms.katalon.core.webui.keyword.builtin.ClickKeyword$_click_closure1.doCall(ClickKeyword.groovy:68)
	at com.kms.katalon.core.webui.keyword.builtin.ClickKeyword$_click_closure1.call(ClickKeyword.groovy)
	at com.kms.katalon.core.webui.keyword.internal.WebUIKeywordMain.runKeyword(WebUIKeywordMain.groovy:20)
	... 19 more]]></system-err>
      </testcase>
      <system-out><![CDATA[2021-01-28 15:56:09 - [TEST_SUITE][FAILED] - O nas: Test Cases/O nas/TEMP FAILED.
Reason:
com.kms.katalon.core.exception.StepFailedException: Unable to click on object 'Object Repository/TEMP/Page_Marta Baaziska - Aptekarska Szkoa Zarzdzania/i'
	at com.kms.katalon.core.webui.keyword.internal.WebUIKeywordMain.stepFailed(WebUIKeywordMain.groovy:64)
	at com.kms.katalon.core.webui.keyword.internal.WebUIKeywordMain.runKeyword(WebUIKeywordMain.groovy:26)
	at com.kms.katalon.core.webui.keyword.builtin.ClickKeyword.click(ClickKeyword.groovy:75)
	at com.kms.katalon.core.webui.keyword.builtin.ClickKeyword.execute(ClickKeyword.groovy:42)
	at com.kms.katalon.core.keyword.internal.KeywordExecutor.executeKeywordForPlatform(KeywordExecutor.groovy:73)
	at com.kms.katalon.core.webui.keyword.WebUiBuiltInKeywords.click(WebUiBuiltInKeywords.groovy:619)
	at com.kms.katalon.core.webui.keyword.WebUiBuiltInKeywords$click$1.call(Unknown Source)
	at TEMP.run(TEMP:25)
	at com.kms.katalon.core.main.ScriptEngine.run(ScriptEngine.java:194)
	at com.kms.katalon.core.main.ScriptEngine.runScriptAsRawText(ScriptEngine.java:119)
	at com.kms.katalon.core.main.TestCaseExecutor.runScript(TestCaseExecutor.java:398)
	at com.kms.katalon.core.main.TestCaseExecutor.doExecute(TestCaseExecutor.java:389)
	at com.kms.katalon.core.main.TestCaseExecutor.processExecutionPhase(TestCaseExecutor.java:368)
	at com.kms.katalon.core.main.TestCaseExecutor.accessMainPhase(TestCaseExecutor.java:360)
	at com.kms.katalon.core.main.TestCaseExecutor.execute(TestCaseExecutor.java:255)
	at com.kms.katalon.core.main.TestSuiteExecutor.accessTestCaseMainPhase(TestSuiteExecutor.java:203)
	at com.kms.katalon.core.main.TestSuiteExecutor.accessTestSuiteMainPhase(TestSuiteExecutor.java:152)
	at com.kms.katalon.core.main.TestSuiteExecutor.execute(TestSuiteExecutor.java:95)
	at com.kms.katalon.core.main.TestCaseMain.startTestSuite(TestCaseMain.java:157)
	at com.kms.katalon.core.main.TestCaseMain$startTestSuite$0.call(Unknown Source)
	at TempTestSuite1611845744433.run(TempTestSuite1611845744433.groovy:39)
Caused by: org.openqa.selenium.ElementClickInterceptedException: element click intercepted: Element <i></i> is not clickable at point (60, 858). Other element would receive the click: <button title="Ustawienia prywatności" aria-label="Ustawienia prywatności" class="cf3Mob cf2Lf6" data-cookiefirst-button="primary">...</button>
  (Session info: chrome=88.0.4324.104)
Build info: version: '3.141.59', revision: 'e82be7d358', time: '2018-11-14T08:25:53'
System info: host: 'DESKTOP-HO0QCN7', ip: '192.168.50.1', os.name: 'Windows 10', os.arch: 'amd64', os.version: '10.0', java.version: '1.8.0_181'
Driver info: com.kms.katalon.selenium.driver.CChromeDriver
Capabilities {acceptInsecureCerts: false, browserName: chrome, browserVersion: 88.0.4324.104, chrome: {chromedriverVersion: 87.0.4280.88 (89e2380a3e36c..., userDataDir: C:\Users\STAZIN~1\AppData\L...}, goog:chromeOptions: {debuggerAddress: localhost:59978}, javascriptEnabled: true, networkConnectionEnabled: false, pageLoadStrategy: normal, platform: WINDOWS, platformName: WINDOWS, proxy: Proxy(), setWindowRect: true, strictFileInteractability: false, timeouts: {implicit: 0, pageLoad: 300000, script: 30000}, unhandledPromptBehavior: dismiss and notify, webauthn:virtualAuthenticators: true}
Session ID: 5d078c1879953a2b9e87e88665364a1a
	at org.openqa.selenium.remote.http.W3CHttpResponseCodec.createException(W3CHttpResponseCodec.java:187)
	at org.openqa.selenium.remote.http.W3CHttpResponseCodec.decode(W3CHttpResponseCodec.java:122)
	at org.openqa.selenium.remote.http.W3CHttpResponseCodec.decode(W3CHttpResponseCodec.java:49)
	at org.openqa.selenium.remote.HttpCommandExecutor.execute(HttpCommandExecutor.java:158)
	at org.openqa.selenium.remote.service.DriverCommandExecutor.execute(DriverCommandExecutor.java:83)
	at org.openqa.selenium.remote.RemoteWebDriver.execute(RemoteWebDriver.java:552)
	at com.kms.katalon.selenium.driver.CChromeDriver.execute(CChromeDriver.java:19)
	at org.openqa.selenium.remote.RemoteWebElement.execute(RemoteWebElement.java:285)
	at org.openqa.selenium.remote.RemoteWebElement.click(RemoteWebElement.java:84)
	at org.openqa.selenium.support.events.EventFiringWebDriver$EventFiringWebElement.lambda$new$0(EventFiringWebDriver.java:404)
	at com.sun.proxy.$Proxy11.click(Unknown Source)
	at org.openqa.selenium.support.events.EventFiringWebDriver$EventFiringWebElement.click(EventFiringWebDriver.java:417)
	at com.kms.katalon.core.webui.keyword.builtin.ClickKeyword$_click_closure1.doCall(ClickKeyword.groovy:68)
	at com.kms.katalon.core.webui.keyword.builtin.ClickKeyword$_click_closure1.call(ClickKeyword.groovy)
	at com.kms.katalon.core.webui.keyword.internal.WebUIKeywordMain.runKeyword(WebUIKeywordMain.groovy:20)
	... 19 more]]></system-out>
      <system-err><![CDATA[2021-01-28 15:56:09 - [TEST_SUITE][FAILED] - O nas: Test Cases/O nas/TEMP FAILED.
Reason:
com.kms.katalon.core.exception.StepFailedException: Unable to click on object 'Object Repository/TEMP/Page_Marta Baaziska - Aptekarska Szkoa Zarzdzania/i'
	at com.kms.katalon.core.webui.keyword.internal.WebUIKeywordMain.stepFailed(WebUIKeywordMain.groovy:64)
	at com.kms.katalon.core.webui.keyword.internal.WebUIKeywordMain.runKeyword(WebUIKeywordMain.groovy:26)
	at com.kms.katalon.core.webui.keyword.builtin.ClickKeyword.click(ClickKeyword.groovy:75)
	at com.kms.katalon.core.webui.keyword.builtin.ClickKeyword.execute(ClickKeyword.groovy:42)
	at com.kms.katalon.core.keyword.internal.KeywordExecutor.executeKeywordForPlatform(KeywordExecutor.groovy:73)
	at com.kms.katalon.core.webui.keyword.WebUiBuiltInKeywords.click(WebUiBuiltInKeywords.groovy:619)
	at com.kms.katalon.core.webui.keyword.WebUiBuiltInKeywords$click$1.call(Unknown Source)
	at TEMP.run(TEMP:25)
	at com.kms.katalon.core.main.ScriptEngine.run(ScriptEngine.java:194)
	at com.kms.katalon.core.main.ScriptEngine.runScriptAsRawText(ScriptEngine.java:119)
	at com.kms.katalon.core.main.TestCaseExecutor.runScript(TestCaseExecutor.java:398)
	at com.kms.katalon.core.main.TestCaseExecutor.doExecute(TestCaseExecutor.java:389)
	at com.kms.katalon.core.main.TestCaseExecutor.processExecutionPhase(TestCaseExecutor.java:368)
	at com.kms.katalon.core.main.TestCaseExecutor.accessMainPhase(TestCaseExecutor.java:360)
	at com.kms.katalon.core.main.TestCaseExecutor.execute(TestCaseExecutor.java:255)
	at com.kms.katalon.core.main.TestSuiteExecutor.accessTestCaseMainPhase(TestSuiteExecutor.java:203)
	at com.kms.katalon.core.main.TestSuiteExecutor.accessTestSuiteMainPhase(TestSuiteExecutor.java:152)
	at com.kms.katalon.core.main.TestSuiteExecutor.execute(TestSuiteExecutor.java:95)
	at com.kms.katalon.core.main.TestCaseMain.startTestSuite(TestCaseMain.java:157)
	at com.kms.katalon.core.main.TestCaseMain$startTestSuite$0.call(Unknown Source)
	at TempTestSuite1611845744433.run(TempTestSuite1611845744433.groovy:39)
Caused by: org.openqa.selenium.ElementClickInterceptedException: element click intercepted: Element <i></i> is not clickable at point (60, 858). Other element would receive the click: <button title="Ustawienia prywatności" aria-label="Ustawienia prywatności" class="cf3Mob cf2Lf6" data-cookiefirst-button="primary">...</button>
  (Session info: chrome=88.0.4324.104)
Build info: version: '3.141.59', revision: 'e82be7d358', time: '2018-11-14T08:25:53'
System info: host: 'DESKTOP-HO0QCN7', ip: '192.168.50.1', os.name: 'Windows 10', os.arch: 'amd64', os.version: '10.0', java.version: '1.8.0_181'
Driver info: com.kms.katalon.selenium.driver.CChromeDriver
Capabilities {acceptInsecureCerts: false, browserName: chrome, browserVersion: 88.0.4324.104, chrome: {chromedriverVersion: 87.0.4280.88 (89e2380a3e36c..., userDataDir: C:\Users\STAZIN~1\AppData\L...}, goog:chromeOptions: {debuggerAddress: localhost:59978}, javascriptEnabled: true, networkConnectionEnabled: false, pageLoadStrategy: normal, platform: WINDOWS, platformName: WINDOWS, proxy: Proxy(), setWindowRect: true, strictFileInteractability: false, timeouts: {implicit: 0, pageLoad: 300000, script: 30000}, unhandledPromptBehavior: dismiss and notify, webauthn:virtualAuthenticators: true}
Session ID: 5d078c1879953a2b9e87e88665364a1a
	at org.openqa.selenium.remote.http.W3CHttpResponseCodec.createException(W3CHttpResponseCodec.java:187)
	at org.openqa.selenium.remote.http.W3CHttpResponseCodec.decode(W3CHttpResponseCodec.java:122)
	at org.openqa.selenium.remote.http.W3CHttpResponseCodec.decode(W3CHttpResponseCodec.java:49)
	at org.openqa.selenium.remote.HttpCommandExecutor.execute(HttpCommandExecutor.java:158)
	at org.openqa.selenium.remote.service.DriverCommandExecutor.execute(DriverCommandExecutor.java:83)
	at org.openqa.selenium.remote.RemoteWebDriver.execute(RemoteWebDriver.java:552)
	at com.kms.katalon.selenium.driver.CChromeDriver.execute(CChromeDriver.java:19)
	at org.openqa.selenium.remote.RemoteWebElement.execute(RemoteWebElement.java:285)
	at org.openqa.selenium.remote.RemoteWebElement.click(RemoteWebElement.java:84)
	at org.openqa.selenium.support.events.EventFiringWebDriver$EventFiringWebElement.lambda$new$0(EventFiringWebDriver.java:404)
	at com.sun.proxy.$Proxy11.click(Unknown Source)
	at org.openqa.selenium.support.events.EventFiringWebDriver$EventFiringWebElement.click(EventFiringWebDriver.java:417)
	at com.kms.katalon.core.webui.keyword.builtin.ClickKeyword$_click_closure1.doCall(ClickKeyword.groovy:68)
	at com.kms.katalon.core.webui.keyword.builtin.ClickKeyword$_click_closure1.call(ClickKeyword.groovy)
	at com.kms.katalon.core.webui.keyword.internal.WebUIKeywordMain.runKeyword(WebUIKeywordMain.groovy:20)
	... 19 more]]></system-err>
   </testsuite>
</testsuites>
