<?xml version="1.0" encoding="UTF-8"?>
<testsuites name="Oferta" time="178.322" tests="3" failures="1" skips="0" errors="0">
   <testsuite name="Oferta" tests="3" failures="1" errors="0" time="178.322" skips="0" timestamp="2021-01-29 17:44:57" hostname="Staz Intersiec - DESKTOP-HO0QCN7" id="Test Suites/Oferta">
      <properties>
         <property name="deviceName" value=""/>
         <property name="devicePlatform" value=""/>
         <property name="logFolder" value="C:\\Users\\Staz Intersiec\\Documents\\Aptekarska.pl_UI_Tests\\Reports\\20210129_173257\\Oferta\\20210129_173340"/>
         <property name="logFiles" value="C:\\Users\\Staz Intersiec\\Documents\\Aptekarska.pl_UI_Tests\\Reports\\20210129_173257\\Oferta\\20210129_173340\\execution0.log"/>
         <property name="attachments" value="C:\\Users\\Staz Intersiec\\Documents\\Aptekarska.pl_UI_Tests\\Reports\\20210129_173257\\Oferta\\20210129_173340\\1611938779042.png, C:\\Users\\Staz Intersiec\\Documents\\Aptekarska.pl_UI_Tests\\Reports\\20210129_173257\\Oferta\\20210129_173340\\1611938810429.png, C:\\Users\\Staz Intersiec\\Documents\\Aptekarska.pl_UI_Tests\\Reports\\20210129_173257\\Oferta\\20210129_173340\\1611938841797.png, C:\\Users\\Staz Intersiec\\Documents\\Aptekarska.pl_UI_Tests\\Reports\\20210129_173257\\Oferta\\20210129_173340\\1611938873051.png"/>
         <property name="hostName" value="Staz Intersiec - DESKTOP-HO0QCN7"/>
         <property name="os" value="Windows 10 64bit"/>
         <property name="katalonVersion" value="7.9.0.208"/>
         <property name="browser" value="Firefox 84.0"/>
         <property name="hostAddress" value="192.168.50.1"/>
         <property name="sessionId" value="b00d9341-f406-46a3-97f9-0575f28e8693"/>
         <property name="seleniumVersion" value="3.141.59"/>
         <property name="proxyInformation" value="ProxyInformation { proxyOption=NO_PROXY, proxyServerType=HTTP, username=, password=********, proxyServerAddress=, proxyServerPort=0, executionList=&quot;&quot;, isApplyToDesiredCapabilities=true }"/>
         <property name="platform" value="Windows 10"/>
      </properties>
      <testcase name="Test Cases/Oferta/Test Nawigacji - Podstrony Oferta" time="26.441" classname="Test Cases/Oferta/Test Nawigacji - Podstrony Oferta" status="PASSED">
         <system-out><![CDATA[2021-01-29 17:44:58 - [TEST_CASE][PASSED] - Test Cases/Oferta/Test Nawigacji - Podstrony Oferta: Test Cases/Oferta/Test Nawigacji - Podstrony Oferta

2021-01-29 17:44:59 - [TEST_STEP][PASSED] - openBrowser(""): Browser is opened with url: ''

2021-01-29 17:45:00 - [MESSAGE][INFO] - Starting 'Firefox' driver

2021-01-29 17:45:00 - [MESSAGE][INFO] - Action delay is set to 0 milliseconds

2021-01-29 17:45:05 - [MESSAGE][PASSED] - Browser is opened with url: ''

2021-01-29 17:45:05 - [TEST_STEP][PASSED] - navigateToUrl("https://www.aptekarska.pl/oferta/"): Navigate to 'https://www.aptekarska.pl/oferta/' successfully

2021-01-29 17:45:08 - [MESSAGE][PASSED] - Navigate to 'https://www.aptekarska.pl/oferta/' successfully

2021-01-29 17:45:08 - [TEST_STEP][PASSED] - click(findTestObject("Object Repository/Page_Aptekarska Szkoa Zarzdzania/button_Nie zgadzam si")): Object: 'Object Repository/Page_Aptekarska Szkoa Zarzdzania/button_Nie zgadzam si' is clicked on

2021-01-29 17:45:09 - [MESSAGE][PASSED] - Object: 'Object Repository/Page_Aptekarska Szkoa Zarzdzania/button_Nie zgadzam si' is clicked on

2021-01-29 17:45:09 - [TEST_STEP][PASSED] - click(findTestObject("Object Repository/Page_Aptekarska Szkoa Zarzdzania/a_Opieka farmaceutyczna")): Object: 'Object Repository/Page_Aptekarska Szkoa Zarzdzania/a_Opieka farmaceutyczna' is clicked on

2021-01-29 17:45:17 - [MESSAGE][PASSED] - Object: 'Object Repository/Page_Aptekarska Szkoa Zarzdzania/a_Opieka farmaceutyczna' is clicked on

2021-01-29 17:45:17 - [TEST_STEP][PASSED] - getUrl(): Current window's url is: 'https://www.aptekarska.pl/oferta/course/index.php?categoryid=6'

2021-01-29 17:45:17 - [MESSAGE][PASSED] - Current window's url is: 'https://www.aptekarska.pl/oferta/course/index.php?categoryid=6'

2021-01-29 17:45:17 - [TEST_STEP][PASSED] - verifyEqual(getUrl(), "https://www.aptekarska.pl/oferta/course/index.php?categoryid=6"): Actual object 'https://www.aptekarska.pl/oferta/course/index.php?categoryid=6' and expected object 'https://www.aptekarska.pl/oferta/course/index.php?categoryid=6' are equal

2021-01-29 17:45:17 - [MESSAGE][PASSED] - Current window's url is: 'https://www.aptekarska.pl/oferta/course/index.php?categoryid=6'

2021-01-29 17:45:17 - [MESSAGE][PASSED] - Actual object 'https://www.aptekarska.pl/oferta/course/index.php?categoryid=6' and expected object 'https://www.aptekarska.pl/oferta/course/index.php?categoryid=6' are equal

2021-01-29 17:45:17 - [TEST_STEP][PASSED] - click(findTestObject("Object Repository/Page_Aptekarska Szkoa Zarzdzania Wszystkie kursy/a_Zarzdzanie aptek")): Object: 'Object Repository/Page_Aptekarska Szkoa Zarzdzania Wszystkie kursy/a_Zarzdzanie aptek' is clicked on

2021-01-29 17:45:18 - [MESSAGE][PASSED] - Object: 'Object Repository/Page_Aptekarska Szkoa Zarzdzania Wszystkie kursy/a_Zarzdzanie aptek' is clicked on

2021-01-29 17:45:18 - [TEST_STEP][PASSED] - getUrl(): Current window's url is: 'https://www.aptekarska.pl/oferta/course/index.php?categoryid=5'

2021-01-29 17:45:18 - [MESSAGE][PASSED] - Current window's url is: 'https://www.aptekarska.pl/oferta/course/index.php?categoryid=5'

2021-01-29 17:45:18 - [TEST_STEP][PASSED] - verifyEqual(getUrl(), "https://www.aptekarska.pl/oferta/course/index.php?categoryid=5"): Actual object 'https://www.aptekarska.pl/oferta/course/index.php?categoryid=5' and expected object 'https://www.aptekarska.pl/oferta/course/index.php?categoryid=5' are equal

2021-01-29 17:45:18 - [MESSAGE][PASSED] - Current window's url is: 'https://www.aptekarska.pl/oferta/course/index.php?categoryid=5'

2021-01-29 17:45:18 - [MESSAGE][PASSED] - Actual object 'https://www.aptekarska.pl/oferta/course/index.php?categoryid=5' and expected object 'https://www.aptekarska.pl/oferta/course/index.php?categoryid=5' are equal

2021-01-29 17:45:18 - [TEST_STEP][PASSED] - click(findTestObject("Object Repository/Page_Aptekarska Szkoa Zarzdzania Wszystkie kursy/a_Aspekty prawne")): Object: 'Object Repository/Page_Aptekarska Szkoa Zarzdzania Wszystkie kursy/a_Aspekty prawne' is clicked on

2021-01-29 17:45:20 - [MESSAGE][PASSED] - Object: 'Object Repository/Page_Aptekarska Szkoa Zarzdzania Wszystkie kursy/a_Aspekty prawne' is clicked on

2021-01-29 17:45:20 - [TEST_STEP][PASSED] - getUrl(): Current window's url is: 'https://www.aptekarska.pl/oferta/course/index.php?categoryid=7'

2021-01-29 17:45:20 - [MESSAGE][PASSED] - Current window's url is: 'https://www.aptekarska.pl/oferta/course/index.php?categoryid=7'

2021-01-29 17:45:20 - [TEST_STEP][PASSED] - verifyEqual(getUrl(), "https://www.aptekarska.pl/oferta/course/index.php?categoryid=7"): Actual object 'https://www.aptekarska.pl/oferta/course/index.php?categoryid=7' and expected object 'https://www.aptekarska.pl/oferta/course/index.php?categoryid=7' are equal

2021-01-29 17:45:20 - [MESSAGE][PASSED] - Current window's url is: 'https://www.aptekarska.pl/oferta/course/index.php?categoryid=7'

2021-01-29 17:45:20 - [MESSAGE][PASSED] - Actual object 'https://www.aptekarska.pl/oferta/course/index.php?categoryid=7' and expected object 'https://www.aptekarska.pl/oferta/course/index.php?categoryid=7' are equal

2021-01-29 17:45:20 - [TEST_STEP][PASSED] - click(findTestObject("Object Repository/Page_Aptekarska Szkoa Zarzdzania Wszystkie kursy/a_Inne produkty")): Object: 'Object Repository/Page_Aptekarska Szkoa Zarzdzania Wszystkie kursy/a_Inne produkty' is clicked on

2021-01-29 17:45:21 - [MESSAGE][PASSED] - Object: 'Object Repository/Page_Aptekarska Szkoa Zarzdzania Wszystkie kursy/a_Inne produkty' is clicked on

2021-01-29 17:45:21 - [TEST_STEP][PASSED] - getUrl(): Current window's url is: 'https://www.aptekarska.pl/oferta/course/index.php?categoryid=10'

2021-01-29 17:45:21 - [MESSAGE][PASSED] - Current window's url is: 'https://www.aptekarska.pl/oferta/course/index.php?categoryid=10'

2021-01-29 17:45:21 - [TEST_STEP][PASSED] - verifyEqual(getUrl(), "https://www.aptekarska.pl/oferta/course/index.php?categoryid=10"): Actual object 'https://www.aptekarska.pl/oferta/course/index.php?categoryid=10' and expected object 'https://www.aptekarska.pl/oferta/course/index.php?categoryid=10' are equal

2021-01-29 17:45:21 - [MESSAGE][PASSED] - Current window's url is: 'https://www.aptekarska.pl/oferta/course/index.php?categoryid=10'

2021-01-29 17:45:21 - [MESSAGE][PASSED] - Actual object 'https://www.aptekarska.pl/oferta/course/index.php?categoryid=10' and expected object 'https://www.aptekarska.pl/oferta/course/index.php?categoryid=10' are equal

2021-01-29 17:45:21 - [TEST_STEP][PASSED] - click(findTestObject("Object Repository/Page_Aptekarska Szkoa Zarzdzania Wszystkie kursy/a_Twj koszyk")): Object: 'Object Repository/Page_Aptekarska Szkoa Zarzdzania Wszystkie kursy/a_Twj koszyk' is clicked on

2021-01-29 17:45:22 - [MESSAGE][PASSED] - Object: 'Object Repository/Page_Aptekarska Szkoa Zarzdzania Wszystkie kursy/a_Twj koszyk' is clicked on

2021-01-29 17:45:22 - [TEST_STEP][PASSED] - getUrl(): Current window's url is: 'https://www.aptekarska.pl/oferta/blocks/shoppingcart/shopping_cart.php'

2021-01-29 17:45:22 - [MESSAGE][PASSED] - Current window's url is: 'https://www.aptekarska.pl/oferta/blocks/shoppingcart/shopping_cart.php'

2021-01-29 17:45:22 - [TEST_STEP][PASSED] - verifyEqual(getUrl(), "https://www.aptekarska.pl/oferta/blocks/shoppingcart/shopping_cart.php"): Actual object 'https://www.aptekarska.pl/oferta/blocks/shoppingcart/shopping_cart.php' and expected object 'https://www.aptekarska.pl/oferta/blocks/shoppingcart/shopping_cart.php' are equal

2021-01-29 17:45:22 - [MESSAGE][PASSED] - Current window's url is: 'https://www.aptekarska.pl/oferta/blocks/shoppingcart/shopping_cart.php'

2021-01-29 17:45:22 - [MESSAGE][PASSED] - Actual object 'https://www.aptekarska.pl/oferta/blocks/shoppingcart/shopping_cart.php' and expected object 'https://www.aptekarska.pl/oferta/blocks/shoppingcart/shopping_cart.php' are equal

2021-01-29 17:45:22 - [TEST_STEP][PASSED] - click(findTestObject("Object Repository/Page_Aptekarska Szkoa Zarzdzania/img_Zaloguj si_site-logo")): Object: 'Object Repository/Page_Aptekarska Szkoa Zarzdzania/img_Zaloguj si_site-logo' is clicked on

2021-01-29 17:45:23 - [MESSAGE][PASSED] - Object: 'Object Repository/Page_Aptekarska Szkoa Zarzdzania/img_Zaloguj si_site-logo' is clicked on

2021-01-29 17:45:23 - [TEST_STEP][PASSED] - getUrl(): Current window's url is: 'https://www.aptekarska.pl/oferta/'

2021-01-29 17:45:24 - [MESSAGE][PASSED] - Current window's url is: 'https://www.aptekarska.pl/oferta/'

2021-01-29 17:45:24 - [TEST_STEP][PASSED] - verifyEqual(getUrl(), "https://www.aptekarska.pl/oferta/"): Actual object 'https://www.aptekarska.pl/oferta/' and expected object 'https://www.aptekarska.pl/oferta/' are equal

2021-01-29 17:45:24 - [MESSAGE][PASSED] - Current window's url is: 'https://www.aptekarska.pl/oferta/'

2021-01-29 17:45:24 - [MESSAGE][PASSED] - Actual object 'https://www.aptekarska.pl/oferta/' and expected object 'https://www.aptekarska.pl/oferta/' are equal

2021-01-29 17:45:24 - [TEST_STEP][PASSED] - closeBrowser(): Browser is closed

2021-01-29 17:45:25 - [MESSAGE][PASSED] - Browser is closed]]></system-out>
         <system-err><![CDATA[]]></system-err>
      </testcase>
      <testcase name="Test Cases/Oferta/Test Przewijania Strony - Podstrony Oferta" time="12.347" classname="Test Cases/Oferta/Test Przewijania Strony - Podstrony Oferta" status="PASSED">
         <system-out><![CDATA[2021-01-29 17:45:25 - [TEST_CASE][PASSED] - Test Cases/Oferta/Test Przewijania Strony - Podstrony Oferta: Test Cases/Oferta/Test Przewijania Strony - Podstrony Oferta

2021-01-29 17:45:25 - [TEST_STEP][PASSED] - openBrowser(""): Browser is opened with url: ''

2021-01-29 17:45:25 - [MESSAGE][INFO] - Starting 'Firefox' driver

2021-01-29 17:45:25 - [MESSAGE][INFO] - Action delay is set to 0 milliseconds

2021-01-29 17:45:30 - [MESSAGE][PASSED] - Browser is opened with url: ''

2021-01-29 17:45:30 - [TEST_STEP][PASSED] - navigateToUrl("https://www.aptekarska.pl/oferta/"): Navigate to 'https://www.aptekarska.pl/oferta/' successfully

2021-01-29 17:45:33 - [MESSAGE][PASSED] - Navigate to 'https://www.aptekarska.pl/oferta/' successfully

2021-01-29 17:45:33 - [TEST_STEP][PASSED] - click(findTestObject("Object Repository/Strona Główna Przewijanie/Page_Aptekarska Szkoa Zarzdzania Szkolenia _8ea30e/button_Akceptuj wszystko")): Object: 'Object Repository/Strona Główna Przewijanie/Page_Aptekarska Szkoa Zarzdzania Szkolenia _8ea30e/button_Akceptuj wszystko' is clicked on

2021-01-29 17:45:34 - [MESSAGE][PASSED] - Object: 'Object Repository/Strona Główna Przewijanie/Page_Aptekarska Szkoa Zarzdzania Szkolenia _8ea30e/button_Akceptuj wszystko' is clicked on

2021-01-29 17:45:34 - [TEST_STEP][PASSED] - scrollToElement(findTestObject("SPY-OFERTA/div_Twj koszyk_topcontrol/iframe__fm-fc-f-jquodjjgyu"), 0): Scroll to object 'Object Repository/SPY-OFERTA/div_Twj koszyk_topcontrol/iframe__fm-fc-f-jquodjjgyu' successfully

2021-01-29 17:45:34 - [MESSAGE][WARNING] - Timeout '0' is invalid. Using default page load timeout: '30'

2021-01-29 17:45:35 - [MESSAGE][PASSED] - Scroll to object 'Object Repository/SPY-OFERTA/div_Twj koszyk_topcontrol/iframe__fm-fc-f-jquodjjgyu' successfully

2021-01-29 17:45:35 - [TEST_STEP][PASSED] - click(findTestObject("SPY-OFERTA/div_Twj koszyk_topcontrol/div_Twj koszyk_topcontrol")): Object: 'Object Repository/SPY-OFERTA/div_Twj koszyk_topcontrol/div_Twj koszyk_topcontrol' is clicked on

2021-01-29 17:45:36 - [MESSAGE][PASSED] - Object: 'Object Repository/SPY-OFERTA/div_Twj koszyk_topcontrol/div_Twj koszyk_topcontrol' is clicked on

2021-01-29 17:45:36 - [TEST_STEP][PASSED] - closeBrowser(): Browser is closed

2021-01-29 17:45:37 - [MESSAGE][PASSED] - Browser is closed]]></system-out>
         <system-err><![CDATA[]]></system-err>
      </testcase>
      <testcase name="Test Cases/Oferta/Test Przyciski - Podstron Oferta" time="137.219" classname="Test Cases/Oferta/Test Przyciski - Podstron Oferta" status="FAILED">
         <failure type="FAILED" message="Test Cases/Oferta/Test Przyciski - Podstron Oferta FAILED.
Reason:
com.kms.katalon.core.exception.StepFailedException: Unable to click on object 'Object Repository/SPY-OFERTA/Page_Aptekarska Szkoa Zarzdzania/div_Jak uzyska dostp do kursu' (Root cause: com.kms.katalon.core.exception.StepFailedException: Unable to click on object 'Object Repository/SPY-OFERTA/Page_Aptekarska Szkoa Zarzdzania/div_Jak uzyska dostp do kursu'
	at com.kms.katalon.core.webui.keyword.internal.WebUIKeywordMain.stepFailed(WebUIKeywordMain.groovy:64)
	at com.kms.katalon.core.webui.keyword.internal.WebUIKeywordMain.runKeyword(WebUIKeywordMain.groovy:26)
	at com.kms.katalon.core.webui.keyword.builtin.ClickKeyword.click(ClickKeyword.groovy:75)
	at com.kms.katalon.core.webui.keyword.builtin.ClickKeyword.execute(ClickKeyword.groovy:42)
	at com.kms.katalon.core.keyword.internal.KeywordExecutor.executeKeywordForPlatform(KeywordExecutor.groovy:73)
	at com.kms.katalon.core.webui.keyword.WebUiBuiltInKeywords.click(WebUiBuiltInKeywords.groovy:607)
	at com.kms.katalon.core.webui.keyword.WebUiBuiltInKeywords$click$6.call(Unknown Source)
	at Test Przyciski - Podstron Oferta.run(Test Przyciski - Podstron Oferta:32)
	at com.kms.katalon.core.main.ScriptEngine.run(ScriptEngine.java:194)
	at com.kms.katalon.core.main.ScriptEngine.runScriptAsRawText(ScriptEngine.java:119)
	at com.kms.katalon.core.main.TestCaseExecutor.runScript(TestCaseExecutor.java:398)
	at com.kms.katalon.core.main.TestCaseExecutor.doExecute(TestCaseExecutor.java:389)
	at com.kms.katalon.core.main.TestCaseExecutor.processExecutionPhase(TestCaseExecutor.java:368)
	at com.kms.katalon.core.main.TestCaseExecutor.accessMainPhase(TestCaseExecutor.java:360)
	at com.kms.katalon.core.main.TestCaseExecutor.execute(TestCaseExecutor.java:255)
	at com.kms.katalon.core.main.TestSuiteExecutor.accessTestCaseMainPhase(TestSuiteExecutor.java:203)
	at com.kms.katalon.core.main.TestSuiteExecutor.accessTestSuiteMainPhase(TestSuiteExecutor.java:152)
	at com.kms.katalon.core.main.TestSuiteExecutor.execute(TestSuiteExecutor.java:95)
	at com.kms.katalon.core.main.TestCaseMain.startTestSuite(TestCaseMain.java:157)
	at com.kms.katalon.core.main.TestCaseMain$startTestSuite$0.call(Unknown Source)
	at TempTestSuite1611938020794.run(TempTestSuite1611938020794.groovy:39)
Caused by: com.kms.katalon.core.webui.exception.WebElementNotFoundException: Web element with id: 'Object Repository/SPY-OFERTA/Page_Aptekarska Szkoa Zarzdzania/div_Jak uzyska dostp do kursu' located by '//div[@id='yui_3_17_2_1_1611925941179_31']/div[2]/div/h4/a/div' not found
	at com.kms.katalon.core.webui.common.WebUiCommonHelper.findWebElement(WebUiCommonHelper.java:1368)
	at com.kms.katalon.core.webui.keyword.internal.WebUIAbstractKeyword.findWebElement(WebUIAbstractKeyword.groovy:27)
	at com.kms.katalon.core.webui.keyword.internal.WebUIAbstractKeyword.findWebElement(WebUIAbstractKeyword.groovy:26)
	at com.kms.katalon.core.webui.keyword.builtin.ClickKeyword$_click_closure1.doCall(ClickKeyword.groovy:66)
	at com.kms.katalon.core.webui.keyword.builtin.ClickKeyword$_click_closure1.call(ClickKeyword.groovy)
	at com.kms.katalon.core.webui.keyword.internal.WebUIKeywordMain.runKeyword(WebUIKeywordMain.groovy:20)
	at com.kms.katalon.core.webui.keyword.builtin.ClickKeyword.click(ClickKeyword.groovy:75)
	at com.kms.katalon.core.webui.keyword.builtin.ClickKeyword.execute(ClickKeyword.groovy:42)
	at com.kms.katalon.core.keyword.internal.KeywordExecutor.executeKeywordForPlatform(KeywordExecutor.groovy:73)
	at com.kms.katalon.core.webui.keyword.WebUiBuiltInKeywords.click(WebUiBuiltInKeywords.groovy:607)
	at com.kms.katalon.core.webui.keyword.WebUiBuiltInKeywords$click$6.call(Unknown Source)
	at Script1611922635367.run(Script1611922635367.groovy:32)
	... 13 more
)
	at com.kms.katalon.core.keyword.internal.KeywordMain.stepFailed(KeywordMain.groovy:39)
	at com.kms.katalon.core.webui.keyword.internal.WebUIKeywordMain.stepFailed(WebUIKeywordMain.groovy:64)
	at com.kms.katalon.core.webui.keyword.internal.WebUIKeywordMain.runKeyword(WebUIKeywordMain.groovy:26)
	at com.kms.katalon.core.webui.keyword.builtin.ClickKeyword.click(ClickKeyword.groovy:75)
	at com.kms.katalon.core.webui.keyword.builtin.ClickKeyword.execute(ClickKeyword.groovy:42)
	at com.kms.katalon.core.keyword.internal.KeywordExecutor.executeKeywordForPlatform(KeywordExecutor.groovy:73)
	at com.kms.katalon.core.webui.keyword.WebUiBuiltInKeywords.click(WebUiBuiltInKeywords.groovy:607)
	at com.kms.katalon.core.webui.keyword.WebUiBuiltInKeywords$click$6.call(Unknown Source)
	at Test Przyciski - Podstron Oferta.run(Test Przyciski - Podstron Oferta:32)
	at com.kms.katalon.core.main.ScriptEngine.run(ScriptEngine.java:194)
	at com.kms.katalon.core.main.ScriptEngine.runScriptAsRawText(ScriptEngine.java:119)
	at com.kms.katalon.core.main.TestCaseExecutor.runScript(TestCaseExecutor.java:398)
	at com.kms.katalon.core.main.TestCaseExecutor.doExecute(TestCaseExecutor.java:389)
	at com.kms.katalon.core.main.TestCaseExecutor.processExecutionPhase(TestCaseExecutor.java:368)
	at com.kms.katalon.core.main.TestCaseExecutor.accessMainPhase(TestCaseExecutor.java:360)
	at com.kms.katalon.core.main.TestCaseExecutor.execute(TestCaseExecutor.java:255)
	at com.kms.katalon.core.main.TestSuiteExecutor.accessTestCaseMainPhase(TestSuiteExecutor.java:203)
	at com.kms.katalon.core.main.TestSuiteExecutor.accessTestSuiteMainPhase(TestSuiteExecutor.java:152)
	at com.kms.katalon.core.main.TestSuiteExecutor.execute(TestSuiteExecutor.java:95)
	at com.kms.katalon.core.main.TestCaseMain.startTestSuite(TestCaseMain.java:157)
	at com.kms.katalon.core.main.TestCaseMain$startTestSuite$0.call(Unknown Source)
	at TempTestSuite1611938020794.run(TempTestSuite1611938020794.groovy:39)
Caused by: com.kms.katalon.core.exception.StepFailedException: Unable to click on object 'Object Repository/SPY-OFERTA/Page_Aptekarska Szkoa Zarzdzania/div_Jak uzyska dostp do kursu'
	... 21 more
Caused by: com.kms.katalon.core.webui.exception.WebElementNotFoundException: Web element with id: 'Object Repository/SPY-OFERTA/Page_Aptekarska Szkoa Zarzdzania/div_Jak uzyska dostp do kursu' located by '//div[@id='yui_3_17_2_1_1611925941179_31']/div[2]/div/h4/a/div' not found
	at com.kms.katalon.core.webui.common.WebUiCommonHelper.findWebElement(WebUiCommonHelper.java:1368)
	at com.kms.katalon.core.webui.keyword.internal.WebUIAbstractKeyword.findWebElement(WebUIAbstractKeyword.groovy:27)
	at com.kms.katalon.core.webui.keyword.internal.WebUIAbstractKeyword.findWebElement(WebUIAbstractKeyword.groovy:26)
	at com.kms.katalon.core.webui.keyword.builtin.ClickKeyword$_click_closure1.doCall(ClickKeyword.groovy:66)
	at com.kms.katalon.core.webui.keyword.builtin.ClickKeyword$_click_closure1.call(ClickKeyword.groovy)
	at com.kms.katalon.core.webui.keyword.internal.WebUIKeywordMain.runKeyword(WebUIKeywordMain.groovy:20)
	... 19 more
"/>
         <system-out><![CDATA[2021-01-29 17:45:37 - [TEST_CASE][FAILED] - Test Cases/Oferta/Test Przyciski - Podstron Oferta: Test Cases/Oferta/Test Przyciski - Podstron Oferta FAILED.
Reason:
com.kms.katalon.core.exception.StepFailedException: Unable to click on object 'Object Repository/SPY-OFERTA/Page_Aptekarska Szkoa Zarzdzania/div_Jak uzyska dostp do kursu' (Root cause: com.kms.katalon.core.exception.StepFailedException: Unable to click on object 'Object Repository/SPY-OFERTA/Page_Aptekarska Szkoa Zarzdzania/div_Jak uzyska dostp do kursu'
	at com.kms.katalon.core.webui.keyword.internal.WebUIKeywordMain.stepFailed(WebUIKeywordMain.groovy:64)
	at com.kms.katalon.core.webui.keyword.internal.WebUIKeywordMain.runKeyword(WebUIKeywordMain.groovy:26)
	at com.kms.katalon.core.webui.keyword.builtin.ClickKeyword.click(ClickKeyword.groovy:75)
	at com.kms.katalon.core.webui.keyword.builtin.ClickKeyword.execute(ClickKeyword.groovy:42)
	at com.kms.katalon.core.keyword.internal.KeywordExecutor.executeKeywordForPlatform(KeywordExecutor.groovy:73)
	at com.kms.katalon.core.webui.keyword.WebUiBuiltInKeywords.click(WebUiBuiltInKeywords.groovy:607)
	at com.kms.katalon.core.webui.keyword.WebUiBuiltInKeywords$click$6.call(Unknown Source)
	at Test Przyciski - Podstron Oferta.run(Test Przyciski - Podstron Oferta:32)
	at com.kms.katalon.core.main.ScriptEngine.run(ScriptEngine.java:194)
	at com.kms.katalon.core.main.ScriptEngine.runScriptAsRawText(ScriptEngine.java:119)
	at com.kms.katalon.core.main.TestCaseExecutor.runScript(TestCaseExecutor.java:398)
	at com.kms.katalon.core.main.TestCaseExecutor.doExecute(TestCaseExecutor.java:389)
	at com.kms.katalon.core.main.TestCaseExecutor.processExecutionPhase(TestCaseExecutor.java:368)
	at com.kms.katalon.core.main.TestCaseExecutor.accessMainPhase(TestCaseExecutor.java:360)
	at com.kms.katalon.core.main.TestCaseExecutor.execute(TestCaseExecutor.java:255)
	at com.kms.katalon.core.main.TestSuiteExecutor.accessTestCaseMainPhase(TestSuiteExecutor.java:203)
	at com.kms.katalon.core.main.TestSuiteExecutor.accessTestSuiteMainPhase(TestSuiteExecutor.java:152)
	at com.kms.katalon.core.main.TestSuiteExecutor.execute(TestSuiteExecutor.java:95)
	at com.kms.katalon.core.main.TestCaseMain.startTestSuite(TestCaseMain.java:157)
	at com.kms.katalon.core.main.TestCaseMain$startTestSuite$0.call(Unknown Source)
	at TempTestSuite1611938020794.run(TempTestSuite1611938020794.groovy:39)
Caused by: com.kms.katalon.core.webui.exception.WebElementNotFoundException: Web element with id: 'Object Repository/SPY-OFERTA/Page_Aptekarska Szkoa Zarzdzania/div_Jak uzyska dostp do kursu' located by '//div[@id='yui_3_17_2_1_1611925941179_31']/div[2]/div/h4/a/div' not found
	at com.kms.katalon.core.webui.common.WebUiCommonHelper.findWebElement(WebUiCommonHelper.java:1368)
	at com.kms.katalon.core.webui.keyword.internal.WebUIAbstractKeyword.findWebElement(WebUIAbstractKeyword.groovy:27)
	at com.kms.katalon.core.webui.keyword.internal.WebUIAbstractKeyword.findWebElement(WebUIAbstractKeyword.groovy:26)
	at com.kms.katalon.core.webui.keyword.builtin.ClickKeyword$_click_closure1.doCall(ClickKeyword.groovy:66)
	at com.kms.katalon.core.webui.keyword.builtin.ClickKeyword$_click_closure1.call(ClickKeyword.groovy)
	at com.kms.katalon.core.webui.keyword.internal.WebUIKeywordMain.runKeyword(WebUIKeywordMain.groovy:20)
	at com.kms.katalon.core.webui.keyword.builtin.ClickKeyword.click(ClickKeyword.groovy:75)
	at com.kms.katalon.core.webui.keyword.builtin.ClickKeyword.execute(ClickKeyword.groovy:42)
	at com.kms.katalon.core.keyword.internal.KeywordExecutor.executeKeywordForPlatform(KeywordExecutor.groovy:73)
	at com.kms.katalon.core.webui.keyword.WebUiBuiltInKeywords.click(WebUiBuiltInKeywords.groovy:607)
	at com.kms.katalon.core.webui.keyword.WebUiBuiltInKeywords$click$6.call(Unknown Source)
	at Script1611922635367.run(Script1611922635367.groovy:32)
	... 13 more
)
	at com.kms.katalon.core.keyword.internal.KeywordMain.stepFailed(KeywordMain.groovy:39)
	at com.kms.katalon.core.webui.keyword.internal.WebUIKeywordMain.stepFailed(WebUIKeywordMain.groovy:64)
	at com.kms.katalon.core.webui.keyword.internal.WebUIKeywordMain.runKeyword(WebUIKeywordMain.groovy:26)
	at com.kms.katalon.core.webui.keyword.builtin.ClickKeyword.click(ClickKeyword.groovy:75)
	at com.kms.katalon.core.webui.keyword.builtin.ClickKeyword.execute(ClickKeyword.groovy:42)
	at com.kms.katalon.core.keyword.internal.KeywordExecutor.executeKeywordForPlatform(KeywordExecutor.groovy:73)
	at com.kms.katalon.core.webui.keyword.WebUiBuiltInKeywords.click(WebUiBuiltInKeywords.groovy:607)
	at com.kms.katalon.core.webui.keyword.WebUiBuiltInKeywords$click$6.call(Unknown Source)
	at Test Przyciski - Podstron Oferta.run(Test Przyciski - Podstron Oferta:32)
	at com.kms.katalon.core.main.ScriptEngine.run(ScriptEngine.java:194)
	at com.kms.katalon.core.main.ScriptEngine.runScriptAsRawText(ScriptEngine.java:119)
	at com.kms.katalon.core.main.TestCaseExecutor.runScript(TestCaseExecutor.java:398)
	at com.kms.katalon.core.main.TestCaseExecutor.doExecute(TestCaseExecutor.java:389)
	at com.kms.katalon.core.main.TestCaseExecutor.processExecutionPhase(TestCaseExecutor.java:368)
	at com.kms.katalon.core.main.TestCaseExecutor.accessMainPhase(TestCaseExecutor.java:360)
	at com.kms.katalon.core.main.TestCaseExecutor.execute(TestCaseExecutor.java:255)
	at com.kms.katalon.core.main.TestSuiteExecutor.accessTestCaseMainPhase(TestSuiteExecutor.java:203)
	at com.kms.katalon.core.main.TestSuiteExecutor.accessTestSuiteMainPhase(TestSuiteExecutor.java:152)
	at com.kms.katalon.core.main.TestSuiteExecutor.execute(TestSuiteExecutor.java:95)
	at com.kms.katalon.core.main.TestCaseMain.startTestSuite(TestCaseMain.java:157)
	at com.kms.katalon.core.main.TestCaseMain$startTestSuite$0.call(Unknown Source)
	at TempTestSuite1611938020794.run(TempTestSuite1611938020794.groovy:39)
Caused by: com.kms.katalon.core.exception.StepFailedException: Unable to click on object 'Object Repository/SPY-OFERTA/Page_Aptekarska Szkoa Zarzdzania/div_Jak uzyska dostp do kursu'
	... 21 more
Caused by: com.kms.katalon.core.webui.exception.WebElementNotFoundException: Web element with id: 'Object Repository/SPY-OFERTA/Page_Aptekarska Szkoa Zarzdzania/div_Jak uzyska dostp do kursu' located by '//div[@id='yui_3_17_2_1_1611925941179_31']/div[2]/div/h4/a/div' not found
	at com.kms.katalon.core.webui.common.WebUiCommonHelper.findWebElement(WebUiCommonHelper.java:1368)
	at com.kms.katalon.core.webui.keyword.internal.WebUIAbstractKeyword.findWebElement(WebUIAbstractKeyword.groovy:27)
	at com.kms.katalon.core.webui.keyword.internal.WebUIAbstractKeyword.findWebElement(WebUIAbstractKeyword.groovy:26)
	at com.kms.katalon.core.webui.keyword.builtin.ClickKeyword$_click_closure1.doCall(ClickKeyword.groovy:66)
	at com.kms.katalon.core.webui.keyword.builtin.ClickKeyword$_click_closure1.call(ClickKeyword.groovy)
	at com.kms.katalon.core.webui.keyword.internal.WebUIKeywordMain.runKeyword(WebUIKeywordMain.groovy:20)
	... 19 more


2021-01-29 17:45:38 - [TEST_STEP][PASSED] - openBrowser(""): Browser is opened with url: ''

2021-01-29 17:45:38 - [MESSAGE][INFO] - Starting 'Firefox' driver

2021-01-29 17:45:38 - [MESSAGE][INFO] - Action delay is set to 0 milliseconds

2021-01-29 17:45:42 - [MESSAGE][PASSED] - Browser is opened with url: ''

2021-01-29 17:45:42 - [TEST_STEP][PASSED] - maximizeWindow(): Current window maximized

2021-01-29 17:45:42 - [MESSAGE][PASSED] - Current window maximized

2021-01-29 17:45:42 - [TEST_STEP][PASSED] - navigateToUrl("https://www.aptekarska.pl/oferta/"): Navigate to 'https://www.aptekarska.pl/oferta/' successfully

2021-01-29 17:45:45 - [MESSAGE][PASSED] - Navigate to 'https://www.aptekarska.pl/oferta/' successfully

2021-01-29 17:45:45 - [TEST_STEP][PASSED] - click(findTestObject("Object Repository/SPY-OFERTA/Page_Aptekarska Szkoa Zarzdzania/button_Nie zgadzam si")): Object: 'Object Repository/SPY-OFERTA/Page_Aptekarska Szkoa Zarzdzania/button_Nie zgadzam si' is clicked on

2021-01-29 17:45:46 - [MESSAGE][PASSED] - Object: 'Object Repository/SPY-OFERTA/Page_Aptekarska Szkoa Zarzdzania/button_Nie zgadzam si' is clicked on

2021-01-29 17:45:46 - [TEST_STEP][PASSED] - scrollToElement(findTestObject("Object Repository/SPY-OFERTA/Page_Aptekarska Szkoa Zarzdzania/div_Jak si zalogowa"), 0): Scroll to object 'Object Repository/SPY-OFERTA/Page_Aptekarska Szkoa Zarzdzania/div_Jak si zalogowa' successfully

2021-01-29 17:45:46 - [MESSAGE][WARNING] - Timeout '0' is invalid. Using default page load timeout: '30'

2021-01-29 17:45:47 - [MESSAGE][PASSED] - Scroll to object 'Object Repository/SPY-OFERTA/Page_Aptekarska Szkoa Zarzdzania/div_Jak si zalogowa' successfully

2021-01-29 17:45:47 - [TEST_STEP][PASSED] - click(findTestObject("Object Repository/SPY-OFERTA/Page_Aptekarska Szkoa Zarzdzania/div_Jak si zalogowa_1"), CONTINUE_ON_FAILURE): Object: 'Object Repository/SPY-OFERTA/Page_Aptekarska Szkoa Zarzdzania/div_Jak si zalogowa_1' is clicked on

2021-01-29 17:45:47 - [MESSAGE][PASSED] - Object: 'Object Repository/SPY-OFERTA/Page_Aptekarska Szkoa Zarzdzania/div_Jak si zalogowa_1' is clicked on

2021-01-29 17:45:47 - [TEST_STEP][FAILED] - click(findTestObject("Object Repository/SPY-OFERTA/Page_Aptekarska Szkoa Zarzdzania/div_Jak uzyska dostp do kursu"), CONTINUE_ON_FAILURE): Unable to click on object 'Object Repository/SPY-OFERTA/Page_Aptekarska Szkoa Zarzdzania/div_Jak uzyska dostp do kursu' (Root cause: com.kms.katalon.core.exception.StepFailedException: Unable to click on object 'Object Repository/SPY-OFERTA/Page_Aptekarska Szkoa Zarzdzania/div_Jak uzyska dostp do kursu'
	at com.kms.katalon.core.webui.keyword.internal.WebUIKeywordMain.stepFailed(WebUIKeywordMain.groovy:64)
	at com.kms.katalon.core.webui.keyword.internal.WebUIKeywordMain.runKeyword(WebUIKeywordMain.groovy:26)
	at com.kms.katalon.core.webui.keyword.builtin.ClickKeyword.click(ClickKeyword.groovy:75)
	at com.kms.katalon.core.webui.keyword.builtin.ClickKeyword.execute(ClickKeyword.groovy:42)
	at com.kms.katalon.core.keyword.internal.KeywordExecutor.executeKeywordForPlatform(KeywordExecutor.groovy:73)
	at com.kms.katalon.core.webui.keyword.WebUiBuiltInKeywords.click(WebUiBuiltInKeywords.groovy:607)
	at com.kms.katalon.core.webui.keyword.WebUiBuiltInKeywords$click$6.call(Unknown Source)
	at Test Przyciski - Podstron Oferta.run(Test Przyciski - Podstron Oferta:32)
	at com.kms.katalon.core.main.ScriptEngine.run(ScriptEngine.java:194)
	at com.kms.katalon.core.main.ScriptEngine.runScriptAsRawText(ScriptEngine.java:119)
	at com.kms.katalon.core.main.TestCaseExecutor.runScript(TestCaseExecutor.java:398)
	at com.kms.katalon.core.main.TestCaseExecutor.doExecute(TestCaseExecutor.java:389)
	at com.kms.katalon.core.main.TestCaseExecutor.processExecutionPhase(TestCaseExecutor.java:368)
	at com.kms.katalon.core.main.TestCaseExecutor.accessMainPhase(TestCaseExecutor.java:360)
	at com.kms.katalon.core.main.TestCaseExecutor.execute(TestCaseExecutor.java:255)
	at com.kms.katalon.core.main.TestSuiteExecutor.accessTestCaseMainPhase(TestSuiteExecutor.java:203)
	at com.kms.katalon.core.main.TestSuiteExecutor.accessTestSuiteMainPhase(TestSuiteExecutor.java:152)
	at com.kms.katalon.core.main.TestSuiteExecutor.execute(TestSuiteExecutor.java:95)
	at com.kms.katalon.core.main.TestCaseMain.startTestSuite(TestCaseMain.java:157)
	at com.kms.katalon.core.main.TestCaseMain$startTestSuite$0.call(Unknown Source)
	at TempTestSuite1611938020794.run(TempTestSuite1611938020794.groovy:39)
Caused by: com.kms.katalon.core.webui.exception.WebElementNotFoundException: Web element with id: 'Object Repository/SPY-OFERTA/Page_Aptekarska Szkoa Zarzdzania/div_Jak uzyska dostp do kursu' located by '//div[@id='yui_3_17_2_1_1611925941179_31']/div[2]/div/h4/a/div' not found
	at com.kms.katalon.core.webui.common.WebUiCommonHelper.findWebElement(WebUiCommonHelper.java:1368)
	at com.kms.katalon.core.webui.keyword.internal.WebUIAbstractKeyword.findWebElement(WebUIAbstractKeyword.groovy:27)
	at com.kms.katalon.core.webui.keyword.internal.WebUIAbstractKeyword.findWebElement(WebUIAbstractKeyword.groovy:26)
	at com.kms.katalon.core.webui.keyword.builtin.ClickKeyword$_click_closure1.doCall(ClickKeyword.groovy:66)
	at com.kms.katalon.core.webui.keyword.builtin.ClickKeyword$_click_closure1.call(ClickKeyword.groovy)
	at com.kms.katalon.core.webui.keyword.internal.WebUIKeywordMain.runKeyword(WebUIKeywordMain.groovy:20)
	at com.kms.katalon.core.webui.keyword.builtin.ClickKeyword.click(ClickKeyword.groovy:75)
	at com.kms.katalon.core.webui.keyword.builtin.ClickKeyword.execute(ClickKeyword.groovy:42)
	at com.kms.katalon.core.keyword.internal.KeywordExecutor.executeKeywordForPlatform(KeywordExecutor.groovy:73)
	at com.kms.katalon.core.webui.keyword.WebUiBuiltInKeywords.click(WebUiBuiltInKeywords.groovy:607)
	at com.kms.katalon.core.webui.keyword.WebUiBuiltInKeywords$click$6.call(Unknown Source)
	at Script1611922635367.run(Script1611922635367.groovy:32)
	... 13 more
)

2021-01-29 17:46:19 - [MESSAGE][INFO] - Unable to find the element located by 'By.xpath: //div[@id='yui_3_17_2_1_1611925941179_31']/div[2]/div/h4/a/div'. Please recheck the objects properties to make sure the desired element is located. 

2021-01-29 17:46:19 - [MESSAGE][FAILED] - Unable to click on object 'Object Repository/SPY-OFERTA/Page_Aptekarska Szkoa Zarzdzania/div_Jak uzyska dostp do kursu' (Root cause: com.kms.katalon.core.exception.StepFailedException: Unable to click on object 'Object Repository/SPY-OFERTA/Page_Aptekarska Szkoa Zarzdzania/div_Jak uzyska dostp do kursu'
	at com.kms.katalon.core.webui.keyword.internal.WebUIKeywordMain.stepFailed(WebUIKeywordMain.groovy:64)
	at com.kms.katalon.core.webui.keyword.internal.WebUIKeywordMain.runKeyword(WebUIKeywordMain.groovy:26)
	at com.kms.katalon.core.webui.keyword.builtin.ClickKeyword.click(ClickKeyword.groovy:75)
	at com.kms.katalon.core.webui.keyword.builtin.ClickKeyword.execute(ClickKeyword.groovy:42)
	at com.kms.katalon.core.keyword.internal.KeywordExecutor.executeKeywordForPlatform(KeywordExecutor.groovy:73)
	at com.kms.katalon.core.webui.keyword.WebUiBuiltInKeywords.click(WebUiBuiltInKeywords.groovy:607)
	at com.kms.katalon.core.webui.keyword.WebUiBuiltInKeywords$click$6.call(Unknown Source)
	at Test Przyciski - Podstron Oferta.run(Test Przyciski - Podstron Oferta:32)
	at com.kms.katalon.core.main.ScriptEngine.run(ScriptEngine.java:194)
	at com.kms.katalon.core.main.ScriptEngine.runScriptAsRawText(ScriptEngine.java:119)
	at com.kms.katalon.core.main.TestCaseExecutor.runScript(TestCaseExecutor.java:398)
	at com.kms.katalon.core.main.TestCaseExecutor.doExecute(TestCaseExecutor.java:389)
	at com.kms.katalon.core.main.TestCaseExecutor.processExecutionPhase(TestCaseExecutor.java:368)
	at com.kms.katalon.core.main.TestCaseExecutor.accessMainPhase(TestCaseExecutor.java:360)
	at com.kms.katalon.core.main.TestCaseExecutor.execute(TestCaseExecutor.java:255)
	at com.kms.katalon.core.main.TestSuiteExecutor.accessTestCaseMainPhase(TestSuiteExecutor.java:203)
	at com.kms.katalon.core.main.TestSuiteExecutor.accessTestSuiteMainPhase(TestSuiteExecutor.java:152)
	at com.kms.katalon.core.main.TestSuiteExecutor.execute(TestSuiteExecutor.java:95)
	at com.kms.katalon.core.main.TestCaseMain.startTestSuite(TestCaseMain.java:157)
	at com.kms.katalon.core.main.TestCaseMain$startTestSuite$0.call(Unknown Source)
	at TempTestSuite1611938020794.run(TempTestSuite1611938020794.groovy:39)
Caused by: com.kms.katalon.core.webui.exception.WebElementNotFoundException: Web element with id: 'Object Repository/SPY-OFERTA/Page_Aptekarska Szkoa Zarzdzania/div_Jak uzyska dostp do kursu' located by '//div[@id='yui_3_17_2_1_1611925941179_31']/div[2]/div/h4/a/div' not found
	at com.kms.katalon.core.webui.common.WebUiCommonHelper.findWebElement(WebUiCommonHelper.java:1368)
	at com.kms.katalon.core.webui.keyword.internal.WebUIAbstractKeyword.findWebElement(WebUIAbstractKeyword.groovy:27)
	at com.kms.katalon.core.webui.keyword.internal.WebUIAbstractKeyword.findWebElement(WebUIAbstractKeyword.groovy:26)
	at com.kms.katalon.core.webui.keyword.builtin.ClickKeyword$_click_closure1.doCall(ClickKeyword.groovy:66)
	at com.kms.katalon.core.webui.keyword.builtin.ClickKeyword$_click_closure1.call(ClickKeyword.groovy)
	at com.kms.katalon.core.webui.keyword.internal.WebUIKeywordMain.runKeyword(WebUIKeywordMain.groovy:20)
	at com.kms.katalon.core.webui.keyword.builtin.ClickKeyword.click(ClickKeyword.groovy:75)
	at com.kms.katalon.core.webui.keyword.builtin.ClickKeyword.execute(ClickKeyword.groovy:42)
	at com.kms.katalon.core.keyword.internal.KeywordExecutor.executeKeywordForPlatform(KeywordExecutor.groovy:73)
	at com.kms.katalon.core.webui.keyword.WebUiBuiltInKeywords.click(WebUiBuiltInKeywords.groovy:607)
	at com.kms.katalon.core.webui.keyword.WebUiBuiltInKeywords$click$6.call(Unknown Source)
	at Script1611922635367.run(Script1611922635367.groovy:32)
	... 13 more
)
[[ATTACHMENT|C:\\Users\\Staz Intersiec\\Documents\\Aptekarska.pl_UI_Tests\\Reports\\20210129_173257\\Oferta\\20210129_173340\\1611938779042.png]]

2021-01-29 17:46:19 - [TEST_STEP][FAILED] - click(findTestObject("Object Repository/SPY-OFERTA/Page_Aptekarska Szkoa Zarzdzania/div_Jak sprawdzi liczb moich punktw edukacyjnych"), CONTINUE_ON_FAILURE): Unable to click on object 'Object Repository/SPY-OFERTA/Page_Aptekarska Szkoa Zarzdzania/div_Jak sprawdzi liczb moich punktw edukacyjnych' (Root cause: com.kms.katalon.core.exception.StepFailedException: Unable to click on object 'Object Repository/SPY-OFERTA/Page_Aptekarska Szkoa Zarzdzania/div_Jak sprawdzi liczb moich punktw edukacyjnych'
	at com.kms.katalon.core.webui.keyword.internal.WebUIKeywordMain.stepFailed(WebUIKeywordMain.groovy:64)
	at com.kms.katalon.core.webui.keyword.internal.WebUIKeywordMain.runKeyword(WebUIKeywordMain.groovy:26)
	at com.kms.katalon.core.webui.keyword.builtin.ClickKeyword.click(ClickKeyword.groovy:75)
	at com.kms.katalon.core.webui.keyword.builtin.ClickKeyword.execute(ClickKeyword.groovy:42)
	at com.kms.katalon.core.keyword.internal.KeywordExecutor.executeKeywordForPlatform(KeywordExecutor.groovy:73)
	at com.kms.katalon.core.webui.keyword.WebUiBuiltInKeywords.click(WebUiBuiltInKeywords.groovy:607)
	at com.kms.katalon.core.webui.keyword.WebUiBuiltInKeywords$click$6.call(Unknown Source)
	at Test Przyciski - Podstron Oferta.run(Test Przyciski - Podstron Oferta:35)
	at com.kms.katalon.core.main.ScriptEngine.run(ScriptEngine.java:194)
	at com.kms.katalon.core.main.ScriptEngine.runScriptAsRawText(ScriptEngine.java:119)
	at com.kms.katalon.core.main.TestCaseExecutor.runScript(TestCaseExecutor.java:398)
	at com.kms.katalon.core.main.TestCaseExecutor.doExecute(TestCaseExecutor.java:389)
	at com.kms.katalon.core.main.TestCaseExecutor.processExecutionPhase(TestCaseExecutor.java:368)
	at com.kms.katalon.core.main.TestCaseExecutor.accessMainPhase(TestCaseExecutor.java:360)
	at com.kms.katalon.core.main.TestCaseExecutor.execute(TestCaseExecutor.java:255)
	at com.kms.katalon.core.main.TestSuiteExecutor.accessTestCaseMainPhase(TestSuiteExecutor.java:203)
	at com.kms.katalon.core.main.TestSuiteExecutor.accessTestSuiteMainPhase(TestSuiteExecutor.java:152)
	at com.kms.katalon.core.main.TestSuiteExecutor.execute(TestSuiteExecutor.java:95)
	at com.kms.katalon.core.main.TestCaseMain.startTestSuite(TestCaseMain.java:157)
	at com.kms.katalon.core.main.TestCaseMain$startTestSuite$0.call(Unknown Source)
	at TempTestSuite1611938020794.run(TempTestSuite1611938020794.groovy:39)
Caused by: com.kms.katalon.core.webui.exception.WebElementNotFoundException: Web element with id: 'Object Repository/SPY-OFERTA/Page_Aptekarska Szkoa Zarzdzania/div_Jak sprawdzi liczb moich punktw edukacyjnych' located by '//div[@id='yui_3_17_2_1_1611925941179_31']/div[3]/div/h4/a/div' not found
	at com.kms.katalon.core.webui.common.WebUiCommonHelper.findWebElement(WebUiCommonHelper.java:1368)
	at com.kms.katalon.core.webui.keyword.internal.WebUIAbstractKeyword.findWebElement(WebUIAbstractKeyword.groovy:27)
	at com.kms.katalon.core.webui.keyword.internal.WebUIAbstractKeyword.findWebElement(WebUIAbstractKeyword.groovy:26)
	at com.kms.katalon.core.webui.keyword.builtin.ClickKeyword$_click_closure1.doCall(ClickKeyword.groovy:66)
	at com.kms.katalon.core.webui.keyword.builtin.ClickKeyword$_click_closure1.call(ClickKeyword.groovy)
	at com.kms.katalon.core.webui.keyword.internal.WebUIKeywordMain.runKeyword(WebUIKeywordMain.groovy:20)
	at com.kms.katalon.core.webui.keyword.builtin.ClickKeyword.click(ClickKeyword.groovy:75)
	at com.kms.katalon.core.webui.keyword.builtin.ClickKeyword.execute(ClickKeyword.groovy:42)
	at com.kms.katalon.core.keyword.internal.KeywordExecutor.executeKeywordForPlatform(KeywordExecutor.groovy:73)
	at com.kms.katalon.core.webui.keyword.WebUiBuiltInKeywords.click(WebUiBuiltInKeywords.groovy:607)
	at com.kms.katalon.core.webui.keyword.WebUiBuiltInKeywords$click$6.call(Unknown Source)
	at Script1611922635367.run(Script1611922635367.groovy:35)
	... 13 more
)

2021-01-29 17:46:50 - [MESSAGE][INFO] - Unable to find the element located by 'By.xpath: //div[@id='yui_3_17_2_1_1611925941179_31']/div[3]/div/h4/a/div'. Please recheck the objects properties to make sure the desired element is located. 

2021-01-29 17:46:50 - [MESSAGE][FAILED] - Unable to click on object 'Object Repository/SPY-OFERTA/Page_Aptekarska Szkoa Zarzdzania/div_Jak sprawdzi liczb moich punktw edukacyjnych' (Root cause: com.kms.katalon.core.exception.StepFailedException: Unable to click on object 'Object Repository/SPY-OFERTA/Page_Aptekarska Szkoa Zarzdzania/div_Jak sprawdzi liczb moich punktw edukacyjnych'
	at com.kms.katalon.core.webui.keyword.internal.WebUIKeywordMain.stepFailed(WebUIKeywordMain.groovy:64)
	at com.kms.katalon.core.webui.keyword.internal.WebUIKeywordMain.runKeyword(WebUIKeywordMain.groovy:26)
	at com.kms.katalon.core.webui.keyword.builtin.ClickKeyword.click(ClickKeyword.groovy:75)
	at com.kms.katalon.core.webui.keyword.builtin.ClickKeyword.execute(ClickKeyword.groovy:42)
	at com.kms.katalon.core.keyword.internal.KeywordExecutor.executeKeywordForPlatform(KeywordExecutor.groovy:73)
	at com.kms.katalon.core.webui.keyword.WebUiBuiltInKeywords.click(WebUiBuiltInKeywords.groovy:607)
	at com.kms.katalon.core.webui.keyword.WebUiBuiltInKeywords$click$6.call(Unknown Source)
	at Test Przyciski - Podstron Oferta.run(Test Przyciski - Podstron Oferta:35)
	at com.kms.katalon.core.main.ScriptEngine.run(ScriptEngine.java:194)
	at com.kms.katalon.core.main.ScriptEngine.runScriptAsRawText(ScriptEngine.java:119)
	at com.kms.katalon.core.main.TestCaseExecutor.runScript(TestCaseExecutor.java:398)
	at com.kms.katalon.core.main.TestCaseExecutor.doExecute(TestCaseExecutor.java:389)
	at com.kms.katalon.core.main.TestCaseExecutor.processExecutionPhase(TestCaseExecutor.java:368)
	at com.kms.katalon.core.main.TestCaseExecutor.accessMainPhase(TestCaseExecutor.java:360)
	at com.kms.katalon.core.main.TestCaseExecutor.execute(TestCaseExecutor.java:255)
	at com.kms.katalon.core.main.TestSuiteExecutor.accessTestCaseMainPhase(TestSuiteExecutor.java:203)
	at com.kms.katalon.core.main.TestSuiteExecutor.accessTestSuiteMainPhase(TestSuiteExecutor.java:152)
	at com.kms.katalon.core.main.TestSuiteExecutor.execute(TestSuiteExecutor.java:95)
	at com.kms.katalon.core.main.TestCaseMain.startTestSuite(TestCaseMain.java:157)
	at com.kms.katalon.core.main.TestCaseMain$startTestSuite$0.call(Unknown Source)
	at TempTestSuite1611938020794.run(TempTestSuite1611938020794.groovy:39)
Caused by: com.kms.katalon.core.webui.exception.WebElementNotFoundException: Web element with id: 'Object Repository/SPY-OFERTA/Page_Aptekarska Szkoa Zarzdzania/div_Jak sprawdzi liczb moich punktw edukacyjnych' located by '//div[@id='yui_3_17_2_1_1611925941179_31']/div[3]/div/h4/a/div' not found
	at com.kms.katalon.core.webui.common.WebUiCommonHelper.findWebElement(WebUiCommonHelper.java:1368)
	at com.kms.katalon.core.webui.keyword.internal.WebUIAbstractKeyword.findWebElement(WebUIAbstractKeyword.groovy:27)
	at com.kms.katalon.core.webui.keyword.internal.WebUIAbstractKeyword.findWebElement(WebUIAbstractKeyword.groovy:26)
	at com.kms.katalon.core.webui.keyword.builtin.ClickKeyword$_click_closure1.doCall(ClickKeyword.groovy:66)
	at com.kms.katalon.core.webui.keyword.builtin.ClickKeyword$_click_closure1.call(ClickKeyword.groovy)
	at com.kms.katalon.core.webui.keyword.internal.WebUIKeywordMain.runKeyword(WebUIKeywordMain.groovy:20)
	at com.kms.katalon.core.webui.keyword.builtin.ClickKeyword.click(ClickKeyword.groovy:75)
	at com.kms.katalon.core.webui.keyword.builtin.ClickKeyword.execute(ClickKeyword.groovy:42)
	at com.kms.katalon.core.keyword.internal.KeywordExecutor.executeKeywordForPlatform(KeywordExecutor.groovy:73)
	at com.kms.katalon.core.webui.keyword.WebUiBuiltInKeywords.click(WebUiBuiltInKeywords.groovy:607)
	at com.kms.katalon.core.webui.keyword.WebUiBuiltInKeywords$click$6.call(Unknown Source)
	at Script1611922635367.run(Script1611922635367.groovy:35)
	... 13 more
)
[[ATTACHMENT|C:\\Users\\Staz Intersiec\\Documents\\Aptekarska.pl_UI_Tests\\Reports\\20210129_173257\\Oferta\\20210129_173340\\1611938810429.png]]

2021-01-29 17:46:50 - [TEST_STEP][FAILED] - click(findTestObject("Object Repository/SPY-OFERTA/Page_Aptekarska Szkoa Zarzdzania/div_Jak zmieni swj adres w profilu"), CONTINUE_ON_FAILURE): Unable to click on object 'Object Repository/SPY-OFERTA/Page_Aptekarska Szkoa Zarzdzania/div_Jak zmieni swj adres w profilu' (Root cause: com.kms.katalon.core.exception.StepFailedException: Unable to click on object 'Object Repository/SPY-OFERTA/Page_Aptekarska Szkoa Zarzdzania/div_Jak zmieni swj adres w profilu'
	at com.kms.katalon.core.webui.keyword.internal.WebUIKeywordMain.stepFailed(WebUIKeywordMain.groovy:64)
	at com.kms.katalon.core.webui.keyword.internal.WebUIKeywordMain.runKeyword(WebUIKeywordMain.groovy:26)
	at com.kms.katalon.core.webui.keyword.builtin.ClickKeyword.click(ClickKeyword.groovy:75)
	at com.kms.katalon.core.webui.keyword.builtin.ClickKeyword.execute(ClickKeyword.groovy:42)
	at com.kms.katalon.core.keyword.internal.KeywordExecutor.executeKeywordForPlatform(KeywordExecutor.groovy:73)
	at com.kms.katalon.core.webui.keyword.WebUiBuiltInKeywords.click(WebUiBuiltInKeywords.groovy:607)
	at com.kms.katalon.core.webui.keyword.WebUiBuiltInKeywords$click$6.call(Unknown Source)
	at Test Przyciski - Podstron Oferta.run(Test Przyciski - Podstron Oferta:38)
	at com.kms.katalon.core.main.ScriptEngine.run(ScriptEngine.java:194)
	at com.kms.katalon.core.main.ScriptEngine.runScriptAsRawText(ScriptEngine.java:119)
	at com.kms.katalon.core.main.TestCaseExecutor.runScript(TestCaseExecutor.java:398)
	at com.kms.katalon.core.main.TestCaseExecutor.doExecute(TestCaseExecutor.java:389)
	at com.kms.katalon.core.main.TestCaseExecutor.processExecutionPhase(TestCaseExecutor.java:368)
	at com.kms.katalon.core.main.TestCaseExecutor.accessMainPhase(TestCaseExecutor.java:360)
	at com.kms.katalon.core.main.TestCaseExecutor.execute(TestCaseExecutor.java:255)
	at com.kms.katalon.core.main.TestSuiteExecutor.accessTestCaseMainPhase(TestSuiteExecutor.java:203)
	at com.kms.katalon.core.main.TestSuiteExecutor.accessTestSuiteMainPhase(TestSuiteExecutor.java:152)
	at com.kms.katalon.core.main.TestSuiteExecutor.execute(TestSuiteExecutor.java:95)
	at com.kms.katalon.core.main.TestCaseMain.startTestSuite(TestCaseMain.java:157)
	at com.kms.katalon.core.main.TestCaseMain$startTestSuite$0.call(Unknown Source)
	at TempTestSuite1611938020794.run(TempTestSuite1611938020794.groovy:39)
Caused by: com.kms.katalon.core.webui.exception.WebElementNotFoundException: Web element with id: 'Object Repository/SPY-OFERTA/Page_Aptekarska Szkoa Zarzdzania/div_Jak zmieni swj adres w profilu' located by '//div[@id='yui_3_17_2_1_1611925941179_32']/div[2]/div/div/h4/a/div' not found
	at com.kms.katalon.core.webui.common.WebUiCommonHelper.findWebElement(WebUiCommonHelper.java:1368)
	at com.kms.katalon.core.webui.keyword.internal.WebUIAbstractKeyword.findWebElement(WebUIAbstractKeyword.groovy:27)
	at com.kms.katalon.core.webui.keyword.internal.WebUIAbstractKeyword.findWebElement(WebUIAbstractKeyword.groovy:26)
	at com.kms.katalon.core.webui.keyword.builtin.ClickKeyword$_click_closure1.doCall(ClickKeyword.groovy:66)
	at com.kms.katalon.core.webui.keyword.builtin.ClickKeyword$_click_closure1.call(ClickKeyword.groovy)
	at com.kms.katalon.core.webui.keyword.internal.WebUIKeywordMain.runKeyword(WebUIKeywordMain.groovy:20)
	at com.kms.katalon.core.webui.keyword.builtin.ClickKeyword.click(ClickKeyword.groovy:75)
	at com.kms.katalon.core.webui.keyword.builtin.ClickKeyword.execute(ClickKeyword.groovy:42)
	at com.kms.katalon.core.keyword.internal.KeywordExecutor.executeKeywordForPlatform(KeywordExecutor.groovy:73)
	at com.kms.katalon.core.webui.keyword.WebUiBuiltInKeywords.click(WebUiBuiltInKeywords.groovy:607)
	at com.kms.katalon.core.webui.keyword.WebUiBuiltInKeywords$click$6.call(Unknown Source)
	at Script1611922635367.run(Script1611922635367.groovy:38)
	... 13 more
)

2021-01-29 17:47:21 - [MESSAGE][INFO] - Unable to find the element located by 'By.xpath: //div[@id='yui_3_17_2_1_1611925941179_32']/div[2]/div/div/h4/a/div'. Please recheck the objects properties to make sure the desired element is located. 

2021-01-29 17:47:21 - [MESSAGE][FAILED] - Unable to click on object 'Object Repository/SPY-OFERTA/Page_Aptekarska Szkoa Zarzdzania/div_Jak zmieni swj adres w profilu' (Root cause: com.kms.katalon.core.exception.StepFailedException: Unable to click on object 'Object Repository/SPY-OFERTA/Page_Aptekarska Szkoa Zarzdzania/div_Jak zmieni swj adres w profilu'
	at com.kms.katalon.core.webui.keyword.internal.WebUIKeywordMain.stepFailed(WebUIKeywordMain.groovy:64)
	at com.kms.katalon.core.webui.keyword.internal.WebUIKeywordMain.runKeyword(WebUIKeywordMain.groovy:26)
	at com.kms.katalon.core.webui.keyword.builtin.ClickKeyword.click(ClickKeyword.groovy:75)
	at com.kms.katalon.core.webui.keyword.builtin.ClickKeyword.execute(ClickKeyword.groovy:42)
	at com.kms.katalon.core.keyword.internal.KeywordExecutor.executeKeywordForPlatform(KeywordExecutor.groovy:73)
	at com.kms.katalon.core.webui.keyword.WebUiBuiltInKeywords.click(WebUiBuiltInKeywords.groovy:607)
	at com.kms.katalon.core.webui.keyword.WebUiBuiltInKeywords$click$6.call(Unknown Source)
	at Test Przyciski - Podstron Oferta.run(Test Przyciski - Podstron Oferta:38)
	at com.kms.katalon.core.main.ScriptEngine.run(ScriptEngine.java:194)
	at com.kms.katalon.core.main.ScriptEngine.runScriptAsRawText(ScriptEngine.java:119)
	at com.kms.katalon.core.main.TestCaseExecutor.runScript(TestCaseExecutor.java:398)
	at com.kms.katalon.core.main.TestCaseExecutor.doExecute(TestCaseExecutor.java:389)
	at com.kms.katalon.core.main.TestCaseExecutor.processExecutionPhase(TestCaseExecutor.java:368)
	at com.kms.katalon.core.main.TestCaseExecutor.accessMainPhase(TestCaseExecutor.java:360)
	at com.kms.katalon.core.main.TestCaseExecutor.execute(TestCaseExecutor.java:255)
	at com.kms.katalon.core.main.TestSuiteExecutor.accessTestCaseMainPhase(TestSuiteExecutor.java:203)
	at com.kms.katalon.core.main.TestSuiteExecutor.accessTestSuiteMainPhase(TestSuiteExecutor.java:152)
	at com.kms.katalon.core.main.TestSuiteExecutor.execute(TestSuiteExecutor.java:95)
	at com.kms.katalon.core.main.TestCaseMain.startTestSuite(TestCaseMain.java:157)
	at com.kms.katalon.core.main.TestCaseMain$startTestSuite$0.call(Unknown Source)
	at TempTestSuite1611938020794.run(TempTestSuite1611938020794.groovy:39)
Caused by: com.kms.katalon.core.webui.exception.WebElementNotFoundException: Web element with id: 'Object Repository/SPY-OFERTA/Page_Aptekarska Szkoa Zarzdzania/div_Jak zmieni swj adres w profilu' located by '//div[@id='yui_3_17_2_1_1611925941179_32']/div[2]/div/div/h4/a/div' not found
	at com.kms.katalon.core.webui.common.WebUiCommonHelper.findWebElement(WebUiCommonHelper.java:1368)
	at com.kms.katalon.core.webui.keyword.internal.WebUIAbstractKeyword.findWebElement(WebUIAbstractKeyword.groovy:27)
	at com.kms.katalon.core.webui.keyword.internal.WebUIAbstractKeyword.findWebElement(WebUIAbstractKeyword.groovy:26)
	at com.kms.katalon.core.webui.keyword.builtin.ClickKeyword$_click_closure1.doCall(ClickKeyword.groovy:66)
	at com.kms.katalon.core.webui.keyword.builtin.ClickKeyword$_click_closure1.call(ClickKeyword.groovy)
	at com.kms.katalon.core.webui.keyword.internal.WebUIKeywordMain.runKeyword(WebUIKeywordMain.groovy:20)
	at com.kms.katalon.core.webui.keyword.builtin.ClickKeyword.click(ClickKeyword.groovy:75)
	at com.kms.katalon.core.webui.keyword.builtin.ClickKeyword.execute(ClickKeyword.groovy:42)
	at com.kms.katalon.core.keyword.internal.KeywordExecutor.executeKeywordForPlatform(KeywordExecutor.groovy:73)
	at com.kms.katalon.core.webui.keyword.WebUiBuiltInKeywords.click(WebUiBuiltInKeywords.groovy:607)
	at com.kms.katalon.core.webui.keyword.WebUiBuiltInKeywords$click$6.call(Unknown Source)
	at Script1611922635367.run(Script1611922635367.groovy:38)
	... 13 more
)
[[ATTACHMENT|C:\\Users\\Staz Intersiec\\Documents\\Aptekarska.pl_UI_Tests\\Reports\\20210129_173257\\Oferta\\20210129_173340\\1611938841797.png]]

2021-01-29 17:47:21 - [TEST_STEP][FAILED] - click(findTestObject("Object Repository/SPY-OFERTA/Page_Aptekarska Szkoa Zarzdzania/div_Jak sprawdzi na jakie kursy jestem zapisany(a)"), CONTINUE_ON_FAILURE): Unable to click on object 'Object Repository/SPY-OFERTA/Page_Aptekarska Szkoa Zarzdzania/div_Jak sprawdzi na jakie kursy jestem zapisany(a)' (Root cause: com.kms.katalon.core.exception.StepFailedException: Unable to click on object 'Object Repository/SPY-OFERTA/Page_Aptekarska Szkoa Zarzdzania/div_Jak sprawdzi na jakie kursy jestem zapisany(a)'
	at com.kms.katalon.core.webui.keyword.internal.WebUIKeywordMain.stepFailed(WebUIKeywordMain.groovy:64)
	at com.kms.katalon.core.webui.keyword.internal.WebUIKeywordMain.runKeyword(WebUIKeywordMain.groovy:26)
	at com.kms.katalon.core.webui.keyword.builtin.ClickKeyword.click(ClickKeyword.groovy:75)
	at com.kms.katalon.core.webui.keyword.builtin.ClickKeyword.execute(ClickKeyword.groovy:42)
	at com.kms.katalon.core.keyword.internal.KeywordExecutor.executeKeywordForPlatform(KeywordExecutor.groovy:73)
	at com.kms.katalon.core.webui.keyword.WebUiBuiltInKeywords.click(WebUiBuiltInKeywords.groovy:607)
	at com.kms.katalon.core.webui.keyword.WebUiBuiltInKeywords$click$6.call(Unknown Source)
	at Test Przyciski - Podstron Oferta.run(Test Przyciski - Podstron Oferta:41)
	at com.kms.katalon.core.main.ScriptEngine.run(ScriptEngine.java:194)
	at com.kms.katalon.core.main.ScriptEngine.runScriptAsRawText(ScriptEngine.java:119)
	at com.kms.katalon.core.main.TestCaseExecutor.runScript(TestCaseExecutor.java:398)
	at com.kms.katalon.core.main.TestCaseExecutor.doExecute(TestCaseExecutor.java:389)
	at com.kms.katalon.core.main.TestCaseExecutor.processExecutionPhase(TestCaseExecutor.java:368)
	at com.kms.katalon.core.main.TestCaseExecutor.accessMainPhase(TestCaseExecutor.java:360)
	at com.kms.katalon.core.main.TestCaseExecutor.execute(TestCaseExecutor.java:255)
	at com.kms.katalon.core.main.TestSuiteExecutor.accessTestCaseMainPhase(TestSuiteExecutor.java:203)
	at com.kms.katalon.core.main.TestSuiteExecutor.accessTestSuiteMainPhase(TestSuiteExecutor.java:152)
	at com.kms.katalon.core.main.TestSuiteExecutor.execute(TestSuiteExecutor.java:95)
	at com.kms.katalon.core.main.TestCaseMain.startTestSuite(TestCaseMain.java:157)
	at com.kms.katalon.core.main.TestCaseMain$startTestSuite$0.call(Unknown Source)
	at TempTestSuite1611938020794.run(TempTestSuite1611938020794.groovy:39)
Caused by: com.kms.katalon.core.webui.exception.WebElementNotFoundException: Web element with id: 'Object Repository/SPY-OFERTA/Page_Aptekarska Szkoa Zarzdzania/div_Jak sprawdzi na jakie kursy jestem zapisany(a)' located by '//div[@id='yui_3_17_2_1_1611925941179_50']/div[2]/div/h4/a/div' not found
	at com.kms.katalon.core.webui.common.WebUiCommonHelper.findWebElement(WebUiCommonHelper.java:1368)
	at com.kms.katalon.core.webui.keyword.internal.WebUIAbstractKeyword.findWebElement(WebUIAbstractKeyword.groovy:27)
	at com.kms.katalon.core.webui.keyword.internal.WebUIAbstractKeyword.findWebElement(WebUIAbstractKeyword.groovy:26)
	at com.kms.katalon.core.webui.keyword.builtin.ClickKeyword$_click_closure1.doCall(ClickKeyword.groovy:66)
	at com.kms.katalon.core.webui.keyword.builtin.ClickKeyword$_click_closure1.call(ClickKeyword.groovy)
	at com.kms.katalon.core.webui.keyword.internal.WebUIKeywordMain.runKeyword(WebUIKeywordMain.groovy:20)
	at com.kms.katalon.core.webui.keyword.builtin.ClickKeyword.click(ClickKeyword.groovy:75)
	at com.kms.katalon.core.webui.keyword.builtin.ClickKeyword.execute(ClickKeyword.groovy:42)
	at com.kms.katalon.core.keyword.internal.KeywordExecutor.executeKeywordForPlatform(KeywordExecutor.groovy:73)
	at com.kms.katalon.core.webui.keyword.WebUiBuiltInKeywords.click(WebUiBuiltInKeywords.groovy:607)
	at com.kms.katalon.core.webui.keyword.WebUiBuiltInKeywords$click$6.call(Unknown Source)
	at Script1611922635367.run(Script1611922635367.groovy:41)
	... 13 more
)

2021-01-29 17:47:53 - [MESSAGE][INFO] - Unable to find the element located by 'By.xpath: //div[@id='yui_3_17_2_1_1611925941179_50']/div[2]/div/h4/a/div'. Please recheck the objects properties to make sure the desired element is located. 

2021-01-29 17:47:53 - [MESSAGE][FAILED] - Unable to click on object 'Object Repository/SPY-OFERTA/Page_Aptekarska Szkoa Zarzdzania/div_Jak sprawdzi na jakie kursy jestem zapisany(a)' (Root cause: com.kms.katalon.core.exception.StepFailedException: Unable to click on object 'Object Repository/SPY-OFERTA/Page_Aptekarska Szkoa Zarzdzania/div_Jak sprawdzi na jakie kursy jestem zapisany(a)'
	at com.kms.katalon.core.webui.keyword.internal.WebUIKeywordMain.stepFailed(WebUIKeywordMain.groovy:64)
	at com.kms.katalon.core.webui.keyword.internal.WebUIKeywordMain.runKeyword(WebUIKeywordMain.groovy:26)
	at com.kms.katalon.core.webui.keyword.builtin.ClickKeyword.click(ClickKeyword.groovy:75)
	at com.kms.katalon.core.webui.keyword.builtin.ClickKeyword.execute(ClickKeyword.groovy:42)
	at com.kms.katalon.core.keyword.internal.KeywordExecutor.executeKeywordForPlatform(KeywordExecutor.groovy:73)
	at com.kms.katalon.core.webui.keyword.WebUiBuiltInKeywords.click(WebUiBuiltInKeywords.groovy:607)
	at com.kms.katalon.core.webui.keyword.WebUiBuiltInKeywords$click$6.call(Unknown Source)
	at Test Przyciski - Podstron Oferta.run(Test Przyciski - Podstron Oferta:41)
	at com.kms.katalon.core.main.ScriptEngine.run(ScriptEngine.java:194)
	at com.kms.katalon.core.main.ScriptEngine.runScriptAsRawText(ScriptEngine.java:119)
	at com.kms.katalon.core.main.TestCaseExecutor.runScript(TestCaseExecutor.java:398)
	at com.kms.katalon.core.main.TestCaseExecutor.doExecute(TestCaseExecutor.java:389)
	at com.kms.katalon.core.main.TestCaseExecutor.processExecutionPhase(TestCaseExecutor.java:368)
	at com.kms.katalon.core.main.TestCaseExecutor.accessMainPhase(TestCaseExecutor.java:360)
	at com.kms.katalon.core.main.TestCaseExecutor.execute(TestCaseExecutor.java:255)
	at com.kms.katalon.core.main.TestSuiteExecutor.accessTestCaseMainPhase(TestSuiteExecutor.java:203)
	at com.kms.katalon.core.main.TestSuiteExecutor.accessTestSuiteMainPhase(TestSuiteExecutor.java:152)
	at com.kms.katalon.core.main.TestSuiteExecutor.execute(TestSuiteExecutor.java:95)
	at com.kms.katalon.core.main.TestCaseMain.startTestSuite(TestCaseMain.java:157)
	at com.kms.katalon.core.main.TestCaseMain$startTestSuite$0.call(Unknown Source)
	at TempTestSuite1611938020794.run(TempTestSuite1611938020794.groovy:39)
Caused by: com.kms.katalon.core.webui.exception.WebElementNotFoundException: Web element with id: 'Object Repository/SPY-OFERTA/Page_Aptekarska Szkoa Zarzdzania/div_Jak sprawdzi na jakie kursy jestem zapisany(a)' located by '//div[@id='yui_3_17_2_1_1611925941179_50']/div[2]/div/h4/a/div' not found
	at com.kms.katalon.core.webui.common.WebUiCommonHelper.findWebElement(WebUiCommonHelper.java:1368)
	at com.kms.katalon.core.webui.keyword.internal.WebUIAbstractKeyword.findWebElement(WebUIAbstractKeyword.groovy:27)
	at com.kms.katalon.core.webui.keyword.internal.WebUIAbstractKeyword.findWebElement(WebUIAbstractKeyword.groovy:26)
	at com.kms.katalon.core.webui.keyword.builtin.ClickKeyword$_click_closure1.doCall(ClickKeyword.groovy:66)
	at com.kms.katalon.core.webui.keyword.builtin.ClickKeyword$_click_closure1.call(ClickKeyword.groovy)
	at com.kms.katalon.core.webui.keyword.internal.WebUIKeywordMain.runKeyword(WebUIKeywordMain.groovy:20)
	at com.kms.katalon.core.webui.keyword.builtin.ClickKeyword.click(ClickKeyword.groovy:75)
	at com.kms.katalon.core.webui.keyword.builtin.ClickKeyword.execute(ClickKeyword.groovy:42)
	at com.kms.katalon.core.keyword.internal.KeywordExecutor.executeKeywordForPlatform(KeywordExecutor.groovy:73)
	at com.kms.katalon.core.webui.keyword.WebUiBuiltInKeywords.click(WebUiBuiltInKeywords.groovy:607)
	at com.kms.katalon.core.webui.keyword.WebUiBuiltInKeywords$click$6.call(Unknown Source)
	at Script1611922635367.run(Script1611922635367.groovy:41)
	... 13 more
)
[[ATTACHMENT|C:\\Users\\Staz Intersiec\\Documents\\Aptekarska.pl_UI_Tests\\Reports\\20210129_173257\\Oferta\\20210129_173340\\1611938873051.png]]

2021-01-29 17:47:53 - [TEST_STEP][PASSED] - click(findTestObject("Object Repository/SPY-OFERTA/Page_Aptekarska Szkoa Zarzdzania/a_Weryfikacja certyfikatu")): Object: 'Object Repository/SPY-OFERTA/Page_Aptekarska Szkoa Zarzdzania/a_Weryfikacja certyfikatu' is clicked on

2021-01-29 17:47:53 - [MESSAGE][PASSED] - Object: 'Object Repository/SPY-OFERTA/Page_Aptekarska Szkoa Zarzdzania/a_Weryfikacja certyfikatu' is clicked on

2021-01-29 17:47:53 - [TEST_STEP][PASSED] - closeBrowser(): Browser is closed

2021-01-29 17:47:54 - [MESSAGE][PASSED] - Browser is closed]]></system-out>
         <system-err><![CDATA[2021-01-29 17:45:37 - [TEST_CASE][FAILED] - Test Cases/Oferta/Test Przyciski - Podstron Oferta: Test Cases/Oferta/Test Przyciski - Podstron Oferta FAILED.
Reason:
com.kms.katalon.core.exception.StepFailedException: Unable to click on object 'Object Repository/SPY-OFERTA/Page_Aptekarska Szkoa Zarzdzania/div_Jak uzyska dostp do kursu' (Root cause: com.kms.katalon.core.exception.StepFailedException: Unable to click on object 'Object Repository/SPY-OFERTA/Page_Aptekarska Szkoa Zarzdzania/div_Jak uzyska dostp do kursu'
	at com.kms.katalon.core.webui.keyword.internal.WebUIKeywordMain.stepFailed(WebUIKeywordMain.groovy:64)
	at com.kms.katalon.core.webui.keyword.internal.WebUIKeywordMain.runKeyword(WebUIKeywordMain.groovy:26)
	at com.kms.katalon.core.webui.keyword.builtin.ClickKeyword.click(ClickKeyword.groovy:75)
	at com.kms.katalon.core.webui.keyword.builtin.ClickKeyword.execute(ClickKeyword.groovy:42)
	at com.kms.katalon.core.keyword.internal.KeywordExecutor.executeKeywordForPlatform(KeywordExecutor.groovy:73)
	at com.kms.katalon.core.webui.keyword.WebUiBuiltInKeywords.click(WebUiBuiltInKeywords.groovy:607)
	at com.kms.katalon.core.webui.keyword.WebUiBuiltInKeywords$click$6.call(Unknown Source)
	at Test Przyciski - Podstron Oferta.run(Test Przyciski - Podstron Oferta:32)
	at com.kms.katalon.core.main.ScriptEngine.run(ScriptEngine.java:194)
	at com.kms.katalon.core.main.ScriptEngine.runScriptAsRawText(ScriptEngine.java:119)
	at com.kms.katalon.core.main.TestCaseExecutor.runScript(TestCaseExecutor.java:398)
	at com.kms.katalon.core.main.TestCaseExecutor.doExecute(TestCaseExecutor.java:389)
	at com.kms.katalon.core.main.TestCaseExecutor.processExecutionPhase(TestCaseExecutor.java:368)
	at com.kms.katalon.core.main.TestCaseExecutor.accessMainPhase(TestCaseExecutor.java:360)
	at com.kms.katalon.core.main.TestCaseExecutor.execute(TestCaseExecutor.java:255)
	at com.kms.katalon.core.main.TestSuiteExecutor.accessTestCaseMainPhase(TestSuiteExecutor.java:203)
	at com.kms.katalon.core.main.TestSuiteExecutor.accessTestSuiteMainPhase(TestSuiteExecutor.java:152)
	at com.kms.katalon.core.main.TestSuiteExecutor.execute(TestSuiteExecutor.java:95)
	at com.kms.katalon.core.main.TestCaseMain.startTestSuite(TestCaseMain.java:157)
	at com.kms.katalon.core.main.TestCaseMain$startTestSuite$0.call(Unknown Source)
	at TempTestSuite1611938020794.run(TempTestSuite1611938020794.groovy:39)
Caused by: com.kms.katalon.core.webui.exception.WebElementNotFoundException: Web element with id: 'Object Repository/SPY-OFERTA/Page_Aptekarska Szkoa Zarzdzania/div_Jak uzyska dostp do kursu' located by '//div[@id='yui_3_17_2_1_1611925941179_31']/div[2]/div/h4/a/div' not found
	at com.kms.katalon.core.webui.common.WebUiCommonHelper.findWebElement(WebUiCommonHelper.java:1368)
	at com.kms.katalon.core.webui.keyword.internal.WebUIAbstractKeyword.findWebElement(WebUIAbstractKeyword.groovy:27)
	at com.kms.katalon.core.webui.keyword.internal.WebUIAbstractKeyword.findWebElement(WebUIAbstractKeyword.groovy:26)
	at com.kms.katalon.core.webui.keyword.builtin.ClickKeyword$_click_closure1.doCall(ClickKeyword.groovy:66)
	at com.kms.katalon.core.webui.keyword.builtin.ClickKeyword$_click_closure1.call(ClickKeyword.groovy)
	at com.kms.katalon.core.webui.keyword.internal.WebUIKeywordMain.runKeyword(WebUIKeywordMain.groovy:20)
	at com.kms.katalon.core.webui.keyword.builtin.ClickKeyword.click(ClickKeyword.groovy:75)
	at com.kms.katalon.core.webui.keyword.builtin.ClickKeyword.execute(ClickKeyword.groovy:42)
	at com.kms.katalon.core.keyword.internal.KeywordExecutor.executeKeywordForPlatform(KeywordExecutor.groovy:73)
	at com.kms.katalon.core.webui.keyword.WebUiBuiltInKeywords.click(WebUiBuiltInKeywords.groovy:607)
	at com.kms.katalon.core.webui.keyword.WebUiBuiltInKeywords$click$6.call(Unknown Source)
	at Script1611922635367.run(Script1611922635367.groovy:32)
	... 13 more
)
	at com.kms.katalon.core.keyword.internal.KeywordMain.stepFailed(KeywordMain.groovy:39)
	at com.kms.katalon.core.webui.keyword.internal.WebUIKeywordMain.stepFailed(WebUIKeywordMain.groovy:64)
	at com.kms.katalon.core.webui.keyword.internal.WebUIKeywordMain.runKeyword(WebUIKeywordMain.groovy:26)
	at com.kms.katalon.core.webui.keyword.builtin.ClickKeyword.click(ClickKeyword.groovy:75)
	at com.kms.katalon.core.webui.keyword.builtin.ClickKeyword.execute(ClickKeyword.groovy:42)
	at com.kms.katalon.core.keyword.internal.KeywordExecutor.executeKeywordForPlatform(KeywordExecutor.groovy:73)
	at com.kms.katalon.core.webui.keyword.WebUiBuiltInKeywords.click(WebUiBuiltInKeywords.groovy:607)
	at com.kms.katalon.core.webui.keyword.WebUiBuiltInKeywords$click$6.call(Unknown Source)
	at Test Przyciski - Podstron Oferta.run(Test Przyciski - Podstron Oferta:32)
	at com.kms.katalon.core.main.ScriptEngine.run(ScriptEngine.java:194)
	at com.kms.katalon.core.main.ScriptEngine.runScriptAsRawText(ScriptEngine.java:119)
	at com.kms.katalon.core.main.TestCaseExecutor.runScript(TestCaseExecutor.java:398)
	at com.kms.katalon.core.main.TestCaseExecutor.doExecute(TestCaseExecutor.java:389)
	at com.kms.katalon.core.main.TestCaseExecutor.processExecutionPhase(TestCaseExecutor.java:368)
	at com.kms.katalon.core.main.TestCaseExecutor.accessMainPhase(TestCaseExecutor.java:360)
	at com.kms.katalon.core.main.TestCaseExecutor.execute(TestCaseExecutor.java:255)
	at com.kms.katalon.core.main.TestSuiteExecutor.accessTestCaseMainPhase(TestSuiteExecutor.java:203)
	at com.kms.katalon.core.main.TestSuiteExecutor.accessTestSuiteMainPhase(TestSuiteExecutor.java:152)
	at com.kms.katalon.core.main.TestSuiteExecutor.execute(TestSuiteExecutor.java:95)
	at com.kms.katalon.core.main.TestCaseMain.startTestSuite(TestCaseMain.java:157)
	at com.kms.katalon.core.main.TestCaseMain$startTestSuite$0.call(Unknown Source)
	at TempTestSuite1611938020794.run(TempTestSuite1611938020794.groovy:39)
Caused by: com.kms.katalon.core.exception.StepFailedException: Unable to click on object 'Object Repository/SPY-OFERTA/Page_Aptekarska Szkoa Zarzdzania/div_Jak uzyska dostp do kursu'
	... 21 more
Caused by: com.kms.katalon.core.webui.exception.WebElementNotFoundException: Web element with id: 'Object Repository/SPY-OFERTA/Page_Aptekarska Szkoa Zarzdzania/div_Jak uzyska dostp do kursu' located by '//div[@id='yui_3_17_2_1_1611925941179_31']/div[2]/div/h4/a/div' not found
	at com.kms.katalon.core.webui.common.WebUiCommonHelper.findWebElement(WebUiCommonHelper.java:1368)
	at com.kms.katalon.core.webui.keyword.internal.WebUIAbstractKeyword.findWebElement(WebUIAbstractKeyword.groovy:27)
	at com.kms.katalon.core.webui.keyword.internal.WebUIAbstractKeyword.findWebElement(WebUIAbstractKeyword.groovy:26)
	at com.kms.katalon.core.webui.keyword.builtin.ClickKeyword$_click_closure1.doCall(ClickKeyword.groovy:66)
	at com.kms.katalon.core.webui.keyword.builtin.ClickKeyword$_click_closure1.call(ClickKeyword.groovy)
	at com.kms.katalon.core.webui.keyword.internal.WebUIKeywordMain.runKeyword(WebUIKeywordMain.groovy:20)
	... 19 more]]></system-err>
      </testcase>
      <system-out><![CDATA[2021-01-29 17:44:57 - [TEST_SUITE][FAILED] - Oferta: Test Cases/Oferta/Test Przyciski - Podstron Oferta FAILED.
Reason:
com.kms.katalon.core.exception.StepFailedException: Unable to click on object 'Object Repository/SPY-OFERTA/Page_Aptekarska Szkoa Zarzdzania/div_Jak uzyska dostp do kursu' (Root cause: com.kms.katalon.core.exception.StepFailedException: Unable to click on object 'Object Repository/SPY-OFERTA/Page_Aptekarska Szkoa Zarzdzania/div_Jak uzyska dostp do kursu'
	at com.kms.katalon.core.webui.keyword.internal.WebUIKeywordMain.stepFailed(WebUIKeywordMain.groovy:64)
	at com.kms.katalon.core.webui.keyword.internal.WebUIKeywordMain.runKeyword(WebUIKeywordMain.groovy:26)
	at com.kms.katalon.core.webui.keyword.builtin.ClickKeyword.click(ClickKeyword.groovy:75)
	at com.kms.katalon.core.webui.keyword.builtin.ClickKeyword.execute(ClickKeyword.groovy:42)
	at com.kms.katalon.core.keyword.internal.KeywordExecutor.executeKeywordForPlatform(KeywordExecutor.groovy:73)
	at com.kms.katalon.core.webui.keyword.WebUiBuiltInKeywords.click(WebUiBuiltInKeywords.groovy:607)
	at com.kms.katalon.core.webui.keyword.WebUiBuiltInKeywords$click$6.call(Unknown Source)
	at Test Przyciski - Podstron Oferta.run(Test Przyciski - Podstron Oferta:32)
	at com.kms.katalon.core.main.ScriptEngine.run(ScriptEngine.java:194)
	at com.kms.katalon.core.main.ScriptEngine.runScriptAsRawText(ScriptEngine.java:119)
	at com.kms.katalon.core.main.TestCaseExecutor.runScript(TestCaseExecutor.java:398)
	at com.kms.katalon.core.main.TestCaseExecutor.doExecute(TestCaseExecutor.java:389)
	at com.kms.katalon.core.main.TestCaseExecutor.processExecutionPhase(TestCaseExecutor.java:368)
	at com.kms.katalon.core.main.TestCaseExecutor.accessMainPhase(TestCaseExecutor.java:360)
	at com.kms.katalon.core.main.TestCaseExecutor.execute(TestCaseExecutor.java:255)
	at com.kms.katalon.core.main.TestSuiteExecutor.accessTestCaseMainPhase(TestSuiteExecutor.java:203)
	at com.kms.katalon.core.main.TestSuiteExecutor.accessTestSuiteMainPhase(TestSuiteExecutor.java:152)
	at com.kms.katalon.core.main.TestSuiteExecutor.execute(TestSuiteExecutor.java:95)
	at com.kms.katalon.core.main.TestCaseMain.startTestSuite(TestCaseMain.java:157)
	at com.kms.katalon.core.main.TestCaseMain$startTestSuite$0.call(Unknown Source)
	at TempTestSuite1611938020794.run(TempTestSuite1611938020794.groovy:39)
Caused by: com.kms.katalon.core.webui.exception.WebElementNotFoundException: Web element with id: 'Object Repository/SPY-OFERTA/Page_Aptekarska Szkoa Zarzdzania/div_Jak uzyska dostp do kursu' located by '//div[@id='yui_3_17_2_1_1611925941179_31']/div[2]/div/h4/a/div' not found
	at com.kms.katalon.core.webui.common.WebUiCommonHelper.findWebElement(WebUiCommonHelper.java:1368)
	at com.kms.katalon.core.webui.keyword.internal.WebUIAbstractKeyword.findWebElement(WebUIAbstractKeyword.groovy:27)
	at com.kms.katalon.core.webui.keyword.internal.WebUIAbstractKeyword.findWebElement(WebUIAbstractKeyword.groovy:26)
	at com.kms.katalon.core.webui.keyword.builtin.ClickKeyword$_click_closure1.doCall(ClickKeyword.groovy:66)
	at com.kms.katalon.core.webui.keyword.builtin.ClickKeyword$_click_closure1.call(ClickKeyword.groovy)
	at com.kms.katalon.core.webui.keyword.internal.WebUIKeywordMain.runKeyword(WebUIKeywordMain.groovy:20)
	at com.kms.katalon.core.webui.keyword.builtin.ClickKeyword.click(ClickKeyword.groovy:75)
	at com.kms.katalon.core.webui.keyword.builtin.ClickKeyword.execute(ClickKeyword.groovy:42)
	at com.kms.katalon.core.keyword.internal.KeywordExecutor.executeKeywordForPlatform(KeywordExecutor.groovy:73)
	at com.kms.katalon.core.webui.keyword.WebUiBuiltInKeywords.click(WebUiBuiltInKeywords.groovy:607)
	at com.kms.katalon.core.webui.keyword.WebUiBuiltInKeywords$click$6.call(Unknown Source)
	at Script1611922635367.run(Script1611922635367.groovy:32)
	... 13 more
)
	at com.kms.katalon.core.keyword.internal.KeywordMain.stepFailed(KeywordMain.groovy:39)
	at com.kms.katalon.core.webui.keyword.internal.WebUIKeywordMain.stepFailed(WebUIKeywordMain.groovy:64)
	at com.kms.katalon.core.webui.keyword.internal.WebUIKeywordMain.runKeyword(WebUIKeywordMain.groovy:26)
	at com.kms.katalon.core.webui.keyword.builtin.ClickKeyword.click(ClickKeyword.groovy:75)
	at com.kms.katalon.core.webui.keyword.builtin.ClickKeyword.execute(ClickKeyword.groovy:42)
	at com.kms.katalon.core.keyword.internal.KeywordExecutor.executeKeywordForPlatform(KeywordExecutor.groovy:73)
	at com.kms.katalon.core.webui.keyword.WebUiBuiltInKeywords.click(WebUiBuiltInKeywords.groovy:607)
	at com.kms.katalon.core.webui.keyword.WebUiBuiltInKeywords$click$6.call(Unknown Source)
	at Test Przyciski - Podstron Oferta.run(Test Przyciski - Podstron Oferta:32)
	at com.kms.katalon.core.main.ScriptEngine.run(ScriptEngine.java:194)
	at com.kms.katalon.core.main.ScriptEngine.runScriptAsRawText(ScriptEngine.java:119)
	at com.kms.katalon.core.main.TestCaseExecutor.runScript(TestCaseExecutor.java:398)
	at com.kms.katalon.core.main.TestCaseExecutor.doExecute(TestCaseExecutor.java:389)
	at com.kms.katalon.core.main.TestCaseExecutor.processExecutionPhase(TestCaseExecutor.java:368)
	at com.kms.katalon.core.main.TestCaseExecutor.accessMainPhase(TestCaseExecutor.java:360)
	at com.kms.katalon.core.main.TestCaseExecutor.execute(TestCaseExecutor.java:255)
	at com.kms.katalon.core.main.TestSuiteExecutor.accessTestCaseMainPhase(TestSuiteExecutor.java:203)
	at com.kms.katalon.core.main.TestSuiteExecutor.accessTestSuiteMainPhase(TestSuiteExecutor.java:152)
	at com.kms.katalon.core.main.TestSuiteExecutor.execute(TestSuiteExecutor.java:95)
	at com.kms.katalon.core.main.TestCaseMain.startTestSuite(TestCaseMain.java:157)
	at com.kms.katalon.core.main.TestCaseMain$startTestSuite$0.call(Unknown Source)
	at TempTestSuite1611938020794.run(TempTestSuite1611938020794.groovy:39)
Caused by: com.kms.katalon.core.exception.StepFailedException: Unable to click on object 'Object Repository/SPY-OFERTA/Page_Aptekarska Szkoa Zarzdzania/div_Jak uzyska dostp do kursu'
	... 21 more
Caused by: com.kms.katalon.core.webui.exception.WebElementNotFoundException: Web element with id: 'Object Repository/SPY-OFERTA/Page_Aptekarska Szkoa Zarzdzania/div_Jak uzyska dostp do kursu' located by '//div[@id='yui_3_17_2_1_1611925941179_31']/div[2]/div/h4/a/div' not found
	at com.kms.katalon.core.webui.common.WebUiCommonHelper.findWebElement(WebUiCommonHelper.java:1368)
	at com.kms.katalon.core.webui.keyword.internal.WebUIAbstractKeyword.findWebElement(WebUIAbstractKeyword.groovy:27)
	at com.kms.katalon.core.webui.keyword.internal.WebUIAbstractKeyword.findWebElement(WebUIAbstractKeyword.groovy:26)
	at com.kms.katalon.core.webui.keyword.builtin.ClickKeyword$_click_closure1.doCall(ClickKeyword.groovy:66)
	at com.kms.katalon.core.webui.keyword.builtin.ClickKeyword$_click_closure1.call(ClickKeyword.groovy)
	at com.kms.katalon.core.webui.keyword.internal.WebUIKeywordMain.runKeyword(WebUIKeywordMain.groovy:20)
	... 19 more]]></system-out>
      <system-err><![CDATA[2021-01-29 17:44:57 - [TEST_SUITE][FAILED] - Oferta: Test Cases/Oferta/Test Przyciski - Podstron Oferta FAILED.
Reason:
com.kms.katalon.core.exception.StepFailedException: Unable to click on object 'Object Repository/SPY-OFERTA/Page_Aptekarska Szkoa Zarzdzania/div_Jak uzyska dostp do kursu' (Root cause: com.kms.katalon.core.exception.StepFailedException: Unable to click on object 'Object Repository/SPY-OFERTA/Page_Aptekarska Szkoa Zarzdzania/div_Jak uzyska dostp do kursu'
	at com.kms.katalon.core.webui.keyword.internal.WebUIKeywordMain.stepFailed(WebUIKeywordMain.groovy:64)
	at com.kms.katalon.core.webui.keyword.internal.WebUIKeywordMain.runKeyword(WebUIKeywordMain.groovy:26)
	at com.kms.katalon.core.webui.keyword.builtin.ClickKeyword.click(ClickKeyword.groovy:75)
	at com.kms.katalon.core.webui.keyword.builtin.ClickKeyword.execute(ClickKeyword.groovy:42)
	at com.kms.katalon.core.keyword.internal.KeywordExecutor.executeKeywordForPlatform(KeywordExecutor.groovy:73)
	at com.kms.katalon.core.webui.keyword.WebUiBuiltInKeywords.click(WebUiBuiltInKeywords.groovy:607)
	at com.kms.katalon.core.webui.keyword.WebUiBuiltInKeywords$click$6.call(Unknown Source)
	at Test Przyciski - Podstron Oferta.run(Test Przyciski - Podstron Oferta:32)
	at com.kms.katalon.core.main.ScriptEngine.run(ScriptEngine.java:194)
	at com.kms.katalon.core.main.ScriptEngine.runScriptAsRawText(ScriptEngine.java:119)
	at com.kms.katalon.core.main.TestCaseExecutor.runScript(TestCaseExecutor.java:398)
	at com.kms.katalon.core.main.TestCaseExecutor.doExecute(TestCaseExecutor.java:389)
	at com.kms.katalon.core.main.TestCaseExecutor.processExecutionPhase(TestCaseExecutor.java:368)
	at com.kms.katalon.core.main.TestCaseExecutor.accessMainPhase(TestCaseExecutor.java:360)
	at com.kms.katalon.core.main.TestCaseExecutor.execute(TestCaseExecutor.java:255)
	at com.kms.katalon.core.main.TestSuiteExecutor.accessTestCaseMainPhase(TestSuiteExecutor.java:203)
	at com.kms.katalon.core.main.TestSuiteExecutor.accessTestSuiteMainPhase(TestSuiteExecutor.java:152)
	at com.kms.katalon.core.main.TestSuiteExecutor.execute(TestSuiteExecutor.java:95)
	at com.kms.katalon.core.main.TestCaseMain.startTestSuite(TestCaseMain.java:157)
	at com.kms.katalon.core.main.TestCaseMain$startTestSuite$0.call(Unknown Source)
	at TempTestSuite1611938020794.run(TempTestSuite1611938020794.groovy:39)
Caused by: com.kms.katalon.core.webui.exception.WebElementNotFoundException: Web element with id: 'Object Repository/SPY-OFERTA/Page_Aptekarska Szkoa Zarzdzania/div_Jak uzyska dostp do kursu' located by '//div[@id='yui_3_17_2_1_1611925941179_31']/div[2]/div/h4/a/div' not found
	at com.kms.katalon.core.webui.common.WebUiCommonHelper.findWebElement(WebUiCommonHelper.java:1368)
	at com.kms.katalon.core.webui.keyword.internal.WebUIAbstractKeyword.findWebElement(WebUIAbstractKeyword.groovy:27)
	at com.kms.katalon.core.webui.keyword.internal.WebUIAbstractKeyword.findWebElement(WebUIAbstractKeyword.groovy:26)
	at com.kms.katalon.core.webui.keyword.builtin.ClickKeyword$_click_closure1.doCall(ClickKeyword.groovy:66)
	at com.kms.katalon.core.webui.keyword.builtin.ClickKeyword$_click_closure1.call(ClickKeyword.groovy)
	at com.kms.katalon.core.webui.keyword.internal.WebUIKeywordMain.runKeyword(WebUIKeywordMain.groovy:20)
	at com.kms.katalon.core.webui.keyword.builtin.ClickKeyword.click(ClickKeyword.groovy:75)
	at com.kms.katalon.core.webui.keyword.builtin.ClickKeyword.execute(ClickKeyword.groovy:42)
	at com.kms.katalon.core.keyword.internal.KeywordExecutor.executeKeywordForPlatform(KeywordExecutor.groovy:73)
	at com.kms.katalon.core.webui.keyword.WebUiBuiltInKeywords.click(WebUiBuiltInKeywords.groovy:607)
	at com.kms.katalon.core.webui.keyword.WebUiBuiltInKeywords$click$6.call(Unknown Source)
	at Script1611922635367.run(Script1611922635367.groovy:32)
	... 13 more
)
	at com.kms.katalon.core.keyword.internal.KeywordMain.stepFailed(KeywordMain.groovy:39)
	at com.kms.katalon.core.webui.keyword.internal.WebUIKeywordMain.stepFailed(WebUIKeywordMain.groovy:64)
	at com.kms.katalon.core.webui.keyword.internal.WebUIKeywordMain.runKeyword(WebUIKeywordMain.groovy:26)
	at com.kms.katalon.core.webui.keyword.builtin.ClickKeyword.click(ClickKeyword.groovy:75)
	at com.kms.katalon.core.webui.keyword.builtin.ClickKeyword.execute(ClickKeyword.groovy:42)
	at com.kms.katalon.core.keyword.internal.KeywordExecutor.executeKeywordForPlatform(KeywordExecutor.groovy:73)
	at com.kms.katalon.core.webui.keyword.WebUiBuiltInKeywords.click(WebUiBuiltInKeywords.groovy:607)
	at com.kms.katalon.core.webui.keyword.WebUiBuiltInKeywords$click$6.call(Unknown Source)
	at Test Przyciski - Podstron Oferta.run(Test Przyciski - Podstron Oferta:32)
	at com.kms.katalon.core.main.ScriptEngine.run(ScriptEngine.java:194)
	at com.kms.katalon.core.main.ScriptEngine.runScriptAsRawText(ScriptEngine.java:119)
	at com.kms.katalon.core.main.TestCaseExecutor.runScript(TestCaseExecutor.java:398)
	at com.kms.katalon.core.main.TestCaseExecutor.doExecute(TestCaseExecutor.java:389)
	at com.kms.katalon.core.main.TestCaseExecutor.processExecutionPhase(TestCaseExecutor.java:368)
	at com.kms.katalon.core.main.TestCaseExecutor.accessMainPhase(TestCaseExecutor.java:360)
	at com.kms.katalon.core.main.TestCaseExecutor.execute(TestCaseExecutor.java:255)
	at com.kms.katalon.core.main.TestSuiteExecutor.accessTestCaseMainPhase(TestSuiteExecutor.java:203)
	at com.kms.katalon.core.main.TestSuiteExecutor.accessTestSuiteMainPhase(TestSuiteExecutor.java:152)
	at com.kms.katalon.core.main.TestSuiteExecutor.execute(TestSuiteExecutor.java:95)
	at com.kms.katalon.core.main.TestCaseMain.startTestSuite(TestCaseMain.java:157)
	at com.kms.katalon.core.main.TestCaseMain$startTestSuite$0.call(Unknown Source)
	at TempTestSuite1611938020794.run(TempTestSuite1611938020794.groovy:39)
Caused by: com.kms.katalon.core.exception.StepFailedException: Unable to click on object 'Object Repository/SPY-OFERTA/Page_Aptekarska Szkoa Zarzdzania/div_Jak uzyska dostp do kursu'
	... 21 more
Caused by: com.kms.katalon.core.webui.exception.WebElementNotFoundException: Web element with id: 'Object Repository/SPY-OFERTA/Page_Aptekarska Szkoa Zarzdzania/div_Jak uzyska dostp do kursu' located by '//div[@id='yui_3_17_2_1_1611925941179_31']/div[2]/div/h4/a/div' not found
	at com.kms.katalon.core.webui.common.WebUiCommonHelper.findWebElement(WebUiCommonHelper.java:1368)
	at com.kms.katalon.core.webui.keyword.internal.WebUIAbstractKeyword.findWebElement(WebUIAbstractKeyword.groovy:27)
	at com.kms.katalon.core.webui.keyword.internal.WebUIAbstractKeyword.findWebElement(WebUIAbstractKeyword.groovy:26)
	at com.kms.katalon.core.webui.keyword.builtin.ClickKeyword$_click_closure1.doCall(ClickKeyword.groovy:66)
	at com.kms.katalon.core.webui.keyword.builtin.ClickKeyword$_click_closure1.call(ClickKeyword.groovy)
	at com.kms.katalon.core.webui.keyword.internal.WebUIKeywordMain.runKeyword(WebUIKeywordMain.groovy:20)
	... 19 more]]></system-err>
   </testsuite>
</testsuites>
